\BOOKMARK [1][-]{section.1}{Introduction}{}% 1
\BOOKMARK [1][-]{section.2}{Logic Language}{}% 2
\BOOKMARK [2][-]{subsection.2.1}{Objects}{section.2}% 3
\BOOKMARK [2][-]{subsection.2.2}{Predicates}{section.2}% 4
\BOOKMARK [3][-]{section*.1}{Dynamic predicates:}{subsection.2.2}% 5
\BOOKMARK [3][-]{section*.2}{Static predicates:}{subsection.2.2}% 6
\BOOKMARK [1][-]{section.3}{Sampling}{}% 7
\BOOKMARK [1][-]{section.4}{Results}{}% 8
\BOOKMARK [2][-]{subsection.4.1}{Two Pile Nim}{section.4}% 9
\BOOKMARK [3][-]{section*.3}{Task Description}{subsection.4.1}% 10
\BOOKMARK [3][-]{section*.4}{Features:}{subsection.4.1}% 11
\BOOKMARK [3][-]{section*.5}{Policy:}{subsection.4.1}% 12
\BOOKMARK [3][-]{section*.6}{Discussion}{subsection.4.1}% 13
\BOOKMARK [2][-]{subsection.4.2}{Checkmate Tactic}{section.4}% 14
\BOOKMARK [3][-]{section*.7}{Task Description}{subsection.4.2}% 15
\BOOKMARK [3][-]{section*.8}{Features:}{subsection.4.2}% 16
\BOOKMARK [3][-]{section*.9}{Policy:}{subsection.4.2}% 17
\BOOKMARK [3][-]{section*.10}{Discussion}{subsection.4.2}% 18
\BOOKMARK [2][-]{subsection.4.3}{Reach For The Star}{section.4}% 19
\BOOKMARK [3][-]{section*.11}{Task Description}{subsection.4.3}% 20
\BOOKMARK [3][-]{section*.12}{Features:}{subsection.4.3}% 21
\BOOKMARK [3][-]{section*.13}{Policy:}{subsection.4.3}% 22
\BOOKMARK [3][-]{section*.14}{Discussion}{subsection.4.3}% 23
\BOOKMARK [2][-]{subsection.4.4}{Chase}{section.4}% 24
\BOOKMARK [3][-]{section*.15}{Task Description}{subsection.4.4}% 25
\BOOKMARK [3][-]{section*.16}{Features:}{subsection.4.4}% 26
\BOOKMARK [3][-]{section*.17}{Policy:}{subsection.4.4}% 27
\BOOKMARK [3][-]{section*.18}{Discussion}{subsection.4.4}% 28
\BOOKMARK [2][-]{subsection.4.5}{Stop The Fall}{section.4}% 29
\BOOKMARK [3][-]{section*.19}{Task Description}{subsection.4.5}% 30
\BOOKMARK [3][-]{section*.20}{Features:}{subsection.4.5}% 31
\BOOKMARK [3][-]{section*.21}{Policy:}{subsection.4.5}% 32
\BOOKMARK [3][-]{section*.22}{Discussion}{subsection.4.5}% 33
