================================================================================
SLTP v.0.2.0
================================================================================
================================================================================
(pid: 93382) STARTING STEP #1: Train: Explore the state space of the training instances
================================================================================
------------------------------------------------
 DOMAIN PARAMETERS: 
------------------------------------------------
------------------------------------------------
domain_name: chase
use_player_as_feature: False
use_player_to_encode: False
use_next_player_as_feature: False
use_next_player_to_encode: False
use_margin_as_feature: False
map_cells: True
use_diagonals_for_map_cells: True
use_adjacency: {'row', 'cell', 'col'}
use_bidirectional: {}
sorts_to_use: {'row', 'cell', 'col'}
unary_predicates: {}
can_build_walls: False
ava_actions: {1: {4, 5, 6, 7}, 2: {0, 1, 2, 3}}
max_actions: {1: 1, 2: 1}
------------------------------------------------
------------------------------------------------
(START Episode 0)
------------------------------------------------
------------------------------------------------
(0) Exploration of the training sample:
------------------------------------------------
2021-05-31 17:56:33 INFO     Expanding train instance: chase - 0
#A.....#
#......#
#......#
#.....T#

------------------------------------------------
(0) Generation of the training sample:
------------------------------------------------
2021-05-31 17:56:33 INFO     sample: #states=250, #transition-entries=248, #transitions=248
2021-05-31 17:56:33 INFO     Entire sample: roots: 1, states: 250, transitions: 248 (234 optimal), goals: 50, alive: 200, deadends: 0
2021-05-31 17:56:33 INFO     Printing SAT transition matrix with 250 states, 54 states with some outgoing transition, 4 operators, 248 (non-det) transitions, and 320 (adv) transitions,
------------------------------------------------
(0) Generate the pool of candidate features:
------------------------------------------------
2021-05-31 17:56:33 INFO     Starting generation of feature pool. State sample used to detect redundancies: roots: 1, states: 250, transitions: 248 (234 optimal), goals: 50, alive: 200, deadends: 0
2021-05-31 17:56:33 INFO     Printing sample information to '/home/orbital/ws/research/gpl/code/gpl/workspace/chase_1/sample.io'
2021-05-31 17:56:33 INFO     Invoking C++ feature generation module
2021-05-31 17:56:33 INFO     Executing "/home/orbital/ws/research/gpl/code/gpl/src/generators/adv/featuregen --complexity-bound 5 --timeout 15000 --dist-complexity-bound 4 --cond-complexity-bound 0 --print-denotations --workspace /home/orbital/ws/research/gpl/code/gpl/workspace/chase_1" on directory "/home/orbital/ws/research/gpl/code/gpl/experiments"
reading '/home/orbital/ws/research/gpl/code/gpl/workspace/chase_1/transitions-info.io
BASIS: #concepts=17, #roles=3
ROLES: #roles=6
Generating concepts for k=1. Total concepts: 11 (2, 9, 0, 0, 0, 0)... 0 concepts generated, 3 pruned.
Generating concepts for k=2. Total concepts: 11 (2, 9, 0, 0, 0, 0)... 9 concepts generated, 48 pruned.
Generating concepts for k=3. Total concepts: 20 (2, 9, 9, 0, 0, 0)... 12 concepts generated, 126 pruned.
Generating concepts for k=4. Total concepts: 32 (2, 9, 9, 12, 0, 0)... 22 concepts generated, 308 pruned.
Generating concepts for k=5. Total concepts: 54 (2, 9, 9, 12, 22, 0)... 69 concepts generated, 363 pruned.
Total concepts: 123 (2, 9, 9, 12, 22, 69)... 
A total of 848 concepts were pruned
A total of 0 features were marked as goal-identifying
Generating cardinality features...
Generating distance features...
Traceback (most recent call last):
  File "/home/orbital/ws/research/gpl/code/gpl/experiments/run.py", line 44, in <module>
    do(args.exp_id, args.steps, args.workspace, args.show)
  File "/home/orbital/ws/research/gpl/code/gpl/experiments/run.py", line 40, in do
    experiment.run(steps)
  File "/home/orbital/ws/research/gpl/code/gpl/src/d2l/src/sltp/driver.py", line 204, in run
    run_and_check_output(step, stepnum, SubprocessStepRunner)
  File "/home/orbital/ws/research/gpl/code/gpl/src/d2l/src/sltp/driver.py", line 213, in run_and_check_output
    exitcode = runner.run(config=Bunch(step.config))
  File "/home/orbital/ws/research/gpl/code/gpl/src/d2l/src/sltp/driver.py", line 136, in run
    exitcode = self._run(config)
  File "/home/orbital/ws/research/gpl/code/gpl/src/d2l/src/sltp/driver.py", line 179, in _run
    exitcode = result.get()
  File "/usr/lib/python3.8/multiprocessing/pool.py", line 765, in get
    self.wait(timeout)
  File "/usr/lib/python3.8/multiprocessing/pool.py", line 762, in wait
    self._event.wait(timeout)
  File "/usr/lib/python3.8/threading.py", line 558, in wait
    signaled = self._cond.wait(timeout)
  File "/usr/lib/python3.8/threading.py", line 302, in wait
    waiter.acquire()
KeyboardInterrupt
Process ForkPoolWorker-1:
