================================================================================
SLTP v.0.2.0
================================================================================
================================================================================
(pid: 161748) STARTING STEP #1: Train: Explore the state space of the training instances
================================================================================
------------------------------------------------
 DOMAIN PARAMETERS: 
------------------------------------------------
------------------------------------------------
domain_name: checkmate_tactic
use_player_as_feature: True
use_player_to_encode: True
use_next_player_as_feature: False
use_next_player_to_encode: False
use_margin_as_feature: True
use_verbose_margin_as_feature: False
objects_to_ignore: set()
map_cells: True
use_diagonals_for_map_cells: True
use_adjacency: {'cell', 'col', 'row'}
use_distance_2: {}
use_distance_more_than_1: {}
use_bidirectional: {}
sorts_to_use: {'cell', 'col', 'row'}
n_moves: 1000
unary_predicates: {'black_has_action', 'check'}
game_version: 1
------------------------------------------------
------------------------------------------------
(START Episode 0)
------------------------------------------------
------------------------------------------------
(0) Exploration of the training sample:
------------------------------------------------
2021-06-09 22:06:24 INFO     Expanding train instance: checkmate_tactic - 1100
# .  .  .  .  .  . #
# .  .  .  .  .  . #
# .  .  .  .  .  k #
# .  .  .  K  .  . #
# .  .  R  .  .  . #
# .  .  .  .  .  . #

------------------------------------------------
(0) Generation of the training sample:
------------------------------------------------
2021-06-09 22:26:18 INFO     sample: #states=60604, #transition-entries=365724, #transitions=365724
2021-06-09 22:42:07 INFO     Entire sample: roots: 1, states: 60604, transitions: 365724 (207356 optimal), goals: 112, alive: 54840, deadends: 5652
2021-06-09 22:42:07 INFO     Printing SAT transition matrix with 60604 states, 19512 states with some outgoing transition, 580 operators, 365724 (non-det) transitions, and 126772 (adv) transitions,
------------------------------------------------
(0) Generate the pool of candidate features:
------------------------------------------------
2021-06-09 22:42:10 INFO     Starting generation of feature pool. State sample used to detect redundancies: roots: 1, states: 60604, transitions: 365724 (207356 optimal), goals: 112, alive: 54840, deadends: 5652
Process ForkPoolWorker-2:
Traceback (most recent call last):
  File "/home/orbital/ws/research/gpl/code/gpl/experiments/run.py", line 44, in <module>
    do(args.exp_id, args.steps, args.workspace, args.show)
  File "/home/orbital/ws/research/gpl/code/gpl/experiments/run.py", line 40, in do
    experiment.run(steps)
  File "/home/orbital/ws/research/gpl/code/gpl/src/d2l/src/sltp/driver.py", line 204, in run
    run_and_check_output(step, stepnum, SubprocessStepRunner)
  File "/home/orbital/ws/research/gpl/code/gpl/src/d2l/src/sltp/driver.py", line 213, in run_and_check_output
    exitcode = runner.run(config=Bunch(step.config))
  File "/home/orbital/ws/research/gpl/code/gpl/src/d2l/src/sltp/driver.py", line 136, in run
    exitcode = self._run(config)
  File "/home/orbital/ws/research/gpl/code/gpl/src/d2l/src/sltp/driver.py", line 179, in _run
    exitcode = result.get()
  File "/usr/lib/python3.8/multiprocessing/pool.py", line 765, in get
    self.wait(timeout)
  File "/usr/lib/python3.8/multiprocessing/pool.py", line 762, in wait
    self._event.wait(timeout)
  File "/usr/lib/python3.8/threading.py", line 558, in wait
    signaled = self._cond.wait(timeout)
  File "/usr/lib/python3.8/threading.py", line 302, in wait
    waiter.acquire()
KeyboardInterrupt
Traceback (most recent call last):
  File "/usr/lib/python3.8/multiprocessing/process.py", line 315, in _bootstrap
    self.run()
  File "/usr/lib/python3.8/multiprocessing/process.py", line 108, in run
    self._target(*self._args, **self._kwargs)
  File "/usr/lib/python3.8/multiprocessing/pool.py", line 114, in worker
    task = get()
  File "/usr/lib/python3.8/multiprocessing/queues.py", line 356, in get
    res = self._reader.recv_bytes()
  File "/usr/lib/python3.8/multiprocessing/connection.py", line 216, in recv_bytes
    buf = self._recv_bytes(maxlength)
  File "/usr/lib/python3.8/multiprocessing/connection.py", line 414, in _recv_bytes
    buf = self._recv(4)
  File "/usr/lib/python3.8/multiprocessing/connection.py", line 379, in _recv
    chunk = read(handle, remaining)
KeyboardInterrupt
