================================================================================
SLTP v.0.2.0
================================================================================
================================================================================
(pid: 81151) STARTING STEP #1: Train: Explore the state space of the training instances
================================================================================
------------------------------------------------
 DOMAIN PARAMETERS: 
------------------------------------------------
------------------------------------------------
domain_name: wumpus
use_player_as_feature: False
use_next_player_as_feature: False
map_cells: True
use_diagonals_for_map_cells: True
use_adjacency: {'cell'}
use_bidirectional: {}
sorts_to_use: {'cell'}
unary_predicates: {}
can_build_walls: False
wumpus_active: False
ava_actions: {1: {0, 1, 2, 3, 4, 5, 6, 7}, 2: {0, 1, 2, 3, 4, 5, 6, 7}}
max_actions: {1: 3, 2: 1}
------------------------------------------------
------------------------------------------------
(START Episode 0)
------------------------------------------------
------------------------------------------------
(0) Exploration of the training sample:
------------------------------------------------
2021-05-26 00:20:08 INFO     Expanding train instance: wumpus - 1
# A  .  . #
# *  .  G #
# W  .  * #

2021-05-26 00:20:08 INFO     Expanding train instance: wumpus - 6
# W  .  . #
# .  .  G #
# A  .  . #

------------------------------------------------
(0) Generation of the training sample:
------------------------------------------------
2021-05-26 00:20:08 INFO     sample: #states=59, #transition-entries=157, #transitions=157
2021-05-26 00:20:08 INFO     Entire sample: roots: 2, states: 59, transitions: 157 (59 optimal), goals: 8, alive: 47, deadends: 4
2021-05-26 00:20:08 INFO     Printing SAT transition matrix with 59 states, 35 states with some outgoing transition, 16 operators, 157 (non-det) transitions, and 76 (adv) transitions,
------------------------------------------------
(0) Generate the pool of candidate features:
------------------------------------------------
2021-05-26 00:20:08 INFO     Starting generation of feature pool. State sample used to detect redundancies: roots: 2, states: 59, transitions: 157 (59 optimal), goals: 8, alive: 47, deadends: 4
2021-05-26 00:20:08 INFO     Printing sample information to '/home/orbital/ws/research/gpl/code/gpl/workspace/wumpus_1/sample.io'
2021-05-26 00:20:08 INFO     Invoking C++ feature generation module
2021-05-26 00:20:08 INFO     Executing "/home/orbital/ws/research/gpl/code/gpl/src/generators/adv/featuregen --complexity-bound 5 --timeout 15000 --dist-complexity-bound 4 --cond-complexity-bound 0 --print-denotations --workspace /home/orbital/ws/research/gpl/code/gpl/workspace/wumpus_1" on directory "/home/orbital/ws/research/gpl/code/gpl/experiments"
reading '/home/orbital/ws/research/gpl/code/gpl/workspace/wumpus_1/transitions-info.io
BASIS: #concepts=8, #roles=1
ROLES: #roles=2
Generating concepts for k=1. Total concepts: 6 (2, 4, 0, 0, 0, 0)... 0 concepts generated, 3 pruned.
Generating concepts for k=2. Total concepts: 6 (2, 4, 0, 0, 0, 0)... 4 concepts generated, 20 pruned.
Generating concepts for k=3. Total concepts: 10 (2, 4, 4, 0, 0, 0)... 4 concepts generated, 30 pruned.
Generating concepts for k=4. Total concepts: 14 (2, 4, 4, 4, 0, 0)... 7 concepts generated, 61 pruned.
Generating concepts for k=5. Total concepts: 21 (2, 4, 4, 4, 7, 0)... 22 concepts generated, 49 pruned.
Total concepts: 43 (2, 4, 4, 4, 7, 22)... 
A total of 163 concepts were pruned
A total of 0 features were marked as goal-identifying
Generating cardinality features...
Generating distance features...
FEATURES: #features=25, #nullary=0, #boolean=7, #numerical=16, #distance=2, #conditional=0, #comparison=0
Printing concept, role and feature denotations to /home/orbital/ws/research/gpl/code/gpl/workspace/wumpus_1/*-denotations.io.txt
Serializing all concepts and features to:
	/home/orbital/ws/research/gpl/code/gpl/workspace/wumpus_1/serialized-concepts.io
	/home/orbital/ws/research/gpl/code/gpl/workspace/wumpus_1/serialized-features.io
2021-05-26 00:20:08 INFO     Reading feature denotation matrix from /home/orbital/ws/research/gpl/code/gpl/workspace/wumpus_1/feature-matrix.io
------------------------------------------------
(0) C++ CNF generation module:
------------------------------------------------
2021-05-26 00:20:08 INFO     Calling C++ MaxSAT module
2021-05-26 00:20:08 INFO     Executing "/home/orbital/ws/research/gpl/code/gpl/src/generators/adv/cnfgen --workspace /home/orbital/ws/research/gpl/code/gpl/workspace/wumpus_1 --v_slack 2 --distinguish-goals --initial-sample-size 20 --refinement-batch-size 50 --seed 0 --verbosity 1 --acyclicity topological --encodings_dir  --sampling_strategy full --optimal_steps 3 --consistency_bound 2 --n_features 2 --closed --maxsat_iter 10 --allow_bad_states" on directory "/home/orbital/ws/research/gpl/code/gpl/experiments"
Parsing training data... 
reading '/home/orbital/ws/research/gpl/code/gpl/workspace/wumpus_1/transitions-info.io
TransitionSample::read_dump: #states=59, #transitions=157, #transitions (adv)=76
reading '/home/orbital/ws/research/gpl/code/gpl/workspace/wumpus_1/feature-matrix.io
FeatureMatrix::read_dump: #states=59, #features=25
Done. Training sample: [states: 59, transitions: 157 (from alive state: 157), unsolvable: 4, goals: 8, unknowns: 0, features: 25, est. size: 0.00 MB.]
Sampling 20 alive states at random


###  STARTING ITERATION 1  ###
Sample [sz=59]: 58, 57, 56, 55, 54, 53, 52, 51, 50, 49, 48, 47, 46, 45, 44, 43, 42, 41, 40, 39, 38, 37, 36, 35, 34, 33, 32, 31, 30, 29, 28, 27, 26, 25, 24, 23, 22, 21, 20, 19, 18, 17, 16, 15, 14, 13, 12, 11, 10, 9, 8, 7, 6, 5, 4, 3, 2, 1, 0, 

Number of transitions/equivalence classes: 157/157
Number of necessarily bad transitions/classes: 0/0
Generating CNF encoding for 47 alive states, 157 alive-to-solvable and alive-to-dead transitions and 157 transition equivalence classes
A total of 417 variables were created
	Select(f): 25
	Good(s, a, s'): 157
	Bad(s): 47
	V(s, d): 188
Posting distinguishability constraints
A total of 23229 clauses were created
	Policy completeness [1]: 0
	Transition separation [5,6]: 21980
	V descending along good transitions [X]: 408
	V is total function within bounds [X]: 329
	Goal separation [X]: 376
	(Weighted) Select(f): 25
CNF [417 vars, 23229 clauses] generated in 0.27 sec.
Solution with cost 14 found in 0.02sec.

Num Good(s, a, s') selected: 51 (32.48%)
Num Bad(s) selected: 2 (4.26%)
Num selected features: 4 (16.00%)
Features: 
	0: Num[cell-has-pit] [k=1]
	1: Bool[cell-has-target_gold] [k=1]
	2: Bool[And(cell-has-agent,Exists(adjacent_cell,cell-has-target_gold))] [k=5]
	3: Bool[And(cell-has-agent,Exists(adjacent_cell,cell-has-wumpus))] [k=5]
Solution found in iteration #1 is correct!
DNF transition-classifier saved in /home/orbital/ws/research/gpl/code/gpl/workspace/wumpus_1/classifier.txt
Total times: Theory generation: 0.27, Solver: 0.02, TOTAL: 0.29
------------------------------------------------
(END Episode 0)
------------------------------------------------
================================================================================
END OF STEP #1: Train: Explore the state space of the training instances. 0.48 CPU sec - 41.98 MB
================================================================================
================================================================================
(pid: 81167) STARTING STEP #2: Testing of the D2L policy
================================================================================

POLICY:
Features (#: 4; total k: 12; max k = 5):
  (A) Num[cell-has-pit] [k=1]
  (B) Bool[cell-has-target_gold] [k=1]
  (C) Bool[And(cell-has-agent,Exists(adjacent_cell,cell-has-target_gold))] [k=5]
  (D) Bool[And(cell-has-agent,Exists(adjacent_cell,cell-has-wumpus))] [k=5]
Invariants: B>0
Policy:
  1. C>0 AND B>0 -> {A ·, B ↓, C ↓, D ·}
  2. C>0 AND D=0 AND B>0 -> {A ·, B ↓, C ↓, D ↑}
  3. C>0 AND D>0 AND B>0 -> {A ·, B ↓, C ↓, D ↓}, {A ·, B ↓, C ↓, D ·}
  4. C=0 AND D>0 AND B>0 AND A>0 -> {A ·, B ·, C ↑, D ·}
  5. C=0 AND D>0 AND B>0 AND A=0 -> {A ·, B ·, C ·, D ·}, {A ·, B ·, C ·, D ↓}, {A ·, B ·, C ↑, D ↓}
  6. C=0 AND D=0 AND B>0 AND A=0 -> {A ·, B ·, C ↑, D ·}
  7. C>0 AND B>0 AND A=0 -> {A ·, B ↓, C ↓, D ·}
  8. C>0 AND D=0 AND B>0 AND A>0 -> {A ·, B ↓, C ↓, D ·}
  9. C=0 AND B>0 AND A>0 -> {A ·, B ·, C ↑, D ·}

2021-05-26 00:20:08 INFO     Testing policy in instance: wumpus - 0
 A  .  .  .  #  .  A  .  .  #  .  .  .  .  #  .  .  .  .  #  .  .  .  .  #  .  .  .  .  #  .  .  .  .  #  .  .  .  .  #  .  .  .  .  #  .  .  .  .  #  .  .  .  .  #  .  .  .  .  #  .  .  .  .  #  .  .  .  .  #  .  .  .  .  #  .  .  .  .  # 
 *  .  .  *  #  *  .  .  *  #  *  A  .  *  #  *  .  .  *  #  *  .  .  *  #  *  A  .  *  #  *  .  .  *  #  *  .  .  *  #  *  .  .  *  #  *  .  .  *  #  *  .  .  *  #  *  .  .  *  #  *  .  .  *  #  *  A  .  *  #  *  .  A  *  #  *  .  .  *  # 
 .  .  *  g  #  .  .  *  g  #  .  .  *  g  #  .  A  *  g  #  .  A  *  g  #  .  .  *  g  #  A  .  *  g  #  .  .  *  G  #  .  .  *  G  #  A  .  *  G  #  .  .  *  G  #  .  A  *  G  #  .  A  *  G  #  .  .  *  G  #  .  .  *  G  #  .  .  *  A  # 
 G  .  .  W  #  G  .  .  W  #  G  .  .  W  #  G  .  .  W  #  G  .  W  .  #  G  .  W  .  #  G  .  W  .  #  A  .  W  .  #  A  W  .  .  #  .  W  .  .  #  A  W  .  .  #  .  W  .  .  #  .  .  W  .  #  .  .  W  .  #  .  .  W  .  #  .  .  W  .  # 
1 (pl)         1 (pl)         1 (pl)         2 (pl)         1 (pl)         1 (pl)         1 (pl)         2 (pl)         1 (pl)         1 (pl)         1 (pl)         2 (pl)         1 (pl)         1 (pl)         1 (pl)         2 (pl)         
0 (nm)         1 (nm)         2 (nm)         3 (nm)         4 (nm)         5 (nm)         6 (nm)         7 (nm)         8 (nm)         9 (nm)         10 (nm)        11 (nm)        12 (nm)        13 (nm)        14 (nm)        15 (nm)        

2021-05-26 00:20:08 INFO     Goal found after expanding 12 nodes
2021-05-26 00:20:08 INFO     The solution was: [2, 1, 1, 0, 7, 1, 0, 1, 5, 0, 2, 6]
2021-05-26 00:20:08 INFO     Testing policy in instance: wumpus - 1
 A  .  .  #  .  A  .  #  .  .  .  # 
 *  .  G  #  *  .  G  #  *  .  A  # 
 W  .  *  #  W  .  *  #  W  .  *  # 
1 (pl)      1 (pl)      1 (pl)      
0 (nm)      1 (nm)      2 (nm)      

2021-05-26 00:20:08 INFO     Goal found after expanding 2 nodes
2021-05-26 00:20:08 INFO     The solution was: [2, 6]
2021-05-26 00:20:08 INFO     Testing policy in instance: wumpus - 2
 g  .  .  .  .  .  #  g  .  .  .  .  .  #  g  .  .  .  .  .  #  g  .  .  .  .  .  #  g  .  .  .  .  .  #  g  .  .  .  .  A  #  g  .  .  .  .  .  #  g  .  .  .  .  .  #  g  .  .  .  .  .  #  g  .  .  .  .  .  #  g  .  .  .  .  A  #  g  .  .  .  A  .  #  g  .  .  .  A  .  #  g  .  .  A  .  .  #  g  .  .  .  .  .  #  g  .  .  .  .  .  #  g  .  .  .  .  .  #  g  .  .  .  .  .  #  g  .  .  A  .  .  #  g  .  .  .  A  .  #  g  .  .  .  A  .  #  g  .  .  A  .  .  #  g  .  .  .  .  .  #  g  .  .  .  .  .  #  g  .  .  .  .  .  #  g  .  .  .  .  .  #  g  .  .  .  .  .  #  g  .  .  .  .  .  #  g  .  .  .  .  .  #  g  .  .  .  .  .  #  g  .  .  .  .  .  #  g  .  .  .  .  .  #  g  .  .  .  .  .  #  g  .  .  .  .  .  #  g  .  .  .  .  .  #  g  .  .  .  .  .  #  g  .  .  .  .  .  #  g  .  .  .  .  .  #  g  .  .  .  .  .  #  g  .  .  A  .  .  #  g  .  .  A  .  .  #  g  .  A  .  .  .  #  G  .  .  .  .  .  #  G  .  .  .  .  .  #  G  .  .  .  .  .  #  A  .  .  .  .  .  # 
 .  .  G  .  .  .  #  .  .  G  .  .  .  #  .  .  G  .  .  .  #  .  .  G  .  .  A  #  .  .  G  .  .  A  #  .  .  G  .  .  .  #  .  .  G  .  .  A  #  .  .  G  .  .  .  #  .  .  G  .  .  .  #  .  .  G  .  .  A  #  .  .  G  .  .  .  #  .  .  G  .  .  .  #  .  .  G  .  .  .  #  .  .  G  .  .  .  #  .  .  G  A  .  .  #  .  .  G  .  .  .  #  .  .  G  .  .  .  #  .  .  G  A  .  .  #  .  .  G  .  .  .  #  .  .  G  .  .  .  #  .  .  G  .  .  .  #  .  .  G  .  .  .  #  .  .  G  A  .  .  #  .  .  G  .  .  .  #  .  .  G  .  .  .  #  .  .  G  .  .  .  #  .  .  G  .  .  .  #  .  .  G  .  .  .  #  .  .  G  .  .  .  #  .  .  G  A  .  .  #  .  .  G  .  A  .  #  .  .  G  .  .  .  #  .  .  G  .  .  .  #  .  .  G  .  .  .  #  .  .  G  .  .  .  #  .  .  G  .  .  .  #  .  .  G  .  .  .  #  .  .  G  .  .  .  #  .  .  G  A  .  .  #  .  .  G  .  .  .  #  .  .  G  .  .  .  #  .  .  G  .  .  .  #  .  .  A  .  .  .  #  .  A  .  .  .  .  #  .  A  .  .  .  .  #  .  .  .  .  .  .  # 
 .  .  *  .  .  .  #  .  .  *  .  .  .  #  .  .  *  .  .  A  #  .  .  *  .  .  .  #  .  .  *  .  .  .  #  .  .  *  .  .  .  #  .  .  *  .  .  .  #  .  .  *  .  .  A  #  .  .  *  .  .  A  #  .  .  *  .  .  .  #  .  .  *  .  .  .  #  .  .  *  .  .  .  #  .  .  *  .  .  .  #  .  .  *  .  .  .  #  .  .  *  .  .  .  #  .  .  *  A  .  .  #  .  .  *  A  .  .  #  .  .  *  .  .  .  #  .  .  *  .  .  .  #  .  .  *  .  .  .  #  .  .  *  .  .  .  #  .  .  *  .  .  .  #  .  .  *  .  .  .  #  .  .  *  A  .  .  #  .  .  *  A  .  .  #  .  .  *  .  .  .  #  .  .  *  A  .  .  #  .  .  *  .  A  .  #  .  .  *  .  A  .  #  .  .  *  .  .  .  #  .  .  *  .  .  .  #  .  .  *  A  .  .  #  .  .  *  A  .  .  #  .  .  *  .  .  .  #  .  .  *  A  .  .  #  .  .  *  .  A  .  #  .  .  *  .  A  .  #  .  .  *  A  .  .  #  .  .  *  .  .  .  #  .  .  *  .  .  .  #  .  .  *  .  .  .  #  .  .  *  .  .  .  #  .  .  *  .  .  .  #  .  .  *  .  .  .  #  .  .  *  .  .  .  #  .  .  *  .  .  .  # 
 *  .  .  .  .  .  #  *  .  .  .  .  A  #  *  .  .  .  .  .  #  *  .  .  .  .  .  #  W  .  .  .  .  .  #  W  .  .  .  .  .  #  W  .  .  .  .  .  #  W  .  .  .  .  .  #  .  W  .  .  .  .  #  .  W  .  .  .  .  #  .  W  .  .  .  .  #  .  W  .  .  .  .  #  W  .  .  .  .  .  #  W  .  .  .  .  .  #  W  .  .  .  .  .  #  W  .  .  .  .  .  #  .  .  .  .  .  .  #  .  .  .  .  .  .  #  .  .  .  .  .  .  #  .  .  .  .  .  .  #  .  .  .  .  .  .  #  .  .  .  .  .  .  #  .  .  .  .  .  .  #  .  .  .  .  .  .  #  .  .  .  .  .  .  #  .  .  .  A  .  .  #  .  .  .  .  .  .  #  .  .  .  .  .  .  #  W  .  .  .  .  .  #  W  .  .  .  .  .  #  W  .  .  .  .  .  #  W  .  .  .  .  .  #  .  .  .  .  .  .  #  .  .  .  A  .  .  #  .  .  .  .  .  .  #  .  .  .  .  .  .  #  .  W  .  .  .  .  #  .  W  .  .  .  .  #  .  W  .  .  .  .  #  .  W  .  .  .  .  #  .  .  .  .  .  .  #  .  .  .  .  .  .  #  .  .  .  .  .  .  #  .  .  .  .  .  .  #  .  .  .  .  .  .  #  .  .  .  .  .  .  # 
 W  .  .  .  *  A  #  W  .  .  .  *  .  #  W  .  .  .  *  .  #  W  .  .  .  *  .  #  .  .  .  .  *  .  #  .  .  .  .  *  .  #  .  .  .  .  *  .  #  .  .  .  .  *  .  #  .  .  .  .  *  .  #  .  .  .  .  *  .  #  .  .  .  .  *  .  #  .  .  .  .  *  .  #  .  .  .  .  *  .  #  .  .  .  .  *  .  #  .  .  .  .  *  .  #  .  .  .  .  *  .  #  W  .  .  .  *  .  #  W  .  .  .  *  .  #  W  .  .  .  *  .  #  W  .  .  .  *  .  #  .  W  .  .  *  .  #  .  W  .  .  *  .  #  .  W  .  .  *  .  #  .  W  .  .  *  .  #  W  .  .  .  *  .  #  W  .  .  .  *  .  #  W  .  .  .  *  .  #  W  .  .  .  *  .  #  .  .  .  .  *  .  #  .  .  .  .  *  .  #  .  .  .  .  *  .  #  .  .  .  .  *  .  #  .  W  .  .  *  .  #  .  W  .  .  *  .  #  .  W  .  .  *  .  #  .  W  .  .  *  .  #  .  .  .  .  *  .  #  .  .  .  .  *  .  #  .  .  .  .  *  .  #  .  .  .  .  *  .  #  W  .  .  .  *  .  #  W  .  .  .  *  .  #  W  .  .  .  *  .  #  W  .  .  .  *  .  #  .  W  .  .  *  .  #  .  W  .  .  *  .  # 
 .  .  .  .  .  .  #  .  .  .  .  .  .  #  .  .  .  .  .  .  #  .  .  .  .  .  .  #  .  .  .  .  .  .  #  .  .  .  .  .  .  #  .  .  .  .  .  .  #  .  .  .  .  .  .  #  .  .  .  .  .  .  #  .  .  .  .  .  .  #  .  .  .  .  .  .  #  .  .  .  .  .  .  #  .  .  .  .  .  .  #  .  .  .  .  .  .  #  .  .  .  .  .  .  #  .  .  .  .  .  .  #  .  .  .  .  .  .  #  .  .  .  .  .  .  #  .  .  .  .  .  .  #  .  .  .  .  .  .  #  .  .  .  .  .  .  #  .  .  .  .  .  .  #  .  .  .  .  .  .  #  .  .  .  .  .  .  #  .  .  .  .  .  .  #  .  .  .  .  .  .  #  .  .  .  .  .  .  #  .  .  .  .  .  .  #  .  .  .  .  .  .  #  .  .  .  .  .  .  #  .  .  .  .  .  .  #  .  .  .  .  .  .  #  .  .  .  .  .  .  #  .  .  .  .  .  .  #  .  .  .  .  .  .  #  .  .  .  .  .  .  #  .  .  .  .  .  .  #  .  .  .  .  .  .  #  .  .  .  .  .  .  #  .  .  .  .  .  .  #  .  .  .  .  .  .  #  .  .  .  .  .  .  #  .  .  .  .  .  .  #  .  .  .  .  .  .  #  .  .  .  .  .  .  #  .  .  .  .  .  .  # 
1 (pl)               1 (pl)               1 (pl)               2 (pl)               1 (pl)               1 (pl)               1 (pl)               2 (pl)               1 (pl)               1 (pl)               1 (pl)               2 (pl)               1 (pl)               1 (pl)               1 (pl)               2 (pl)               1 (pl)               1 (pl)               1 (pl)               2 (pl)               1 (pl)               1 (pl)               1 (pl)               2 (pl)               1 (pl)               1 (pl)               1 (pl)               2 (pl)               1 (pl)               1 (pl)               1 (pl)               2 (pl)               1 (pl)               1 (pl)               1 (pl)               2 (pl)               1 (pl)               1 (pl)               1 (pl)               2 (pl)               1 (pl)               1 (pl)               1 (pl)               2 (pl)               1 (pl)               1 (pl)               
0 (nm)               1 (nm)               2 (nm)               3 (nm)               4 (nm)               5 (nm)               6 (nm)               7 (nm)               8 (nm)               9 (nm)               10 (nm)              11 (nm)              12 (nm)              13 (nm)              14 (nm)              15 (nm)              16 (nm)              17 (nm)              18 (nm)              19 (nm)              20 (nm)              21 (nm)              22 (nm)              23 (nm)              24 (nm)              25 (nm)              26 (nm)              27 (nm)              28 (nm)              29 (nm)              30 (nm)              31 (nm)              32 (nm)              33 (nm)              34 (nm)              35 (nm)              36 (nm)              37 (nm)              38 (nm)              39 (nm)              40 (nm)              41 (nm)              42 (nm)              43 (nm)              44 (nm)              45 (nm)              

2021-05-26 00:20:08 INFO     Goal found after expanding 34 nodes
2021-05-26 00:20:08 INFO     The solution was: [0, 0, 0, 0, 1, 1, 0, 0, 3, 3, 1, 1, 0, 0, 2, 3, 1, 1, 1, 0, 2, 3, 2, 4, 1, 0, 2, 3, 0, 0, 3, 1, 3, 4]
2021-05-26 00:20:08 INFO     Testing policy in instance: wumpus - 3
 .  .  .  .  .  .  .  .  #  .  A  .  .  .  .  .  .  #  .  .  .  .  .  .  .  .  #  .  .  .  .  .  .  .  .  #  .  .  .  .  .  .  .  .  #  .  .  .  .  .  .  .  .  #  .  A  .  .  .  .  .  .  #  .  .  .  .  .  .  .  .  #  .  .  .  .  .  .  .  .  #  .  .  A  .  .  .  .  .  #  .  .  .  .  .  .  .  .  #  .  .  .  .  .  .  .  .  #  .  .  .  .  .  .  .  .  #  .  .  .  .  .  .  .  .  #  .  .  A  .  .  .  .  .  #  .  .  .  A  .  .  .  .  #  .  .  .  A  .  .  .  .  #  .  .  .  .  .  .  .  .  #  .  .  .  A  .  .  .  .  #  .  .  .  .  A  .  .  .  #  .  .  .  .  A  .  .  .  #  .  .  .  .  .  .  .  .  #  .  .  .  .  A  .  .  .  #  .  .  .  .  .  A  .  .  #  .  .  .  .  .  A  .  .  #  .  .  .  .  .  .  .  .  #  .  .  .  .  .  A  .  .  #  .  .  .  .  .  .  A  .  #  .  .  .  .  .  .  A  .  #  .  .  .  .  .  .  .  .  #  .  .  .  .  .  .  A  .  #  .  .  .  .  .  .  .  A  #  .  .  .  .  .  .  .  A  #  .  .  .  .  .  .  .  .  #  .  .  .  .  .  .  .  A  #  .  .  .  .  .  .  A  .  #  .  .  .  .  .  .  A  .  #  .  .  .  .  .  .  .  .  #  .  .  .  .  .  .  A  .  #  .  .  .  .  .  .  .  A  #  .  .  .  .  .  .  .  A  #  .  .  .  .  .  .  .  .  #  .  .  .  .  .  .  .  A  #  .  .  .  .  .  .  A  .  #  .  .  .  .  .  .  A  .  #  .  .  .  .  .  .  .  .  #  .  .  .  .  .  .  A  .  #  .  .  .  .  .  .  .  A  #  .  .  .  W  .  .  .  A  #  .  .  .  W  .  .  .  .  #  .  .  .  W  .  .  .  A  #  .  .  .  W  .  .  A  .  #  .  .  .  .  .  .  A  .  #  .  .  .  .  .  .  .  .  #  .  .  .  .  .  .  A  .  #  .  .  .  .  .  .  .  A  #  .  .  .  .  .  .  .  A  #  .  .  .  .  .  .  .  .  #  .  .  .  .  .  .  .  A  #  .  .  .  .  .  .  A  .  #  .  .  .  .  .  .  A  .  #  .  .  .  .  .  .  .  .  #  .  .  .  .  .  .  A  .  #  .  .  .  .  .  .  .  A  #  .  .  .  .  .  .  .  A  #  .  .  .  .  .  .  .  .  #  .  .  .  .  .  .  .  A  #  .  .  .  .  .  .  A  .  #  .  .  .  .  .  .  A  .  #  .  .  .  .  .  .  .  .  #  .  .  .  .  .  .  A  .  #  .  .  .  .  .  .  .  A  #  .  .  .  .  .  .  .  A  #  .  .  .  .  .  .  .  .  #  .  .  .  .  .  .  .  .  #  .  .  .  .  .  .  .  .  #  .  .  .  .  .  .  .  .  #  .  .  .  .  .  .  .  .  #  .  .  .  .  .  .  .  .  #  .  .  .  .  .  .  A  .  #  .  .  .  .  .  .  A  .  #  .  .  .  .  .  A  .  .  #  .  .  .  .  .  .  .  .  #  .  .  .  .  .  .  .  .  #  .  .  .  .  .  .  .  .  #  .  .  .  .  .  .  .  .  #  .  .  .  .  .  A  .  .  #  .  .  .  .  .  .  A  .  #  .  .  .  .  .  .  A  .  #  .  .  .  .  .  .  .  .  #  .  .  .  .  .  .  .  .  #  .  .  .  .  .  .  .  .  #  .  .  .  .  .  .  .  .  #  .  .  .  .  .  .  .  .  #  .  .  .  .  .  .  .  .  #  .  .  .  .  .  .  .  A  #  .  .  .  .  .  .  .  A  #  .  .  .  .  .  .  .  .  #  .  .  .  .  .  .  .  A  #  .  .  .  .  .  .  A  .  #  .  .  .  .  .  .  A  .  #  .  .  .  .  .  .  .  .  #  .  .  .  .  .  .  A  .  #  .  .  .  .  .  .  .  A  #  .  .  .  .  .  .  .  A  #  .  .  .  .  .  .  .  .  #  .  .  .  .  .  .  .  .  #  .  .  .  .  .  .  .  .  #  .  .  .  .  .  .  .  .  #  .  .  .  .  .  .  .  .  #  .  .  .  .  .  .  .  .  #  .  .  .  .  .  .  A  .  #  .  .  .  .  .  .  A  .  #  .  .  .  .  .  A  .  .  #  .  .  .  .  .  .  .  .  #  .  .  .  .  .  .  .  .  #  .  .  .  .  .  .  .  .  #  .  .  .  .  .  .  .  .  #  .  .  .  .  .  A  .  .  #  .  .  .  .  .  .  A  .  #  .  .  .  .  .  .  A  .  #  .  .  .  .  .  .  .  .  #  .  .  .  .  .  .  .  .  #  .  .  .  .  .  .  .  .  #  .  .  .  .  .  .  .  .  #  .  .  .  .  .  .  .  .  #  .  .  .  .  .  .  .  .  #  .  .  .  .  .  .  .  A  #  .  .  .  .  .  .  .  A  #  .  .  .  .  .  .  .  .  #  .  .  .  .  .  .  .  A  #  .  .  .  .  .  .  A  .  #  .  .  .  .  .  .  A  .  #  .  .  .  .  .  .  .  .  #  .  .  .  .  .  .  A  .  #  .  .  .  .  .  .  .  A  #  .  .  .  .  .  .  .  A  #  .  .  .  .  .  .  .  .  #  .  .  .  .  .  .  .  A  #  .  .  .  .  .  .  A  .  #  .  .  .  .  .  .  A  .  #  .  .  .  .  .  .  .  .  #  .  .  .  .  .  .  A  .  #  .  .  .  .  .  .  .  A  #  .  .  .  .  .  .  .  A  #  .  .  .  .  .  .  .  .  #  .  .  .  .  .  .  .  A  #  .  .  .  .  .  .  A  .  #  .  .  .  .  .  .  A  .  #  .  .  .  .  .  .  .  .  #  .  .  .  .  .  .  A  .  #  .  .  .  .  .  .  .  A  #  .  .  .  .  .  .  .  A  #  .  .  .  .  .  .  .  .  #  .  .  .  .  .  .  .  A  #  .  .  .  .  .  .  A  .  #  .  .  .  .  .  .  A  .  #  .  .  .  .  .  A  .  .  #  .  .  .  .  .  .  .  .  #  .  .  .  .  .  .  .  .  #  .  .  .  .  .  .  .  .  #  .  .  .  .  .  .  .  .  #  .  .  .  .  .  A  .  .  #  .  .  .  .  .  .  A  .  #  .  .  .  .  .  .  A  .  #  .  .  .  .  .  .  .  .  #  .  .  .  .  .  .  .  .  #  .  .  .  .  .  .  .  .  #  .  .  .  .  .  .  .  .  #  .  .  .  .  .  .  .  .  #  .  .  .  .  .  .  .  .  #  .  .  .  .  .  .  .  A  #  .  .  .  .  .  .  .  A  #  .  .  .  .  .  .  .  .  #  .  .  .  .  .  .  .  .  #  .  .  .  .  .  .  .  .  #  .  .  .  .  .  .  .  .  #  .  .  .  .  .  .  .  .  #  .  .  .  .  .  .  .  .  #  .  .  .  .  .  .  .  .  #  .  .  .  .  .  .  .  .  #  .  .  .  .  .  .  .  .  #  .  .  .  .  .  .  .  .  #  .  .  .  .  .  .  .  .  #  .  .  .  .  .  .  .  .  #  .  .  .  .  .  .  .  .  #  .  .  .  .  .  .  .  .  #  .  .  .  .  .  .  .  .  #  .  .  .  .  .  .  .  .  #  .  .  .  .  .  .  .  .  #  .  .  .  .  .  .  .  .  #  .  .  .  .  .  .  .  .  #  .  .  .  .  .  .  .  .  #  .  .  .  .  .  .  A  .  #  .  .  .  .  .  .  .  .  #  .  .  .  .  .  .  .  .  #  .  .  .  .  .  .  .  .  #  .  .  .  .  .  .  .  .  #  .  .  .  .  .  .  A  .  #  .  .  .  .  .  .  .  A  #  .  .  .  .  .  .  .  A  #  .  .  .  .  .  .  .  .  #  .  .  .  .  .  .  .  A  #  .  .  .  .  .  .  A  .  #  .  .  .  .  .  .  A  .  #  .  .  .  .  .  .  .  .  #  .  .  .  .  .  .  A  .  #  .  .  .  .  .  .  .  A  #  .  .  .  .  .  .  .  A  #  .  .  .  .  .  .  .  .  #  .  .  .  .  .  .  .  .  #  .  .  .  .  .  .  .  .  #  .  .  .  .  .  .  .  .  #  .  .  .  .  .  .  .  .  #  .  .  .  .  .  .  .  .  #  .  .  .  .  .  .  .  A  #  .  .  .  .  .  .  .  A  #  .  .  .  .  .  .  .  .  #  .  .  .  .  .  .  .  A  #  .  .  .  .  .  .  A  .  #  .  .  .  .  .  .  A  .  #  .  .  .  .  .  .  .  .  #  .  .  .  .  .  .  A  .  #  .  .  .  .  .  .  .  A  #  .  .  .  .  .  W  .  A  #  .  .  .  .  .  W  .  .  #  .  .  .  .  .  W  .  A  #  .  .  .  .  .  W  A  .  #  .  .  .  .  .  .  A  .  #  .  .  .  .  .  A  .  .  #  .  .  .  .  A  .  .  .  #  .  .  .  .  .  .  .  .  #  .  .  .  .  W  .  .  .  #  .  .  .  .  W  .  .  .  #  .  .  .  .  W  .  .  .  #  .  .  .  .  W  .  .  .  #  .  .  .  .  .  .  .  .  # 
 .  A  .  .  .  .  .  .  #  .  .  .  .  .  .  .  .  #  .  A  .  .  .  .  .  .  #  .  .  .  .  .  .  .  .  #  .  .  .  .  .  .  .  .  #  .  A  .  .  .  .  .  .  #  .  .  .  .  .  .  .  .  #  .  .  A  .  .  .  .  .  #  .  .  A  .  .  .  .  .  #  .  .  .  .  .  .  .  .  #  .  .  A  .  .  .  .  .  #  .  .  .  .  .  .  .  .  #  .  .  .  .  .  .  .  .  #  .  .  A  .  .  .  .  .  #  .  .  .  .  .  .  .  .  #  .  .  .  .  .  .  .  .  #  .  .  .  .  .  .  .  .  #  .  .  .  A  .  .  .  .  #  .  .  .  .  .  .  .  .  #  .  .  .  .  .  .  .  .  #  .  .  .  .  .  .  .  .  #  .  .  .  .  A  .  .  .  #  .  .  .  .  .  .  .  .  #  .  .  .  .  .  .  .  .  #  .  .  .  .  .  .  .  .  #  .  .  .  .  .  A  .  .  #  .  .  .  .  .  .  .  .  #  .  .  .  .  .  .  .  .  #  .  .  .  .  .  .  .  .  #  .  .  .  .  .  .  A  .  #  .  .  .  .  .  .  .  .  #  .  .  .  .  .  .  .  .  #  .  .  .  .  .  .  .  .  #  .  .  .  .  .  .  .  A  #  .  .  .  .  .  .  .  .  #  .  .  .  .  .  .  .  .  #  .  W  .  .  .  .  .  .  #  .  W  .  .  .  .  A  .  #  .  W  .  .  .  .  .  .  #  .  W  .  .  .  .  .  .  #  .  .  .  .  .  .  .  .  #  .  .  .  .  .  .  .  A  #  .  .  .  .  .  .  .  .  #  .  .  .  .  .  .  .  .  #  .  .  W  .  .  .  .  .  #  .  .  W  .  .  .  A  .  #  .  .  W  .  .  .  .  .  #  .  .  W  .  .  .  .  .  #  .  .  .  .  .  .  .  .  #  .  .  .  .  .  .  .  A  #  .  .  .  .  .  .  .  .  #  .  .  .  .  .  .  .  .  #  .  .  .  .  W  .  .  .  #  .  .  .  .  W  .  A  .  #  .  .  .  .  W  .  .  .  #  .  .  .  .  W  .  .  .  #  .  .  .  .  .  .  .  .  #  .  .  .  .  .  .  .  A  #  .  .  .  .  .  .  .  .  #  .  .  .  .  .  .  .  .  #  .  .  .  .  .  .  .  .  #  .  .  .  .  .  .  A  .  #  .  .  .  .  .  .  .  .  #  .  .  .  .  .  .  .  .  #  .  .  .  .  .  .  .  .  #  .  .  .  .  .  .  .  A  #  .  .  .  .  .  .  .  .  #  .  .  .  .  .  .  .  .  #  .  .  .  .  .  .  .  .  #  .  .  .  .  .  .  A  .  #  .  .  .  .  .  .  .  .  #  .  .  .  .  .  .  .  .  #  .  .  .  .  .  .  .  .  #  .  .  .  .  .  .  A  .  #  .  .  .  .  .  .  .  .  #  .  .  .  .  .  .  .  .  #  .  .  .  .  .  .  .  .  #  .  .  .  .  .  .  .  .  #  .  .  .  .  .  .  A  .  #  .  .  .  .  .  .  .  .  #  .  .  .  .  .  .  .  .  #  .  .  .  .  .  .  .  .  #  .  .  .  .  .  A  .  .  #  .  .  .  .  .  .  .  .  #  .  .  .  .  .  .  .  .  #  .  .  .  .  .  A  .  .  #  .  .  .  .  .  .  .  .  #  .  .  .  .  .  .  .  .  #  .  .  .  .  .  .  .  .  #  .  .  .  .  .  .  .  A  #  .  .  .  .  .  .  .  .  #  .  .  .  .  .  .  .  .  #  .  .  .  .  .  .  .  .  #  .  .  .  .  .  .  .  .  #  .  .  .  .  .  .  .  A  #  .  .  .  .  .  .  .  .  #  .  .  .  .  .  .  .  .  #  .  .  .  .  .  .  .  A  #  .  .  .  .  .  .  .  .  #  .  .  .  .  .  .  .  .  #  .  .  .  .  .  .  .  .  #  .  .  .  .  .  .  A  .  #  .  .  .  .  .  .  .  .  #  .  .  .  .  .  .  .  .  #  .  .  .  .  .  .  .  .  #  .  .  .  .  .  .  A  .  #  .  .  .  .  .  .  .  .  #  .  .  .  .  .  .  .  .  #  .  .  .  .  .  .  .  .  #  .  .  .  .  .  .  .  .  #  .  .  .  .  .  .  A  .  #  .  .  .  .  .  .  .  .  #  .  .  .  .  .  .  .  .  #  .  .  .  .  .  .  .  .  #  .  .  .  .  .  A  .  .  #  .  .  .  .  .  .  .  .  #  .  .  .  .  .  .  .  .  #  .  .  .  .  .  A  .  .  #  .  .  .  .  .  .  .  .  #  .  .  .  .  .  .  .  .  #  .  .  .  .  .  .  .  .  #  .  .  .  .  .  .  .  A  #  .  .  .  .  .  .  .  .  #  .  .  .  .  .  .  .  .  #  .  .  .  .  .  .  .  .  #  .  .  .  .  .  .  .  .  #  .  .  .  .  .  .  .  A  #  .  .  .  .  .  .  .  .  #  .  .  .  .  .  .  .  .  #  .  .  .  .  .  .  .  A  #  .  .  .  .  .  .  .  .  #  .  .  .  .  .  .  .  .  #  .  .  .  .  .  .  .  .  #  .  .  .  .  .  .  A  .  #  .  .  .  .  .  .  .  .  #  .  .  .  .  .  .  .  .  #  .  .  .  .  .  .  .  .  #  .  .  .  .  .  .  .  A  #  .  .  .  .  .  .  .  .  #  .  .  .  .  .  .  .  .  #  .  .  .  .  .  .  .  .  #  .  .  .  .  .  .  A  .  #  .  .  .  .  .  .  .  .  #  .  .  .  .  .  .  .  .  #  .  .  .  .  .  .  .  .  #  .  .  .  .  .  .  .  A  #  .  .  .  .  .  .  .  .  #  .  .  .  .  .  .  .  .  #  .  .  .  .  .  .  .  .  #  .  .  .  .  .  .  A  .  #  .  .  .  .  .  .  .  .  #  .  .  .  .  .  .  .  .  #  .  .  .  .  .  .  .  .  #  .  .  .  .  .  .  .  A  #  .  .  .  .  .  .  .  .  #  .  .  .  .  .  .  .  .  #  .  .  .  .  .  .  .  .  #  .  .  .  .  .  .  .  .  #  .  .  .  .  .  A  .  .  #  .  .  .  .  .  .  .  .  #  .  .  .  .  .  .  .  .  #  .  .  .  .  .  A  .  .  #  .  .  .  .  .  .  .  .  #  .  .  .  .  .  .  .  .  #  .  .  .  .  .  .  .  .  #  .  .  .  .  .  .  .  A  #  .  .  .  .  .  .  .  .  #  .  .  .  .  .  .  .  .  #  .  .  .  .  .  .  .  .  #  .  .  .  .  .  .  .  .  #  .  .  .  .  .  .  .  A  #  .  .  .  .  .  .  .  .  #  .  .  .  .  .  .  .  .  #  .  .  .  .  .  .  .  A  #  .  .  .  .  .  .  .  .  #  .  .  .  .  .  .  .  .  #  .  .  .  .  .  .  .  .  #  .  .  .  .  .  .  .  .  #  .  .  .  .  .  .  .  .  #  .  .  .  .  .  .  .  .  #  .  .  .  .  .  .  .  .  #  .  .  .  .  .  .  .  .  #  .  .  .  .  .  .  .  .  #  .  .  .  .  .  .  .  A  #  .  .  .  .  .  .  .  A  #  .  .  .  .  .  .  .  .  #  .  .  .  .  .  .  .  .  #  .  .  .  .  .  .  .  .  #  .  .  .  .  .  .  .  .  #  .  .  .  .  .  .  .  .  #  .  .  .  .  .  .  .  .  #  .  .  .  .  .  .  A  .  #  .  .  .  .  .  .  A  .  #  .  .  .  .  .  .  .  .  #  .  .  .  .  .  .  A  .  #  .  .  .  .  .  .  .  .  #  .  .  .  .  .  .  .  .  #  .  .  .  .  .  .  A  .  #  .  .  .  .  .  .  .  .  #  .  .  .  .  .  .  .  .  #  .  .  .  .  .  .  .  .  #  .  .  .  .  .  .  .  A  #  .  .  .  .  .  .  .  .  #  .  .  .  .  .  .  .  .  #  .  .  .  .  .  .  .  .  #  .  .  .  .  .  .  A  .  #  .  .  .  .  .  .  .  .  #  .  .  .  .  .  .  .  .  #  .  .  .  .  .  .  .  .  #  .  .  .  .  .  .  .  A  #  .  .  .  .  .  .  .  .  #  .  .  .  .  .  .  .  .  #  .  .  .  .  .  .  .  .  #  .  .  .  .  .  .  .  .  #  .  .  .  .  .  .  .  A  #  .  .  .  .  .  .  .  .  #  .  .  .  .  .  .  .  .  #  .  .  .  .  .  .  .  A  #  .  .  .  .  .  .  .  .  #  .  .  .  .  .  .  .  .  #  .  .  .  .  .  W  .  .  #  .  .  .  .  .  W  A  .  #  .  .  .  .  .  W  .  .  #  .  .  .  .  .  W  .  .  #  .  .  .  .  .  .  .  .  #  .  .  .  .  .  .  .  A  #  .  .  .  .  .  .  .  .  #  .  .  .  .  .  .  .  .  #  .  .  .  .  .  W  .  .  #  .  .  .  .  .  W  .  .  #  .  .  .  .  .  W  .  .  #  .  .  .  .  A  W  .  .  #  .  .  .  .  A  .  .  .  #  .  .  .  .  .  .  .  .  #  .  .  .  .  A  .  .  .  #  .  .  .  .  .  A  .  .  #  .  .  .  .  .  W  .  .  # 
 .  .  G  .  .  .  .  .  #  .  .  G  .  .  .  .  .  #  .  .  G  .  .  .  .  .  #  .  A  G  .  .  .  .  .  #  .  A  G  .  .  .  .  .  #  .  .  G  .  .  .  .  .  #  .  .  G  .  .  .  .  .  #  .  .  G  .  .  .  .  .  #  .  .  G  .  .  .  .  .  #  .  .  G  .  .  .  .  .  #  .  .  G  .  .  .  .  .  #  .  .  A  .  .  .  .  .  #  .  .  A  .  .  .  .  .  #  .  .  .  .  .  .  .  .  #  .  .  .  .  .  .  .  .  #  .  .  .  .  .  .  .  .  #  .  .  .  .  .  .  .  .  #  .  .  .  .  .  .  .  .  #  .  .  .  .  .  .  .  .  #  .  .  .  .  .  .  .  .  #  .  .  .  .  .  .  .  .  #  .  .  .  .  .  .  .  .  #  .  .  .  .  .  .  .  .  #  .  .  .  .  .  .  .  .  #  .  .  .  .  .  .  .  .  #  .  .  .  .  .  .  .  .  #  .  .  .  .  .  .  .  .  #  .  .  .  .  .  .  .  .  #  .  .  .  .  .  .  .  .  #  .  .  .  .  .  .  .  .  #  .  .  .  .  .  .  .  .  #  .  .  .  .  .  .  .  .  #  .  W  .  .  .  .  .  .  #  .  W  .  .  .  .  .  .  #  .  W  .  .  .  .  .  .  #  .  W  .  .  .  .  .  .  #  .  .  .  .  .  .  .  .  #  .  .  .  .  .  .  .  .  #  .  .  .  .  .  .  .  .  #  .  .  .  .  .  .  .  .  #  .  .  W  .  .  .  .  .  #  .  .  W  .  .  .  .  .  #  .  .  W  .  .  .  .  .  #  .  .  W  .  .  .  .  .  #  .  .  .  .  .  .  .  .  #  .  .  .  .  .  .  .  .  #  .  .  .  .  .  .  .  .  #  .  .  .  .  .  .  .  .  #  .  .  .  .  .  .  .  .  #  .  .  .  .  .  .  .  .  #  .  .  .  .  .  .  .  .  #  .  .  .  .  .  .  .  .  #  .  .  .  .  .  .  .  .  #  .  .  .  .  .  .  .  .  #  .  .  .  .  .  .  .  .  #  .  .  .  .  .  .  .  .  #  .  .  .  .  .  W  .  .  #  .  .  .  .  .  W  .  .  #  .  .  .  .  .  W  .  .  #  .  .  .  .  .  W  .  .  #  .  .  .  .  .  .  .  .  #  .  .  .  .  .  .  .  .  #  .  .  .  .  .  .  .  .  #  .  .  .  .  .  .  .  .  #  .  .  .  .  .  .  .  .  #  .  .  .  .  .  .  .  .  #  .  .  .  .  .  .  .  .  #  .  .  .  .  .  .  .  .  #  .  .  .  .  .  .  .  .  #  .  .  .  .  .  .  .  .  #  .  .  .  .  .  .  .  .  #  .  .  .  .  .  .  .  .  #  .  .  .  .  .  .  .  .  #  .  .  .  .  .  .  .  .  #  .  .  .  .  .  .  A  .  #  .  .  .  .  .  .  .  .  #  .  .  .  .  .  .  .  .  #  .  .  .  .  .  .  A  .  #  .  .  .  .  .  .  .  .  #  .  .  .  .  .  .  .  .  #  .  .  .  .  .  .  .  .  #  .  .  .  .  .  .  .  .  #  .  .  .  .  .  .  .  .  #  .  .  .  .  .  A  .  .  #  .  .  .  .  .  A  .  .  #  .  .  .  .  .  .  .  .  #  .  .  .  .  .  .  .  .  #  .  .  .  .  .  .  .  .  #  .  .  .  .  .  .  .  .  #  .  .  .  .  .  .  .  .  #  .  .  .  .  .  .  .  A  #  .  .  .  .  .  .  .  .  #  .  .  .  .  .  .  .  .  #  .  .  .  .  .  .  .  A  #  .  .  .  .  .  .  .  .  #  .  .  .  .  .  .  .  .  #  .  .  .  .  .  .  .  .  #  .  .  .  .  .  .  .  .  #  .  .  .  .  .  .  .  .  #  .  .  .  .  .  .  .  .  #  .  .  .  .  .  .  .  .  #  .  .  .  .  .  .  .  .  #  .  .  .  .  .  .  .  .  #  .  .  .  .  .  .  .  .  #  .  .  .  .  .  .  .  .  #  .  .  .  .  .  .  .  .  #  .  .  .  .  .  .  A  .  #  .  .  .  .  .  .  .  .  #  .  .  .  .  .  .  .  .  #  .  .  .  .  .  .  A  .  #  .  .  .  .  .  .  .  .  #  .  .  .  .  .  .  .  .  #  .  .  .  .  .  .  .  .  #  .  .  .  .  .  .  .  .  #  .  .  .  .  .  .  .  .  #  .  .  .  .  .  A  .  .  #  .  .  .  .  .  A  .  .  #  .  .  .  .  .  .  .  .  #  .  .  .  .  .  .  .  .  #  .  .  .  .  .  .  .  .  #  .  .  .  .  .  .  .  .  #  .  .  .  .  .  .  .  .  #  .  .  .  .  .  .  .  A  #  .  .  .  .  .  .  .  .  #  .  .  .  .  .  .  .  .  #  .  .  .  .  .  .  .  A  #  .  .  .  .  .  .  .  .  #  .  .  .  .  .  .  .  .  #  .  .  .  .  .  .  .  .  #  .  .  .  .  .  .  .  .  #  .  .  .  .  .  .  .  .  #  .  .  .  .  .  .  .  .  #  .  .  .  .  .  .  .  .  #  .  .  .  .  .  .  .  .  #  .  .  .  .  .  .  .  .  #  .  .  .  .  .  .  .  .  #  .  .  .  .  .  .  .  .  #  .  .  .  .  .  .  .  .  #  .  .  .  .  .  .  .  .  #  .  .  .  .  .  .  .  .  #  .  .  .  .  .  .  .  .  #  .  .  .  .  .  .  .  .  #  .  .  .  .  .  .  .  .  #  .  .  .  .  .  .  .  .  #  .  .  .  .  .  .  .  .  #  .  .  .  .  .  .  .  .  #  .  .  .  .  .  .  .  .  #  .  .  .  .  .  .  .  .  #  .  .  .  .  .  .  .  .  #  .  .  .  .  .  .  .  .  #  .  .  .  .  .  .  .  .  #  .  .  .  .  .  .  .  .  #  .  .  .  .  .  .  .  .  #  .  .  .  .  .  .  .  .  #  .  .  .  .  .  .  .  .  #  .  .  .  .  .  .  .  .  #  .  .  .  .  .  .  .  .  #  .  .  .  .  .  .  .  .  #  .  .  .  .  .  .  .  .  #  .  .  .  .  .  A  .  .  #  .  .  .  .  .  A  .  .  #  .  .  .  .  .  .  .  .  #  .  .  .  .  .  .  .  .  #  .  .  .  .  .  .  .  .  #  .  .  .  .  .  .  .  .  #  .  .  .  .  .  .  .  .  #  .  .  .  .  .  .  .  A  #  .  .  .  .  .  .  .  .  #  .  .  .  .  .  .  .  .  #  .  .  .  .  .  .  .  A  #  .  .  .  .  .  .  .  .  #  .  .  .  .  .  .  .  .  #  .  .  .  .  .  .  .  .  #  .  .  .  .  .  .  .  .  #  .  .  .  .  .  .  .  A  #  .  .  .  .  .  .  .  .  #  .  .  .  .  .  .  .  .  #  .  .  .  .  .  .  .  A  #  .  .  .  .  .  .  .  .  #  .  .  .  .  .  .  .  .  #  .  .  .  .  .  .  .  .  #  .  .  .  .  .  .  .  .  #  .  .  .  .  .  .  .  A  #  .  .  .  .  .  .  .  .  #  .  .  .  .  .  .  .  .  #  .  .  .  .  .  .  A  .  #  .  .  .  .  .  .  .  .  #  .  .  .  .  .  .  .  .  #  .  .  .  .  .  .  .  .  #  .  .  .  .  .  .  .  .  #  .  .  .  .  .  .  A  .  #  .  .  .  .  .  .  .  .  #  .  .  .  .  .  .  .  .  #  .  .  .  .  .  .  .  .  #  .  .  .  .  .  .  .  .  #  .  .  .  .  .  .  A  .  #  .  .  .  .  .  .  A  .  #  .  .  .  .  .  .  .  .  #  .  .  .  .  .  .  .  .  #  .  .  .  .  .  .  .  .  #  .  .  .  .  .  .  .  .  #  .  .  .  .  .  .  .  .  #  .  .  .  .  .  .  .  .  #  .  .  .  .  .  .  .  .  #  .  .  .  .  .  .  .  .  #  .  .  .  .  .  .  .  .  #  .  .  .  .  .  .  .  .  #  .  .  .  .  .  .  .  .  #  .  .  .  .  .  .  .  .  #  .  .  .  .  .  .  .  .  #  .  .  .  .  .  .  .  A  #  .  .  .  .  .  .  .  .  #  .  .  .  .  .  .  .  .  #  .  .  .  .  .  .  .  A  #  .  .  .  .  .  .  .  .  #  .  .  .  .  .  .  .  .  #  .  .  .  .  W  .  .  .  #  .  .  .  .  W  .  .  .  #  .  .  .  .  W  .  .  .  #  .  .  .  .  W  .  .  .  #  .  .  .  .  .  .  .  .  #  .  .  .  .  .  .  .  .  #  .  .  .  .  .  .  .  .  #  .  .  .  .  .  .  .  .  #  .  .  .  .  .  .  .  .  #  .  .  .  .  .  .  .  .  #  .  .  .  .  .  .  .  .  #  .  .  .  .  .  .  .  .  #  .  .  .  .  .  .  .  .  #  .  .  .  .  .  .  .  .  #  .  .  .  .  .  .  .  .  #  .  .  .  .  .  .  .  .  #  .  .  .  .  .  .  .  .  #  .  .  .  .  A  .  .  .  #  .  .  .  .  .  .  .  .  #  .  .  .  .  .  .  .  .  #  .  .  .  .  .  .  .  .  # 
 .  .  .  .  g  .  .  .  #  .  .  .  .  g  .  .  .  #  .  .  .  .  g  .  .  .  #  .  .  .  .  g  .  .  .  #  .  .  .  .  g  .  .  .  #  .  .  .  .  g  .  .  .  #  .  .  .  .  g  .  .  .  #  .  .  .  .  g  .  .  .  #  .  .  .  .  g  .  .  .  #  .  .  .  .  g  .  .  .  #  .  .  .  .  g  .  .  .  #  .  .  .  .  g  .  .  .  #  .  .  .  .  g  .  .  .  #  .  .  .  .  g  .  .  .  #  .  .  .  .  g  .  .  .  #  .  .  .  .  g  .  .  .  #  .  .  .  .  g  .  .  .  #  .  .  .  .  g  .  .  .  #  .  .  .  .  g  .  .  .  #  .  .  .  .  g  .  .  .  #  .  .  .  .  g  .  .  .  #  .  .  .  .  g  .  .  .  #  .  .  .  .  g  .  .  .  #  .  .  .  .  g  .  .  .  #  .  .  .  .  g  .  .  .  #  .  .  .  .  g  .  .  .  #  .  .  .  .  g  .  .  .  #  .  .  .  .  g  .  .  .  #  .  .  W  .  g  .  .  .  #  .  .  W  .  g  .  .  .  #  .  .  W  .  g  .  .  .  #  .  .  W  .  g  .  .  .  #  .  .  .  .  g  .  .  .  #  .  .  .  .  g  .  .  .  #  .  .  .  .  g  .  .  .  #  .  .  .  .  g  .  .  .  #  .  .  .  .  g  .  .  .  #  .  .  .  .  g  .  .  .  #  .  .  .  .  g  .  .  .  #  .  .  .  .  g  .  .  .  #  .  .  .  .  g  .  .  .  #  .  .  .  .  g  .  .  .  #  .  .  .  .  g  .  .  .  #  .  .  .  .  g  .  .  .  #  .  .  .  .  g  .  .  .  #  .  .  .  .  g  .  .  .  #  .  .  .  .  g  .  .  .  #  .  .  .  .  g  .  .  .  #  .  .  .  .  g  .  .  .  #  .  .  .  .  g  .  .  .  #  .  .  .  .  g  .  .  .  #  .  .  .  .  g  .  .  .  #  .  .  .  .  g  .  .  .  #  .  .  .  .  g  .  .  .  #  .  .  .  .  g  .  .  .  #  .  .  .  .  g  .  .  .  #  .  .  .  .  g  .  .  .  #  .  .  .  .  g  .  .  .  #  .  .  .  .  g  .  .  .  #  .  .  .  .  g  .  .  .  #  .  .  .  .  g  .  W  .  #  .  .  .  .  g  .  W  .  #  .  .  .  .  g  .  W  .  #  .  .  .  .  g  .  W  .  #  .  .  .  .  g  .  .  .  #  .  .  .  .  g  .  .  .  #  .  .  .  .  g  .  .  .  #  .  .  .  .  g  .  .  .  #  .  .  .  .  g  .  .  .  #  .  .  .  .  g  .  .  .  #  .  .  .  .  g  .  .  .  #  .  .  .  .  g  .  .  .  #  .  .  .  .  g  .  .  .  #  .  .  .  .  g  .  .  .  #  .  .  .  .  g  .  .  .  #  .  .  .  .  g  .  A  .  #  .  .  .  .  g  .  A  .  #  .  .  .  .  g  .  .  .  #  .  .  .  .  g  .  .  .  #  .  .  .  .  g  .  .  .  #  .  .  .  .  g  .  .  .  #  .  .  .  .  g  .  .  .  #  .  .  .  .  g  .  .  .  #  .  .  .  .  g  .  .  .  #  .  .  .  .  g  W  .  .  #  .  .  .  .  g  W  .  .  #  .  .  .  .  g  W  .  .  #  .  .  .  .  g  W  .  .  #  .  .  .  .  g  .  .  .  #  .  .  .  .  g  .  .  .  #  .  .  .  .  g  .  .  .  #  .  .  .  .  g  .  .  A  #  .  .  .  .  g  .  .  A  #  .  .  .  .  g  .  .  .  #  .  .  .  .  g  .  .  .  #  .  .  .  .  g  .  .  .  #  .  .  .  .  g  .  .  .  #  .  .  .  .  g  .  .  .  #  .  .  .  .  g  .  .  .  #  .  .  .  .  g  .  .  .  #  .  .  .  .  g  .  .  .  #  .  .  .  .  g  .  .  .  #  .  .  .  .  g  .  .  .  #  .  .  .  .  g  .  .  .  #  .  .  .  .  g  .  .  .  #  .  .  .  .  g  .  .  .  #  .  .  .  .  g  .  .  .  #  .  .  .  .  g  .  A  .  #  .  .  .  .  g  .  A  .  #  .  .  .  .  g  .  .  .  #  .  .  .  .  g  .  .  .  #  .  .  .  .  g  .  .  .  #  .  .  .  .  g  .  .  .  #  .  .  .  .  g  .  .  .  #  .  .  .  .  g  .  .  .  #  .  .  .  .  g  .  .  .  #  .  .  .  .  g  .  .  .  #  .  .  .  .  g  .  .  .  #  .  .  .  .  g  .  .  .  #  .  .  .  .  g  .  .  .  #  .  .  .  .  g  .  .  .  #  .  .  .  .  g  .  .  .  #  .  .  .  .  g  .  .  .  #  .  .  .  .  g  .  .  A  #  .  .  .  .  g  .  .  A  #  .  .  .  .  g  .  .  .  #  .  .  .  .  g  .  .  .  #  .  .  .  .  g  .  .  .  #  .  .  .  .  g  .  .  .  #  .  .  .  .  g  .  .  .  #  .  .  .  .  g  .  .  .  #  .  .  .  .  g  .  .  .  #  .  .  .  .  g  .  .  .  #  .  .  .  .  g  .  .  .  #  .  .  .  .  g  .  .  .  #  .  .  .  .  g  .  .  .  #  .  .  .  .  g  .  .  .  #  .  .  .  .  g  .  .  .  #  .  .  .  .  g  .  .  .  #  .  .  .  .  g  .  .  .  #  .  .  .  .  g  .  .  .  #  .  .  .  .  g  .  .  .  #  .  .  .  .  g  .  .  .  #  .  .  .  .  g  .  .  .  #  .  .  .  .  g  .  .  .  #  .  .  .  .  g  .  .  .  #  .  .  .  .  g  .  .  .  #  .  .  .  .  g  .  .  .  #  .  .  .  .  g  .  .  .  #  .  .  .  .  g  .  .  .  #  .  .  .  .  g  .  .  .  #  .  .  .  .  g  .  .  .  #  .  .  .  .  g  .  .  .  #  .  .  .  .  g  .  .  .  #  .  .  .  .  g  .  .  .  #  .  .  .  .  g  .  .  .  #  .  .  .  .  g  .  .  .  #  .  .  .  .  g  .  .  .  #  .  .  .  .  g  .  .  .  #  .  .  .  .  g  .  .  .  #  .  .  .  .  g  .  .  .  #  .  .  .  .  g  .  .  .  #  .  .  .  .  g  .  .  .  #  .  .  .  .  g  .  .  .  #  .  .  .  .  g  .  .  .  #  .  .  .  .  g  .  .  .  #  .  .  .  .  g  .  .  .  #  .  .  .  .  g  .  .  A  #  .  .  .  .  g  .  .  A  #  .  .  .  .  g  .  .  .  #  .  .  .  .  g  .  .  .  #  .  .  .  .  g  .  .  .  #  .  .  .  .  g  .  .  .  #  .  .  .  .  g  .  .  .  #  .  .  .  .  g  .  .  .  #  .  .  .  .  g  .  .  A  #  .  .  .  .  g  .  .  A  #  .  .  .  .  g  .  .  .  #  .  .  .  .  g  .  .  A  #  .  .  .  .  g  .  .  .  #  .  .  .  .  g  .  .  .  #  .  .  .  .  g  .  .  A  #  .  .  .  .  g  .  .  .  #  .  .  .  .  g  .  .  .  #  .  .  .  .  g  .  .  .  #  .  .  .  .  g  .  .  .  #  .  .  .  .  g  .  A  .  #  .  .  .  .  g  .  .  .  #  .  .  .  .  g  .  .  .  #  .  .  .  .  g  .  A  .  #  .  .  .  .  g  .  .  .  #  .  .  .  .  g  .  .  .  #  .  .  .  .  g  .  .  .  #  .  .  .  .  g  .  .  .  #  .  .  .  .  g  .  .  .  #  .  .  .  .  g  .  .  .  #  .  .  .  .  g  .  .  .  #  .  .  .  .  g  .  .  .  #  .  .  .  .  g  .  .  .  #  .  .  .  .  g  .  .  .  #  .  .  .  .  g  .  .  .  #  .  .  .  .  g  .  .  .  #  .  .  .  .  g  .  .  .  #  .  .  .  .  g  .  .  .  #  .  .  .  .  g  .  .  .  #  .  .  .  .  g  .  .  .  #  .  .  .  .  g  .  .  .  #  .  .  .  .  g  .  .  .  #  .  .  W  .  g  .  .  .  #  .  .  W  .  g  .  .  .  #  .  .  W  .  g  .  .  .  #  .  .  W  .  g  .  .  A  #  .  .  .  W  g  .  .  A  #  .  .  .  W  g  .  .  .  #  .  .  .  W  g  .  .  .  #  .  .  .  W  g  .  .  .  #  .  .  .  .  g  .  .  .  #  .  .  .  .  g  .  .  .  #  .  .  .  .  g  .  .  .  #  .  .  .  .  g  .  .  .  #  .  .  .  .  g  .  .  .  #  .  .  .  .  g  .  .  .  #  .  .  .  .  g  .  .  .  #  .  .  .  .  g  .  .  .  #  .  .  .  .  g  .  .  .  #  .  .  .  .  g  .  .  .  #  .  .  .  .  g  .  .  .  #  .  .  .  .  g  .  .  .  #  .  .  .  .  g  .  .  .  #  .  .  .  .  g  .  .  .  #  .  .  .  .  g  .  .  .  #  .  .  .  .  g  .  .  .  #  .  .  .  .  g  .  .  .  #  .  .  .  .  g  .  .  .  #  .  .  .  .  g  .  .  .  #  .  .  .  .  g  .  .  .  #  .  .  .  .  g  .  .  .  # 
 .  .  .  .  .  .  .  .  #  .  .  .  .  .  .  .  .  #  .  .  .  .  .  .  .  .  #  .  .  .  .  .  .  .  .  #  .  .  .  .  .  .  .  .  #  .  .  .  .  .  .  .  .  #  .  .  .  .  .  .  .  .  #  .  .  .  .  .  .  .  .  #  .  .  .  .  .  .  .  .  #  .  .  .  .  .  .  .  .  #  .  .  .  .  .  .  .  .  #  .  .  .  .  .  .  .  .  #  .  .  .  .  .  .  .  .  #  .  .  .  .  .  .  .  .  #  .  .  .  .  .  .  .  .  #  .  .  .  .  .  .  .  .  #  .  .  .  .  .  .  .  .  #  .  .  .  .  .  .  .  .  #  .  .  .  .  .  .  .  .  #  .  .  .  .  .  .  .  .  #  .  .  .  .  .  .  .  .  #  .  .  .  .  .  .  .  .  #  .  .  .  .  .  .  .  .  #  .  .  .  .  .  .  .  .  #  .  .  .  W  .  .  .  .  #  .  .  .  W  .  .  .  .  #  .  .  .  W  .  .  .  .  #  .  .  .  W  .  .  .  .  #  .  .  .  .  .  .  .  .  #  .  .  .  .  .  .  .  .  #  .  .  .  .  .  .  .  .  #  .  .  .  .  .  .  .  .  #  .  .  .  .  .  .  .  .  #  .  .  .  .  .  .  .  .  #  .  .  .  .  .  .  .  .  #  .  .  .  .  .  .  .  .  #  .  .  .  .  .  .  .  .  #  .  .  .  .  .  .  .  .  #  .  .  .  .  .  .  .  .  #  .  .  .  .  .  .  .  .  #  .  .  .  .  .  .  .  .  #  .  .  .  .  .  .  .  .  #  .  .  .  .  .  .  .  .  #  .  .  .  .  .  .  .  .  #  .  .  .  .  .  .  .  .  #  .  .  .  .  .  .  .  .  #  .  .  .  .  .  .  .  .  #  .  .  .  .  .  .  .  .  #  .  .  .  .  .  .  .  .  #  .  .  .  .  .  .  .  .  #  .  .  .  .  .  .  .  .  #  .  .  .  .  .  .  .  .  #  .  .  .  .  .  .  .  .  #  .  .  .  .  .  .  .  .  #  .  .  .  .  .  .  .  .  #  .  .  .  .  .  .  .  .  #  .  .  .  .  .  .  .  .  #  .  .  .  .  .  .  .  .  #  .  .  .  .  .  .  .  .  #  .  .  .  .  .  .  .  .  #  .  .  .  .  .  .  .  .  #  .  .  .  .  .  .  .  .  #  .  .  .  .  .  .  .  .  #  .  .  .  .  .  .  .  .  #  .  .  .  .  .  W  .  .  #  .  .  .  .  .  W  .  .  #  .  .  .  .  .  W  .  .  #  .  .  .  .  .  W  .  .  #  .  .  .  .  .  .  W  .  #  .  .  .  .  .  .  W  .  #  .  .  .  .  .  .  W  .  #  .  .  .  .  .  .  W  .  #  .  .  .  .  .  W  .  .  #  .  .  .  .  .  W  .  .  #  .  .  .  .  .  W  .  .  #  .  .  .  .  .  W  .  .  #  .  .  .  .  .  .  .  .  #  .  .  .  .  .  .  .  .  #  .  .  .  .  .  .  .  .  #  .  .  .  .  .  .  .  .  #  .  .  .  .  .  .  W  .  #  .  .  .  .  .  .  W  .  #  .  .  .  .  .  .  W  .  #  .  .  .  .  .  .  W  .  #  .  .  .  .  .  .  .  .  #  .  .  .  .  .  .  .  .  #  .  .  .  .  .  .  .  .  #  .  .  .  .  .  .  .  .  #  .  .  .  .  .  .  W  .  #  .  .  .  .  .  .  W  .  #  .  .  .  .  .  .  W  .  #  .  .  .  .  .  .  W  .  #  .  .  .  .  .  .  .  .  #  .  .  .  .  .  .  .  .  #  .  .  .  .  .  .  .  .  #  .  .  .  .  .  .  .  .  #  .  .  .  .  .  .  .  .  #  .  .  .  .  .  .  .  .  #  .  .  .  .  .  .  .  .  #  .  .  .  .  .  .  .  .  #  .  .  .  .  .  .  .  .  #  .  .  .  .  .  .  .  .  #  .  .  .  .  .  .  .  .  #  .  .  .  .  .  .  .  .  #  .  .  .  .  .  .  W  .  #  .  .  .  .  .  .  W  .  #  .  .  .  .  .  .  W  .  #  .  .  .  .  .  .  W  .  #  .  .  .  .  .  .  .  W  #  .  .  .  .  .  .  .  W  #  .  .  .  .  .  .  .  W  #  .  .  .  .  .  .  .  W  #  .  .  .  .  .  .  .  .  #  .  .  .  .  .  .  .  .  #  .  .  .  .  .  .  .  .  #  .  .  .  .  .  .  .  .  #  .  .  .  .  .  .  .  .  #  .  .  .  .  .  .  .  .  #  .  .  .  .  .  .  .  .  #  .  .  .  .  .  .  .  .  #  .  .  .  .  .  .  .  .  #  .  .  .  .  .  .  .  .  #  .  .  .  .  .  .  .  .  #  .  .  .  .  .  .  .  .  #  .  .  .  .  .  .  .  .  #  .  .  .  .  .  .  .  .  #  .  .  .  .  .  .  .  .  #  .  .  .  .  .  .  .  .  #  .  .  .  .  .  .  .  .  #  .  .  .  .  .  .  .  .  #  .  .  .  .  .  .  .  .  #  .  .  .  .  .  .  .  .  #  .  .  .  .  .  .  .  .  #  .  .  .  .  .  .  .  .  #  .  .  .  .  .  .  .  .  #  .  .  .  .  .  .  .  .  #  .  .  .  .  .  .  .  .  #  .  .  .  .  .  .  .  .  #  .  .  .  .  .  .  .  .  #  .  .  .  .  .  .  .  .  #  .  .  .  .  .  .  .  .  #  .  .  .  .  .  .  .  .  #  .  .  .  .  .  .  .  .  #  .  .  .  .  .  .  .  .  #  .  .  .  .  .  .  .  .  #  .  .  .  .  .  .  .  .  #  .  .  .  .  .  .  .  .  #  .  .  .  .  .  .  .  .  #  .  .  .  .  .  .  .  .  #  .  .  .  .  .  .  .  .  #  .  .  .  .  .  .  .  .  #  .  .  .  .  .  .  .  .  #  .  .  .  .  .  .  .  .  #  .  .  .  .  .  .  .  .  #  .  .  .  .  .  .  .  .  #  .  .  .  .  .  .  .  .  #  .  .  .  .  .  .  .  .  #  .  .  .  .  .  .  .  .  #  .  .  .  .  .  .  .  .  #  .  .  .  .  .  .  .  .  #  .  .  .  .  .  .  .  .  #  .  .  .  .  .  .  .  .  #  .  .  .  .  .  .  .  .  #  .  .  .  .  .  .  .  .  #  .  .  .  .  .  .  .  .  #  .  .  .  .  .  .  .  .  #  .  .  .  .  .  .  .  .  #  .  .  .  .  .  .  .  .  #  .  .  .  .  .  .  .  .  #  .  .  .  .  .  .  .  .  #  .  .  .  .  .  .  .  .  #  .  .  .  .  .  .  .  .  #  .  .  .  .  .  .  .  .  #  .  .  .  .  .  .  .  .  #  .  .  .  .  .  .  .  .  #  .  .  .  .  .  .  .  .  #  .  .  .  .  .  .  .  .  #  .  .  .  .  .  .  .  .  #  .  .  .  .  .  .  .  .  #  .  .  .  .  .  .  .  A  #  .  .  .  .  .  .  .  A  #  .  .  .  .  .  .  .  .  #  .  .  .  .  .  .  .  .  #  .  .  .  .  .  .  .  .  #  .  .  .  .  .  .  .  .  #  .  .  .  .  .  .  .  .  #  .  .  .  .  .  .  .  .  #  .  .  .  .  .  .  A  .  #  .  .  .  .  .  .  A  .  #  .  .  .  .  .  .  .  .  #  .  .  .  .  .  .  .  .  #  .  .  .  .  .  .  .  .  #  .  .  .  .  .  .  .  .  #  .  .  .  .  .  .  .  .  #  .  .  .  .  .  .  .  .  #  .  .  .  .  .  .  .  .  #  .  .  .  .  .  .  .  .  #  .  .  .  .  .  .  .  .  #  .  .  .  .  .  .  .  .  #  .  .  .  .  .  .  .  .  #  .  .  .  .  .  .  .  .  #  .  .  .  .  .  .  .  .  #  .  .  .  .  .  .  .  .  #  .  .  .  .  .  .  .  .  #  .  W  .  .  .  .  .  .  #  .  W  .  .  .  .  .  .  #  .  W  .  .  .  .  .  .  #  .  W  .  .  .  .  .  .  #  .  .  .  .  .  .  .  .  #  .  .  .  .  .  .  .  .  #  .  .  .  .  .  .  .  .  #  .  .  .  .  .  .  .  .  #  .  .  .  .  .  .  .  .  #  .  .  .  .  .  .  .  .  #  .  .  .  .  .  .  .  .  #  .  .  .  .  .  .  .  .  #  .  .  .  .  .  .  .  .  #  .  .  .  .  .  .  .  .  #  .  .  .  .  .  .  .  .  #  .  .  .  .  .  .  .  .  #  .  .  .  .  .  .  .  .  #  .  .  .  .  .  .  .  .  #  .  .  .  .  .  .  .  .  #  .  .  .  .  .  .  .  .  #  .  .  .  .  .  .  .  .  #  .  .  .  .  .  .  .  .  #  .  .  .  .  .  .  .  .  #  .  .  .  .  .  .  .  .  #  .  .  .  .  .  .  .  .  #  .  .  .  .  .  .  .  .  #  .  .  .  .  .  .  .  .  #  .  .  .  .  .  .  .  .  #  .  .  .  .  .  .  .  .  #  .  .  .  .  .  .  .  .  #  .  .  .  .  .  .  .  .  #  .  .  .  .  .  .  .  .  #  .  .  .  .  .  .  .  .  # 
 g  .  .  .  .  W  .  .  #  g  .  .  .  .  W  .  .  #  g  .  .  .  .  W  .  .  #  g  .  .  .  .  W  .  .  #  g  .  .  .  W  .  .  .  #  g  .  .  .  W  .  .  .  #  g  .  .  .  W  .  .  .  #  g  .  .  .  W  .  .  .  #  g  .  .  .  .  .  .  .  #  g  .  .  .  .  .  .  .  #  g  .  .  .  .  .  .  .  #  G  .  .  .  .  .  .  .  #  G  .  .  .  .  .  .  .  #  G  .  .  .  .  .  .  .  #  G  .  .  .  .  .  .  .  #  G  .  .  .  .  .  .  .  #  G  .  .  .  .  .  .  .  #  G  .  .  .  .  .  .  .  #  G  .  .  .  .  .  .  .  #  G  .  .  .  .  .  .  .  #  G  .  .  .  W  .  .  .  #  G  .  .  .  W  .  .  .  #  G  .  .  .  W  .  .  .  #  G  .  .  .  W  .  .  .  #  G  .  .  .  .  .  .  .  #  G  .  .  .  .  .  .  .  #  G  .  .  .  .  .  .  .  #  G  .  .  .  .  .  .  .  #  G  .  .  .  .  .  .  .  #  G  .  .  .  .  .  .  .  #  G  .  .  .  .  .  .  .  #  G  .  .  .  .  .  .  .  #  G  .  .  .  .  .  .  .  #  G  .  .  .  .  .  .  .  #  G  .  .  .  .  .  .  .  #  G  .  .  .  .  .  .  .  #  G  .  .  .  .  .  .  .  #  G  .  .  .  .  .  .  .  #  G  .  .  .  .  .  .  .  #  G  .  .  .  .  .  .  .  #  G  .  .  .  .  .  .  .  #  G  .  .  .  .  .  .  .  #  G  .  .  .  .  .  .  .  #  G  .  .  .  .  .  .  .  #  G  .  .  .  .  .  .  .  #  G  .  .  .  .  .  .  .  #  G  .  .  .  .  .  .  .  #  G  .  .  .  .  .  .  .  #  G  .  .  .  .  .  .  .  #  G  .  .  .  .  .  .  .  #  G  .  .  .  .  .  .  .  #  G  .  .  .  .  .  .  .  #  G  .  .  .  .  .  .  .  #  G  .  .  .  .  .  .  .  #  G  .  .  .  .  .  .  .  #  G  .  .  .  .  .  .  .  #  G  .  .  .  .  .  .  .  #  G  .  .  .  .  .  .  .  #  G  .  .  .  .  .  .  .  #  G  .  .  .  .  .  .  .  #  G  .  .  .  .  .  .  .  #  G  .  .  .  .  .  .  .  #  G  .  .  .  .  .  .  .  #  G  .  .  .  .  .  .  .  #  G  .  .  .  .  .  .  .  #  G  .  .  .  .  .  .  .  #  G  .  .  .  .  .  .  .  #  G  .  .  .  .  .  .  .  #  G  .  .  .  .  .  .  .  #  G  .  .  .  .  .  .  .  #  G  .  .  .  .  .  .  .  #  G  .  .  .  .  .  .  .  #  G  .  .  .  .  .  .  .  #  G  .  .  .  .  .  .  .  #  G  .  .  .  .  .  .  .  #  G  .  .  .  .  .  .  .  #  G  .  .  .  .  W  .  .  #  G  .  .  .  .  W  .  .  #  G  .  .  .  .  W  .  .  #  G  .  .  .  .  W  .  .  #  G  .  .  .  .  .  .  .  #  G  .  .  .  .  .  .  .  #  G  .  .  .  .  .  .  .  #  G  .  .  .  .  .  .  .  #  G  .  .  .  .  .  .  .  #  G  .  .  .  .  .  .  .  #  G  .  .  .  .  .  .  .  #  G  .  .  .  .  .  .  .  #  G  .  .  .  .  .  .  .  #  G  .  .  .  .  .  .  .  #  G  .  .  .  .  .  .  .  #  G  .  .  .  .  .  .  .  #  G  .  .  .  .  W  .  .  #  G  .  .  .  .  W  .  .  #  G  .  .  .  .  W  .  .  #  G  .  .  .  .  W  .  .  #  G  .  .  .  .  .  W  .  #  G  .  .  .  .  .  W  .  #  G  .  .  .  .  .  W  .  #  G  .  .  .  .  .  W  .  #  G  .  .  .  .  .  .  W  #  G  .  .  .  .  .  .  W  #  G  .  .  .  .  .  .  W  #  G  .  .  .  .  .  .  W  #  G  .  .  .  .  .  .  .  #  G  .  .  .  .  .  .  .  #  G  .  .  .  .  .  .  .  #  G  .  .  .  .  .  .  .  #  G  .  .  .  .  .  .  .  #  G  .  .  .  .  .  .  .  #  G  .  .  .  .  .  .  .  #  G  .  .  .  .  .  .  .  #  G  .  .  .  .  .  .  W  #  G  .  .  .  .  .  .  W  #  G  .  .  .  .  .  .  W  #  G  .  .  .  .  .  .  W  #  G  .  .  .  .  .  .  .  #  G  .  .  .  .  .  .  .  #  G  .  .  .  .  .  .  .  #  G  .  .  .  .  .  .  .  #  G  .  .  .  .  .  .  W  #  G  .  .  .  .  .  .  W  #  G  .  .  .  .  .  .  W  #  G  .  .  .  .  .  .  W  #  G  .  .  .  .  .  .  .  #  G  .  .  .  .  .  .  .  #  G  .  .  .  .  .  .  .  #  G  .  .  .  .  .  .  .  #  G  .  .  .  .  .  .  .  #  G  .  .  .  .  .  .  .  #  G  .  .  .  .  .  .  .  #  G  .  .  .  .  .  .  .  #  G  .  .  .  .  .  .  .  #  G  .  .  .  .  .  .  .  #  G  .  .  .  .  .  .  .  #  G  .  .  .  .  .  .  .  #  G  .  .  .  W  .  .  .  #  G  .  .  .  W  .  .  .  #  G  .  .  .  W  .  .  .  #  G  .  .  .  W  .  .  .  #  G  .  .  .  .  .  .  .  #  G  .  .  .  .  .  .  .  #  G  .  .  .  .  .  .  .  #  G  .  .  .  .  .  .  .  #  G  .  .  .  .  .  .  .  #  G  .  .  .  .  .  .  .  #  G  .  .  .  .  .  .  .  #  G  .  .  .  .  .  .  .  #  G  .  .  .  .  .  .  .  #  G  .  .  .  .  .  .  .  #  G  .  .  .  .  .  .  .  #  G  .  .  .  .  .  .  .  #  G  .  .  .  .  .  .  .  #  G  .  .  .  .  .  .  .  #  G  .  .  .  .  .  .  .  #  G  .  .  .  .  .  .  .  #  G  .  .  .  .  .  .  .  #  G  .  .  .  .  .  .  .  #  G  .  .  .  .  .  .  .  #  G  .  .  .  .  .  .  .  #  G  .  .  .  .  .  .  .  #  G  .  .  .  .  .  .  .  #  G  .  .  .  .  .  .  .  #  G  .  .  .  .  .  .  .  #  G  .  .  .  .  .  .  .  #  G  .  .  .  .  .  .  .  #  G  .  .  .  .  .  .  .  #  G  .  .  .  .  .  .  .  #  G  .  .  .  .  .  .  .  #  G  .  .  .  .  .  .  .  #  G  .  .  .  .  .  .  .  #  G  .  .  .  .  .  .  .  #  G  .  .  .  .  .  .  .  #  G  .  .  .  .  .  .  .  #  G  .  .  .  .  .  .  .  #  G  .  .  .  .  .  .  .  #  G  .  .  .  .  .  .  .  #  G  .  .  .  .  .  .  .  #  G  .  .  .  .  .  .  .  #  G  .  .  .  .  .  .  .  #  G  .  W  .  .  .  .  .  #  G  .  W  .  .  .  .  .  #  G  .  W  .  .  .  .  .  #  G  .  W  .  .  .  .  .  #  G  .  .  .  .  .  .  .  #  G  .  .  .  .  .  .  .  #  G  .  .  .  .  .  .  .  #  G  .  .  .  .  .  .  .  #  G  .  .  .  .  .  .  .  #  G  .  .  .  .  .  .  .  #  G  .  .  .  .  .  .  .  #  G  .  .  .  .  .  .  .  #  G  .  .  .  .  .  .  .  #  G  .  .  .  .  .  .  .  #  G  .  .  .  .  .  .  .  #  G  .  .  .  .  .  .  .  #  G  .  .  .  .  .  .  .  #  G  .  .  .  .  .  .  .  #  G  .  .  .  .  .  .  .  #  G  .  .  .  .  .  .  .  #  G  W  .  .  .  .  .  .  #  G  W  .  .  .  .  .  .  #  G  W  .  .  .  .  .  .  #  G  W  .  .  .  .  .  .  #  G  .  .  .  .  .  .  .  #  G  .  .  .  .  .  .  .  #  G  .  .  .  .  .  .  .  #  G  .  .  .  .  .  .  .  #  G  .  .  .  .  .  .  .  #  G  .  .  .  .  .  .  .  #  G  .  .  .  .  .  .  .  #  G  .  .  .  .  .  .  .  #  G  .  .  .  .  .  .  .  #  G  .  .  .  .  .  .  .  #  G  .  .  .  .  .  .  .  #  G  .  .  .  .  .  .  .  #  G  .  .  .  .  .  .  .  #  G  .  .  .  .  .  .  .  #  G  .  .  .  .  .  .  .  #  G  .  .  .  .  .  .  .  #  G  .  .  .  .  .  .  .  #  G  .  .  .  .  .  .  .  #  G  .  .  .  .  .  .  .  #  G  .  .  .  .  .  .  .  #  G  .  .  .  .  .  .  .  #  G  .  .  .  .  .  .  .  #  G  .  .  .  .  .  .  .  #  G  .  .  .  .  .  .  .  #  G  .  .  .  .  .  .  .  #  G  .  .  .  .  .  .  .  #  G  .  .  .  .  .  .  .  #  G  .  .  .  .  .  .  .  #  G  .  .  .  .  .  .  .  #  G  .  .  .  .  .  .  .  #  G  .  .  .  .  .  .  .  #  G  .  .  .  .  .  .  .  #  G  .  .  .  .  .  .  .  # 
 .  .  .  .  .  .  .  .  #  .  .  .  .  .  .  .  .  #  .  .  .  .  .  .  .  .  #  .  .  .  .  .  .  .  .  #  .  .  .  .  .  .  .  .  #  .  .  .  .  .  .  .  .  #  .  .  .  .  .  .  .  .  #  .  .  .  .  .  .  .  .  #  .  .  .  .  W  .  .  .  #  .  .  .  .  W  .  .  .  #  .  .  .  .  W  .  .  .  #  .  .  .  .  W  .  .  .  #  .  .  .  .  .  .  .  .  #  .  .  .  .  .  .  .  .  #  .  .  .  .  .  .  .  .  #  .  .  .  .  .  .  .  .  #  .  .  .  .  .  W  .  .  #  .  .  .  .  .  W  .  .  #  .  .  .  .  .  W  .  .  #  .  .  .  .  .  W  .  .  #  .  .  .  .  .  .  .  .  #  .  .  .  .  .  .  .  .  #  .  .  .  .  .  .  .  .  #  .  .  .  .  .  .  .  .  #  .  .  .  .  .  .  .  .  #  .  .  .  .  .  .  .  .  #  .  .  .  .  .  .  .  .  #  .  .  .  .  .  .  .  .  #  .  .  .  .  .  .  .  .  #  .  .  .  .  .  .  .  .  #  .  .  .  .  .  .  .  .  #  .  .  .  .  .  .  .  .  #  .  .  .  .  .  .  .  .  #  .  .  .  .  .  .  .  .  #  .  .  .  .  .  .  .  .  #  .  .  .  .  .  .  .  .  #  .  .  .  .  .  .  .  .  #  .  .  .  .  .  .  .  .  #  .  .  .  .  .  .  .  .  #  .  .  .  .  .  .  .  .  #  .  .  .  .  .  .  .  .  #  .  .  .  .  .  .  .  .  #  .  .  .  .  .  .  .  .  #  .  .  .  .  .  .  .  .  #  .  .  .  .  .  .  .  .  #  .  .  .  .  .  .  .  .  #  .  .  .  .  .  .  .  .  #  .  .  .  .  .  .  .  .  #  .  .  .  .  .  .  .  .  #  .  .  .  .  .  .  .  .  #  .  .  .  .  .  .  .  .  #  .  .  .  .  .  .  .  .  #  .  .  .  .  .  .  .  .  #  .  .  .  .  .  .  .  .  #  .  .  .  .  .  .  .  .  #  .  .  .  .  .  .  .  .  #  .  .  .  .  .  .  .  .  #  .  .  .  .  .  .  .  .  #  .  .  .  .  .  .  .  .  #  .  .  .  .  .  .  .  .  #  .  .  .  .  .  .  .  .  #  .  .  .  .  .  .  .  .  #  .  .  .  .  .  .  .  .  #  .  .  .  .  .  .  .  .  #  .  .  .  .  .  .  .  .  #  .  .  .  .  .  .  .  .  #  .  .  .  .  .  .  .  .  #  .  .  .  .  .  .  .  .  #  .  .  .  .  .  .  .  .  #  .  .  .  .  .  .  .  .  #  .  .  .  .  .  .  .  .  #  .  .  .  .  .  .  .  .  #  .  .  .  .  .  .  .  .  #  .  .  .  .  .  .  .  .  #  .  .  .  .  .  .  .  .  #  .  .  .  .  .  .  .  .  #  .  .  .  .  .  .  .  .  #  .  .  .  .  .  .  .  .  #  .  .  .  .  .  .  .  .  #  .  .  .  .  .  .  .  .  #  .  .  .  .  .  .  .  .  #  .  .  .  .  .  .  .  .  #  .  .  .  .  .  .  .  .  #  .  .  .  .  .  .  .  .  #  .  .  .  .  .  .  .  .  #  .  .  .  .  .  .  .  .  #  .  .  .  .  .  .  .  .  #  .  .  .  .  .  .  .  .  #  .  .  .  .  .  .  .  .  #  .  .  .  .  .  .  .  .  #  .  .  .  .  .  .  .  .  #  .  .  .  .  .  .  .  .  #  .  .  .  .  .  .  .  .  #  .  .  .  .  .  .  .  .  #  .  .  .  .  .  .  .  .  #  .  .  .  .  .  .  .  .  #  .  .  .  .  .  .  .  .  #  .  .  .  .  .  .  .  .  #  .  .  .  .  .  .  .  .  #  .  .  .  .  .  .  .  .  #  .  .  .  .  .  .  .  .  #  .  .  .  .  .  .  .  .  #  .  .  .  .  .  .  .  .  #  .  .  .  .  .  .  .  .  #  .  .  .  .  .  .  .  .  #  .  .  .  .  .  .  .  .  #  .  .  .  .  .  .  .  .  #  .  .  .  .  .  .  .  .  #  .  .  .  .  .  .  .  .  #  .  .  .  .  .  .  .  .  #  .  .  .  .  .  .  .  .  #  .  .  .  .  .  .  .  .  #  .  .  .  .  .  .  .  .  #  .  .  .  .  .  .  .  .  #  .  .  .  .  .  .  .  .  #  .  .  .  .  .  .  .  .  #  .  .  .  .  .  .  W  .  #  .  .  .  .  .  .  W  .  #  .  .  .  .  .  .  W  .  #  .  .  .  .  .  .  W  .  #  .  .  .  .  .  .  .  .  #  .  .  .  .  .  .  .  .  #  .  .  .  .  .  .  .  .  #  .  .  .  .  .  .  .  .  #  .  .  .  .  .  .  W  .  #  .  .  .  .  .  .  W  .  #  .  .  .  .  .  .  W  .  #  .  .  .  .  .  .  W  .  #  .  .  .  .  .  .  .  .  #  .  .  .  .  .  .  .  .  #  .  .  .  .  .  .  .  .  #  .  .  .  .  .  .  .  .  #  .  .  .  .  .  W  .  .  #  .  .  .  .  .  W  .  .  #  .  .  .  .  .  W  .  .  #  .  .  .  .  .  W  .  .  #  .  .  .  .  .  .  .  .  #  .  .  .  .  .  .  .  .  #  .  .  .  .  .  .  .  .  #  .  .  .  .  .  .  .  .  #  .  .  .  .  W  .  .  .  #  .  .  .  .  W  .  .  .  #  .  .  .  .  W  .  .  .  #  .  .  .  .  W  .  .  .  #  .  .  .  W  .  .  .  .  #  .  .  .  W  .  .  .  .  #  .  .  .  W  .  .  .  .  #  .  .  .  W  .  .  .  .  #  .  .  W  .  .  .  .  .  #  .  .  W  .  .  .  .  .  #  .  .  W  .  .  .  .  .  #  .  .  W  .  .  .  .  .  #  .  W  .  .  .  .  .  .  #  .  W  .  .  .  .  .  .  #  .  W  .  .  .  .  .  .  #  .  W  .  .  .  .  .  .  #  .  .  W  .  .  .  .  .  #  .  .  W  .  .  .  .  .  #  .  .  W  .  .  .  .  .  #  .  .  W  .  .  .  .  .  #  .  .  .  .  .  .  .  .  #  .  .  .  .  .  .  .  .  #  .  .  .  .  .  .  .  .  #  .  .  .  .  .  .  .  .  #  .  .  W  .  .  .  .  .  #  .  .  W  .  .  .  .  .  #  .  .  W  .  .  .  .  .  #  .  .  W  .  .  .  .  .  #  .  .  .  .  .  .  .  .  #  .  .  .  .  .  .  .  .  #  .  .  .  .  .  .  .  .  #  .  .  .  .  .  .  .  .  #  .  .  .  .  W  .  .  .  #  .  .  .  .  W  .  .  .  #  .  .  .  .  W  .  .  .  #  .  .  .  .  W  .  .  .  #  .  .  .  W  .  .  .  .  #  .  .  .  W  .  .  .  .  #  .  .  .  W  .  .  .  .  #  .  .  .  W  .  .  .  .  #  .  .  .  .  .  .  .  .  #  .  .  .  .  .  .  .  .  #  .  .  .  .  .  .  .  .  #  .  .  .  .  .  .  .  .  #  .  .  W  .  .  .  .  .  #  .  .  W  .  .  .  .  .  #  .  .  W  .  .  .  .  .  #  .  .  W  .  .  .  .  .  #  .  .  .  .  .  .  .  .  #  .  .  .  .  .  .  .  .  #  .  .  .  .  .  .  .  .  #  .  .  .  .  .  .  .  .  #  .  .  .  .  .  .  .  .  #  .  .  .  .  .  .  .  .  #  .  .  .  .  .  .  .  .  #  .  .  .  .  .  .  .  .  #  W  .  .  .  .  .  .  .  #  W  .  .  .  .  .  .  .  #  W  .  .  .  .  .  .  .  #  W  .  .  .  .  .  .  .  #  .  .  .  .  .  .  .  .  #  .  .  .  .  .  .  .  .  #  .  .  .  .  .  .  .  .  #  .  .  .  .  .  .  .  .  #  .  .  .  .  .  .  .  .  #  .  .  .  .  .  .  .  .  #  .  .  .  .  .  .  .  .  #  .  .  .  .  .  .  .  .  #  .  .  .  .  .  .  .  .  #  .  .  .  .  .  .  .  .  #  .  .  .  .  .  .  .  .  #  .  .  .  .  .  .  .  .  #  .  .  .  .  .  .  .  .  #  .  .  .  .  .  .  .  .  #  .  .  .  .  .  .  .  .  #  .  .  .  .  .  .  .  .  #  .  .  .  .  .  .  .  .  #  .  .  .  .  .  .  .  .  #  .  .  .  .  .  .  .  .  #  .  .  .  .  .  .  .  .  #  .  .  .  .  .  .  .  .  #  .  .  .  .  .  .  .  .  #  .  .  .  .  .  .  .  .  #  .  .  .  .  .  .  .  .  #  .  .  .  .  .  .  .  .  #  .  .  .  .  .  .  .  .  #  .  .  .  .  .  .  .  .  #  .  .  .  .  .  .  .  .  #  .  .  .  .  .  .  .  .  #  .  .  .  .  .  .  .  .  #  .  .  .  .  .  .  .  .  #  .  .  .  .  .  .  .  .  #  .  .  .  .  .  .  .  .  #  .  .  .  .  .  .  .  .  #  .  .  .  .  .  .  .  .  #  .  .  .  .  .  .  .  .  #  .  .  .  .  .  .  .  .  # 
 .  .  .  .  .  .  .  .  #  .  .  .  .  .  .  .  .  #  .  .  .  .  .  .  .  .  #  .  .  .  .  .  .  .  .  #  .  .  .  .  .  .  .  .  #  .  .  .  .  .  .  .  .  #  .  .  .  .  .  .  .  .  #  .  .  .  .  .  .  .  .  #  .  .  .  .  .  .  .  .  #  .  .  .  .  .  .  .  .  #  .  .  .  .  .  .  .  .  #  .  .  .  .  .  .  .  .  #  .  .  .  .  .  W  .  .  #  .  .  .  .  .  W  .  .  #  .  .  .  .  .  W  .  .  #  .  .  .  .  .  W  .  .  #  .  .  .  .  .  .  .  .  #  .  .  .  .  .  .  .  .  #  .  .  .  .  .  .  .  .  #  .  .  .  .  .  .  .  .  #  .  .  .  .  .  .  .  .  #  .  .  .  .  .  .  .  .  #  .  .  .  .  .  .  .  .  #  .  .  .  .  .  .  .  .  #  .  .  .  .  .  .  .  .  #  .  .  .  .  .  .  .  .  #  .  .  .  .  .  .  .  .  #  .  .  .  .  .  .  .  .  #  .  .  .  .  .  .  .  .  #  .  .  .  .  .  .  .  .  #  .  .  .  .  .  .  .  .  #  .  .  .  .  .  .  .  .  #  .  .  .  .  .  .  .  .  #  .  .  .  .  .  .  .  .  #  .  .  .  .  .  .  .  .  #  .  .  .  .  .  .  .  .  #  .  .  .  .  .  .  .  .  #  .  .  .  .  .  .  .  .  #  .  .  .  .  .  .  .  .  #  .  .  .  .  .  .  .  .  #  .  .  .  .  .  .  .  .  #  .  .  .  .  .  .  .  .  #  .  .  .  .  .  .  .  .  #  .  .  .  .  .  .  .  .  #  .  .  .  .  .  .  .  .  #  .  .  .  .  .  .  .  .  #  .  .  .  .  .  .  .  .  #  .  .  .  .  .  .  .  .  #  .  .  .  .  .  .  .  .  #  .  .  .  .  .  .  .  .  #  .  .  .  .  .  .  .  .  #  .  .  .  .  .  .  .  .  #  .  .  .  .  .  .  .  .  #  .  .  .  .  .  .  .  .  #  .  .  .  .  .  .  .  .  #  .  .  .  .  .  .  .  .  #  .  .  .  .  .  .  .  .  #  .  .  .  .  .  .  .  .  #  .  .  .  .  .  .  .  .  #  .  .  .  .  .  .  .  .  #  .  .  .  .  .  .  .  .  #  .  .  .  .  .  .  .  .  #  .  .  .  .  .  .  .  .  #  .  .  .  .  .  .  .  .  #  .  .  .  .  .  .  .  .  #  .  .  .  .  .  .  .  .  #  .  .  .  .  .  .  .  .  #  .  .  .  .  .  .  .  .  #  .  .  .  .  .  .  .  .  #  .  .  .  .  .  .  .  .  #  .  .  .  .  .  .  .  .  #  .  .  .  .  .  .  .  .  #  .  .  .  .  .  .  .  .  #  .  .  .  .  .  .  .  .  #  .  .  .  .  .  .  .  .  #  .  .  .  .  .  .  .  .  #  .  .  .  .  .  .  .  .  #  .  .  .  .  .  .  .  .  #  .  .  .  .  .  .  .  .  #  .  .  .  .  .  .  .  .  #  .  .  .  .  .  .  .  .  #  .  .  .  .  .  .  .  .  #  .  .  .  .  .  .  .  .  #  .  .  .  .  .  .  .  .  #  .  .  .  .  .  .  .  .  #  .  .  .  .  .  .  .  .  #  .  .  .  .  .  .  .  .  #  .  .  .  .  .  .  .  .  #  .  .  .  .  .  .  .  .  #  .  .  .  .  .  .  .  .  #  .  .  .  .  .  .  .  .  #  .  .  .  .  .  .  .  .  #  .  .  .  .  .  .  .  .  #  .  .  .  .  .  .  .  .  #  .  .  .  .  .  .  .  .  #  .  .  .  .  .  .  .  .  #  .  .  .  .  .  .  .  .  #  .  .  .  .  .  .  .  .  #  .  .  .  .  .  .  .  .  #  .  .  .  .  .  .  .  .  #  .  .  .  .  .  .  .  .  #  .  .  .  .  .  .  .  .  #  .  .  .  .  .  .  .  .  #  .  .  .  .  .  .  .  .  #  .  .  .  .  .  .  .  .  #  .  .  .  .  .  .  .  .  #  .  .  .  .  .  .  .  .  #  .  .  .  .  .  .  .  .  #  .  .  .  .  .  .  .  .  #  .  .  .  .  .  .  .  .  #  .  .  .  .  .  .  .  .  #  .  .  .  .  .  .  .  .  #  .  .  .  .  .  .  .  .  #  .  .  .  .  .  .  .  .  #  .  .  .  .  .  .  .  .  #  .  .  .  .  .  .  .  .  #  .  .  .  .  .  .  .  .  #  .  .  .  .  .  .  .  .  #  .  .  .  .  .  .  .  .  #  .  .  .  .  .  .  .  .  #  .  .  .  .  .  .  .  .  #  .  .  .  .  .  .  .  .  #  .  .  .  .  .  .  .  .  #  .  .  .  .  .  .  .  .  #  .  .  .  .  .  .  .  .  #  .  .  .  .  .  .  .  .  #  .  .  .  .  .  .  .  .  #  .  .  .  .  .  .  .  .  #  .  .  .  .  .  .  W  .  #  .  .  .  .  .  .  W  .  #  .  .  .  .  .  .  W  .  #  .  .  .  .  .  .  W  .  #  .  .  .  .  .  .  .  .  #  .  .  .  .  .  .  .  .  #  .  .  .  .  .  .  .  .  #  .  .  .  .  .  .  .  .  #  .  .  .  .  .  .  .  .  #  .  .  .  .  .  .  .  .  #  .  .  .  .  .  .  .  .  #  .  .  .  .  .  .  .  .  #  .  .  .  .  .  .  .  .  #  .  .  .  .  .  .  .  .  #  .  .  .  .  .  .  .  .  #  .  .  .  .  .  .  .  .  #  .  .  .  .  .  .  .  .  #  .  .  .  .  .  .  .  .  #  .  .  .  .  .  .  .  .  #  .  .  .  .  .  .  .  .  #  .  .  .  .  .  .  .  .  #  .  .  .  .  .  .  .  .  #  .  .  .  .  .  .  .  .  #  .  .  .  .  .  .  .  .  #  .  .  .  .  .  .  .  .  #  .  .  .  .  .  .  .  .  #  .  .  .  .  .  .  .  .  #  .  .  .  .  .  .  .  .  #  .  .  .  .  .  .  .  .  #  .  .  .  .  .  .  .  .  #  .  .  .  .  .  .  .  .  #  .  .  .  .  .  .  .  .  #  .  W  .  .  .  .  .  .  #  .  W  .  .  .  .  .  .  #  .  W  .  .  .  .  .  .  #  .  W  .  .  .  .  .  .  #  .  .  .  .  .  .  .  .  #  .  .  .  .  .  .  .  .  #  .  .  .  .  .  .  .  .  #  .  .  .  .  .  .  .  .  #  .  .  .  W  .  .  .  .  #  .  .  .  W  .  .  .  .  #  .  .  .  W  .  .  .  .  #  .  .  .  W  .  .  .  .  #  .  .  .  .  .  .  .  .  #  .  .  .  .  .  .  .  .  #  .  .  .  .  .  .  .  .  #  .  .  .  .  .  .  .  .  #  .  .  .  .  .  .  .  .  #  .  .  .  .  .  .  .  .  #  .  .  .  .  .  .  .  .  #  .  .  .  .  .  .  .  .  #  .  .  .  .  .  .  .  .  #  .  .  .  .  .  .  .  .  #  .  .  .  .  .  .  .  .  #  .  .  .  .  .  .  .  .  #  .  .  .  .  .  .  .  .  #  .  .  .  .  .  .  .  .  #  .  .  .  .  .  .  .  .  #  .  .  .  .  .  .  .  .  #  .  W  .  .  .  .  .  .  #  .  W  .  .  .  .  .  .  #  .  W  .  .  .  .  .  .  #  .  W  .  .  .  .  .  .  #  W  .  .  .  .  .  .  .  #  W  .  .  .  .  .  .  .  #  W  .  .  .  .  .  .  .  #  W  .  .  .  .  .  .  .  #  .  .  .  .  .  .  .  .  #  .  .  .  .  .  .  .  .  #  .  .  .  .  .  .  .  .  #  .  .  .  .  .  .  .  .  #  .  .  .  .  .  .  .  .  #  .  .  .  .  .  .  .  .  #  .  .  .  .  .  .  .  .  #  .  .  .  .  .  .  .  .  #  .  .  .  .  .  .  .  .  #  .  .  .  .  .  .  .  .  #  .  .  .  .  .  .  .  .  #  .  .  .  .  .  .  .  .  #  .  .  .  .  .  .  .  .  #  .  .  .  .  .  .  .  .  #  .  .  .  .  .  .  .  .  #  .  .  .  .  .  .  .  .  #  .  .  .  .  .  .  .  .  #  .  .  .  .  .  .  .  .  #  .  .  .  .  .  .  .  .  #  .  .  .  .  .  .  .  .  #  .  .  .  .  .  .  .  .  #  .  .  .  .  .  .  .  .  #  .  .  .  .  .  .  .  .  #  .  .  .  .  .  .  .  .  #  .  .  .  .  .  .  .  .  #  .  .  .  .  .  .  .  .  #  .  .  .  .  .  .  .  .  #  .  .  .  .  .  .  .  .  #  .  .  .  .  .  .  .  .  #  .  .  .  .  .  .  .  .  #  .  .  .  .  .  .  .  .  #  .  .  .  .  .  .  .  .  #  .  .  .  .  .  .  .  .  #  .  .  .  .  .  .  .  .  #  .  .  .  .  .  .  .  .  #  .  .  .  .  .  .  .  .  #  .  .  .  .  .  .  .  .  #  .  .  .  .  .  .  .  .  #  .  .  .  .  .  .  .  .  #  .  .  .  .  .  .  .  .  #  .  .  .  .  .  .  .  .  # 
1 (pl)                     1 (pl)                     1 (pl)                     2 (pl)                     1 (pl)                     1 (pl)                     1 (pl)                     2 (pl)                     1 (pl)                     1 (pl)                     1 (pl)                     2 (pl)                     1 (pl)                     1 (pl)                     1 (pl)                     2 (pl)                     1 (pl)                     1 (pl)                     1 (pl)                     2 (pl)                     1 (pl)                     1 (pl)                     1 (pl)                     2 (pl)                     1 (pl)                     1 (pl)                     1 (pl)                     2 (pl)                     1 (pl)                     1 (pl)                     1 (pl)                     2 (pl)                     1 (pl)                     1 (pl)                     1 (pl)                     2 (pl)                     1 (pl)                     1 (pl)                     1 (pl)                     2 (pl)                     1 (pl)                     1 (pl)                     1 (pl)                     2 (pl)                     1 (pl)                     1 (pl)                     1 (pl)                     2 (pl)                     1 (pl)                     1 (pl)                     1 (pl)                     2 (pl)                     1 (pl)                     1 (pl)                     1 (pl)                     2 (pl)                     1 (pl)                     1 (pl)                     1 (pl)                     2 (pl)                     1 (pl)                     1 (pl)                     1 (pl)                     2 (pl)                     1 (pl)                     1 (pl)                     1 (pl)                     2 (pl)                     1 (pl)                     1 (pl)                     1 (pl)                     2 (pl)                     1 (pl)                     1 (pl)                     1 (pl)                     2 (pl)                     1 (pl)                     1 (pl)                     1 (pl)                     2 (pl)                     1 (pl)                     1 (pl)                     1 (pl)                     2 (pl)                     1 (pl)                     1 (pl)                     1 (pl)                     2 (pl)                     1 (pl)                     1 (pl)                     1 (pl)                     2 (pl)                     1 (pl)                     1 (pl)                     1 (pl)                     2 (pl)                     1 (pl)                     1 (pl)                     1 (pl)                     2 (pl)                     1 (pl)                     1 (pl)                     1 (pl)                     2 (pl)                     1 (pl)                     1 (pl)                     1 (pl)                     2 (pl)                     1 (pl)                     1 (pl)                     1 (pl)                     2 (pl)                     1 (pl)                     1 (pl)                     1 (pl)                     2 (pl)                     1 (pl)                     1 (pl)                     1 (pl)                     2 (pl)                     1 (pl)                     1 (pl)                     1 (pl)                     2 (pl)                     1 (pl)                     1 (pl)                     1 (pl)                     2 (pl)                     1 (pl)                     1 (pl)                     1 (pl)                     2 (pl)                     1 (pl)                     1 (pl)                     1 (pl)                     2 (pl)                     1 (pl)                     1 (pl)                     1 (pl)                     2 (pl)                     1 (pl)                     1 (pl)                     1 (pl)                     2 (pl)                     1 (pl)                     1 (pl)                     1 (pl)                     2 (pl)                     1 (pl)                     1 (pl)                     1 (pl)                     2 (pl)                     1 (pl)                     1 (pl)                     1 (pl)                     2 (pl)                     1 (pl)                     1 (pl)                     1 (pl)                     2 (pl)                     1 (pl)                     1 (pl)                     1 (pl)                     2 (pl)                     1 (pl)                     1 (pl)                     1 (pl)                     2 (pl)                     1 (pl)                     1 (pl)                     1 (pl)                     2 (pl)                     1 (pl)                     1 (pl)                     1 (pl)                     2 (pl)                     1 (pl)                     1 (pl)                     1 (pl)                     2 (pl)                     1 (pl)                     1 (pl)                     1 (pl)                     2 (pl)                     1 (pl)                     1 (pl)                     1 (pl)                     2 (pl)                     1 (pl)                     1 (pl)                     1 (pl)                     2 (pl)                     1 (pl)                     1 (pl)                     1 (pl)                     2 (pl)                     1 (pl)                     1 (pl)                     1 (pl)                     2 (pl)                     1 (pl)                     1 (pl)                     1 (pl)                     2 (pl)                     1 (pl)                     1 (pl)                     1 (pl)                     2 (pl)                     1 (pl)                     1 (pl)                     1 (pl)                     2 (pl)                     1 (pl)                     1 (pl)                     1 (pl)                     2 (pl)                     1 (pl)                     1 (pl)                     1 (pl)                     2 (pl)                     1 (pl)                     1 (pl)                     1 (pl)                     2 (pl)                     1 (pl)                     1 (pl)                     1 (pl)                     2 (pl)                     1 (pl)                     1 (pl)                     1 (pl)                     2 (pl)                     1 (pl)                     1 (pl)                     1 (pl)                     2 (pl)                     1 (pl)                     
0 (nm)                     1 (nm)                     2 (nm)                     3 (nm)                     4 (nm)                     5 (nm)                     6 (nm)                     7 (nm)                     8 (nm)                     9 (nm)                     10 (nm)                    11 (nm)                    12 (nm)                    13 (nm)                    14 (nm)                    15 (nm)                    16 (nm)                    17 (nm)                    18 (nm)                    19 (nm)                    20 (nm)                    21 (nm)                    22 (nm)                    23 (nm)                    24 (nm)                    25 (nm)                    26 (nm)                    27 (nm)                    28 (nm)                    29 (nm)                    30 (nm)                    31 (nm)                    32 (nm)                    33 (nm)                    34 (nm)                    35 (nm)                    36 (nm)                    37 (nm)                    38 (nm)                    39 (nm)                    40 (nm)                    41 (nm)                    42 (nm)                    43 (nm)                    44 (nm)                    45 (nm)                    46 (nm)                    47 (nm)                    48 (nm)                    49 (nm)                    50 (nm)                    51 (nm)                    52 (nm)                    53 (nm)                    54 (nm)                    55 (nm)                    56 (nm)                    57 (nm)                    58 (nm)                    59 (nm)                    60 (nm)                    61 (nm)                    62 (nm)                    63 (nm)                    64 (nm)                    65 (nm)                    66 (nm)                    67 (nm)                    68 (nm)                    69 (nm)                    70 (nm)                    71 (nm)                    72 (nm)                    73 (nm)                    74 (nm)                    75 (nm)                    76 (nm)                    77 (nm)                    78 (nm)                    79 (nm)                    80 (nm)                    81 (nm)                    82 (nm)                    83 (nm)                    84 (nm)                    85 (nm)                    86 (nm)                    87 (nm)                    88 (nm)                    89 (nm)                    90 (nm)                    91 (nm)                    92 (nm)                    93 (nm)                    94 (nm)                    95 (nm)                    96 (nm)                    97 (nm)                    98 (nm)                    99 (nm)                    100 (nm)                   101 (nm)                   102 (nm)                   103 (nm)                   104 (nm)                   105 (nm)                   106 (nm)                   107 (nm)                   108 (nm)                   109 (nm)                   110 (nm)                   111 (nm)                   112 (nm)                   113 (nm)                   114 (nm)                   115 (nm)                   116 (nm)                   117 (nm)                   118 (nm)                   119 (nm)                   120 (nm)                   121 (nm)                   122 (nm)                   123 (nm)                   124 (nm)                   125 (nm)                   126 (nm)                   127 (nm)                   128 (nm)                   129 (nm)                   130 (nm)                   131 (nm)                   132 (nm)                   133 (nm)                   134 (nm)                   135 (nm)                   136 (nm)                   137 (nm)                   138 (nm)                   139 (nm)                   140 (nm)                   141 (nm)                   142 (nm)                   143 (nm)                   144 (nm)                   145 (nm)                   146 (nm)                   147 (nm)                   148 (nm)                   149 (nm)                   150 (nm)                   151 (nm)                   152 (nm)                   153 (nm)                   154 (nm)                   155 (nm)                   156 (nm)                   157 (nm)                   158 (nm)                   159 (nm)                   160 (nm)                   161 (nm)                   162 (nm)                   163 (nm)                   164 (nm)                   165 (nm)                   166 (nm)                   167 (nm)                   168 (nm)                   169 (nm)                   170 (nm)                   171 (nm)                   172 (nm)                   173 (nm)                   174 (nm)                   175 (nm)                   176 (nm)                   177 (nm)                   178 (nm)                   179 (nm)                   180 (nm)                   181 (nm)                   182 (nm)                   183 (nm)                   184 (nm)                   185 (nm)                   186 (nm)                   187 (nm)                   188 (nm)                   189 (nm)                   190 (nm)                   191 (nm)                   192 (nm)                   193 (nm)                   194 (nm)                   195 (nm)                   196 (nm)                   197 (nm)                   198 (nm)                   199 (nm)                   200 (nm)                   201 (nm)                   202 (nm)                   203 (nm)                   204 (nm)                   205 (nm)                   206 (nm)                   207 (nm)                   208 (nm)                   209 (nm)                   210 (nm)                   211 (nm)                   212 (nm)                   213 (nm)                   214 (nm)                   215 (nm)                   216 (nm)                   217 (nm)                   218 (nm)                   219 (nm)                   220 (nm)                   221 (nm)                   222 (nm)                   223 (nm)                   224 (nm)                   225 (nm)                   226 (nm)                   227 (nm)                   228 (nm)                   229 (nm)                   230 (nm)                   231 (nm)                   232 (nm)                   233 (nm)                   234 (nm)                   235 (nm)                   236 (nm)                   

2021-05-26 00:20:10 WARNING  Testing of policy failed with code: ExitCode.DeadEndReached
2021-05-26 00:20:10 INFO     Testing policy in instance: wumpus - 4
 .  *  .  .  .  #  .  *  .  .  .  #  .  *  .  .  .  #  .  *  .  .  .  # 
 .  A  .  .  .  #  .  .  .  .  .  #  .  .  .  .  .  #  .  .  .  .  .  # 
 .  .  .  .  .  #  .  A  .  .  .  #  .  .  .  .  .  #  .  .  .  .  .  # 
 .  .  .  .  .  #  .  .  .  .  .  #  .  A  .  .  .  #  .  .  .  .  .  # 
 G  .  .  .  W  #  G  .  .  .  W  #  G  .  .  .  W  #  A  .  .  .  W  # 
1 (pl)            1 (pl)            1 (pl)            2 (pl)            
0 (nm)            1 (nm)            2 (nm)            3 (nm)            

2021-05-26 00:20:10 INFO     Goal found after expanding 3 nodes
2021-05-26 00:20:10 INFO     The solution was: [1, 1, 7]
2021-05-26 00:20:10 INFO     Testing policy in instance: wumpus - 5
 A  .  .  .  #  .  .  .  .  #  .  .  .  .  #  .  .  .  .  # 
 .  .  .  .  #  A  .  .  .  #  .  .  .  .  #  .  .  .  .  # 
 .  .  .  .  #  .  .  .  .  #  A  .  .  .  #  .  .  .  .  # 
 G  .  .  W  #  G  .  .  W  #  G  .  .  W  #  A  .  .  W  # 
1 (pl)         1 (pl)         1 (pl)         2 (pl)         
0 (nm)         1 (nm)         2 (nm)         3 (nm)         

2021-05-26 00:20:10 INFO     Goal found after expanding 3 nodes
2021-05-26 00:20:10 INFO     The solution was: [1, 1, 1]
2021-05-26 00:20:10 INFO     Testing policy in instance: wumpus - 6
 W  .  .  #  W  .  .  #  W  .  .  # 
 .  .  G  #  .  .  G  #  .  .  A  # 
 A  .  .  #  .  A  .  #  .  .  .  # 
1 (pl)      1 (pl)      1 (pl)      
0 (nm)      1 (nm)      2 (nm)      

2021-05-26 00:20:10 INFO     Goal found after expanding 2 nodes
2021-05-26 00:20:10 INFO     The solution was: [2, 5]
2021-05-26 00:20:10 INFO     Learnt policy solves the 85.71% of test instances: 6/7
2021-05-26 00:20:10 INFO     Solved instances: [0, 1, 2, 4, 5, 6]
2021-05-26 00:20:10 INFO     Unsolved instances: [3]
================================================================================
END OF STEP #2: Testing of the D2L policy. 1.66 CPU sec - 42.72 MB
================================================================================
