pygame 2.0.1 (SDL 2.0.14, Python 3.8.10)
Hello from the pygame community. https://www.pygame.org/contribute.html
================================================================================
SLTP v.0.2.0
================================================================================
================================================================================
(pid: 21076) STARTING STEP #1: Train: Explore the state space of the training instances
================================================================================
------------------------------------------------
 DOMAIN PARAMETERS: 
------------------------------------------------
------------------------------------------------
domain_name: nim
use_player_as_feature: True
use_player_to_encode: True
use_next_player_as_feature: False
use_next_player_to_encode: False
map_cells: True
use_diagonals_for_map_cells: True
use_margin_as_feature: False
use_verbose_margin_as_feature: False
objects_to_ignore: set()
use_adjacency: {'cell'}
use_bidirectional: {'cell'}
sorts_to_use: {'cell'}
last_player_win: True
unary_predicates: {}
predicates_arity_1: {}
use_distance_2: {}
use_distance_more_than_1: {}
mark_top_token: False
mark_bottom_token: False
game_version: 0
------------------------------------------------
------------------------------------------------
(START Episode 0)
------------------------------------------------
------------------------------------------------
(0) Exploration of the training sample:
------------------------------------------------
2021-07-23 10:47:35 INFO     Expanding train instance: nim - 11
0. # t  . #
1. # t  . #
2. # t  t #
3. # t  t #
4. # t  t #
5. # t  t #

2021-07-23 10:47:35 INFO     Expanding train instance: nim - 13
0. # .  t #
1. # .  t #
2. # .  t #
3. # t  t #
4. # t  t #
5. # t  t #
6. # t  t #

------------------------------------------------
(0) Generation of the training sample:
------------------------------------------------
2021-07-23 10:47:35 INFO     sample: #states=142, #transition-entries=357, #transitions=357
2021-07-23 10:47:35 INFO     Entire sample: roots: 2, states: 142, transitions: 357 (432 optimal), goals: 2, alive: 132, deadends: 2
2021-07-23 10:47:35 INFO     Printing SAT transition matrix with 142 states, 65 states with some outgoing transition, 21 operators, 357 (non-det) transitions, and 359 (adv) transitions,
------------------------------------------------
(0) Generate the pool of candidate features:
------------------------------------------------
2021-07-23 10:47:35 INFO     Starting generation of feature pool. State sample used to detect redundancies: roots: 2, states: 142, transitions: 357 (432 optimal), goals: 2, alive: 132, deadends: 2
2021-07-23 10:47:35 INFO     Printing sample information to '/home/orbital/ws/research/gpl/code/gpl/workspace/nim_1/sample.io'
2021-07-23 10:47:35 INFO     Invoking C++ feature generation module
2021-07-23 10:47:35 INFO     Executing "/home/orbital/ws/research/gpl/code/gpl/src/generators/adv/featuregen --complexity-bound 5 --timeout 15000 --dist-complexity-bound 4 --cond-complexity-bound 0 --comparison-features --generate-goal-concepts --print-denotations --workspace /home/orbital/ws/research/gpl/code/gpl/workspace/nim_1" on directory "/home/orbital/ws/research/gpl/code/gpl/experiments"
reading '/home/orbital/ws/research/gpl/code/gpl/workspace/nim_1/transitions-info.io
BASIS: #concepts=35, #roles=9
ROLES: #roles=12
Generating concepts for k=1. Total concepts: 3 (2, 1, 0, 0, 0, 0)... 0 concepts generated, 3 pruned.
Generating concepts for k=2. Total concepts: 3 (2, 1, 0, 0, 0, 0)... 15 concepts generated, 26 pruned.
Generating concepts for k=3. Total concepts: 18 (2, 1, 15, 0, 0, 0)... 18 concepts generated, 82 pruned.
Generating concepts for k=4. Total concepts: 36 (2, 1, 15, 18, 0, 0)... 74 concepts generated, 324 pruned.
Generating concepts for k=5. Total concepts: 110 (2, 1, 15, 18, 74, 0)... 211 concepts generated, 520 pruned.
Total concepts: 321 (2, 1, 15, 18, 74, 211)... 
A total of 955 concepts were pruned
A total of 0 features were marked as goal-identifying
Generating cardinality features...
Generating comparison features...
Generating distance features...
FEATURES: #features=160, #nullary=2, #boolean=1, #numerical=157, #distance=0, #conditional=0, #comparison=0
Printing concept, role and feature denotations to /home/orbital/ws/research/gpl/code/gpl/workspace/nim_1/*-denotations.io.txt
Serializing all concepts and features to:
	/home/orbital/ws/research/gpl/code/gpl/workspace/nim_1/serialized-concepts.io
	/home/orbital/ws/research/gpl/code/gpl/workspace/nim_1/serialized-features.io
2021-07-23 10:47:37 INFO     Reading feature denotation matrix from /home/orbital/ws/research/gpl/code/gpl/workspace/nim_1/feature-matrix.io
------------------------------------------------
(0) C++ CNF generation module:
------------------------------------------------
2021-07-23 10:47:37 INFO     Calling C++ MaxSAT module
2021-07-23 10:47:37 INFO     Executing "/home/orbital/ws/research/gpl/code/gpl/src/generators/adv/cnfgen --workspace /home/orbital/ws/research/gpl/code/gpl/workspace/nim_1 --v_slack 2 --initial-sample-size 50 --refinement-batch-size 10 --seed 0 --verbosity 2 --acyclicity topological --encodings_dir  --sampling_strategy full --optimal_steps 3 --consistency_bound 2 --n_features 2 --closed --maxsat_iter 3 --allow_bad_states" on directory "/home/orbital/ws/research/gpl/code/gpl/experiments"
Parsing training data... 
reading '/home/orbital/ws/research/gpl/code/gpl/workspace/nim_1/transitions-info.io
TransitionSample::read_dump: #states=142, #transitions=357, #transitions (adv)=359
reading '/home/orbital/ws/research/gpl/code/gpl/workspace/nim_1/feature-matrix.io
FeatureMatrix::read_dump: #states=142, #features=160
Done. Training sample: [states: 142, transitions: 357 (from alive state: 353), unsolvable: 8, goals: 2, unknowns: 0, features: 160, est. size: 0.04 MB.]
Sampling 50 alive states at random


###  STARTING ITERATION 1  ###
Sample [sz=142]: 141, 140, 139, 138, 137, 136, 135, 134, 133, 132, 131, 130, 129, 128, 127, 126, 125, 124, 123, 122, 121, 120, 119, 118, 117, 116, 115, 114, 113, 112, 111, 110, 109, 108, 107, 106, 105, 104, 103, 102, 101, 100, 99, 98, 97, 96, 95, 94, 93, 92, 91, 90, 89, 88, 87, 86, 85, 84, 83, 82, 81, 80, 79, 78, 77, 76, 75, 74, 73, 72, 71, 70, 69, 68, 67, 66, 65, 64, 63, 62, 61, 60, 59, 58, 57, 56, 55, 54, 53, 52, 51, 50, 49, 48, 47, 46, 45, 44, 43, 42, 41, 40, 39, 38, 37, 36, 35, 34, 33, 32, 31, 30, 29, 28, 27, 26, 25, 24, 23, 22, 21, 20, 19, 18, 17, 16, 15, 14, 13, 12, 11, 10, 9, 8, 7, 6, 5, 4, 3, 2, 1, 0, 

Number of transitions/equivalence classes: 357/357
Number of necessarily bad transitions/classes: 38/38
Generating CNF encoding for 132 alive states, 357 alive-to-solvable and alive-to-dead transitions and 357 transition equivalence classes
A total of 1378 variables were created
	Select(f): 160
	Good(s, a, s'): 357
	Bad(s): 69
	V(s, d): 792
Posting distinguishability constraints
A total of 49691 clauses were created
	Policy completeness [1]: 0
	Transition separation [5,6]: 44268
	V descending along good transitions [X]: 2780
	V is total function within bounds [X]: 2112
	Goal separation [X]: 0
	(Weighted) Select(f): 160
Writing final DIMACS file...
CNF [1378 vars, 49691 clauses] generated in 1.58 sec.
Calling: open-wbo_static /home/orbital/ws/research/gpl/code/gpl/workspace/nim_1/theory.wsat > /home/orbital/ws/research/gpl/code/gpl/workspace/nim_1/maxsat_solver_run.log
Call returned with exit code 7680
Solution with cost 23 found in 0.37sec.

Good(3, 3, 47) Good(5, 5, 57) Good(0, 1, 11) Good(6, 4, 57) Good(7, 7, 62) Good(9, 9, 65) Good(10, 8, 65) Good(12, 2, 47) Good(13, 4, 57) Good(15, 8, 65) 
Good(18, 4, 57) Good(79, 14, 123) Good(80, 16, 133) Good(24, 7, 62) Good(87, 20, 141) Good(98, 18, 138) Good(71, 13, 123) Good(8, 6, 62) Good(81, 18, 138) Good(84, 14, 123) 
Good(97, 16, 133) Good(91, 15, 133) Good(109, 19, 141) Good(20, 8, 65) Good(103, 19, 141) Good(90, 16, 133) Good(99, 20, 141) Good(95, 19, 141) Good(34, 9, 65) Good(85, 16, 133) 
Good(102, 17, 138) Good(105, 18, 138) Good(93, 17, 138) Good(111, 20, 141) Good(22, 5, 57) Good(86, 18, 138) Good(70, 14, 123) Good(27, 8, 65) Good(94, 20, 141) Good(92, 18, 138) 
Good(75, 17, 138) Good(25, 6, 62) Good(66, 12, 83) Good(39, 9, 65) Good(74, 18, 138) Good(4, 2, 47) Good(73, 15, 133) Good(82, 20, 141) Good(72, 16, 133) Good(106, 20, 141) 
Good(68, 12, 83) Good(76, 20, 141) Good(31, 8, 65) Good(37, 8, 65) Good(33, 7, 62) Good(26, 9, 65) Good(23, 4, 57) Good(19, 6, 62) Good(77, 19, 141) Good(30, 6, 62) 
Good(14, 6, 62) 
Good(3, 3, 47) Good(5, 5, 57) Good(0, 1, 11) Good(6, 4, 57) Good(7, 7, 62) Good(9, 9, 65) Good(10, 8, 65) Good(12, 2, 47) Good(13, 4, 57) Good(15, 8, 65) 
Good(18, 4, 57) Good(79, 14, 123) Good(80, 16, 133) Good(24, 7, 62) Good(87, 20, 141) Good(98, 18, 138) Good(71, 13, 123) Good(8, 6, 62) Good(81, 18, 138) Good(84, 14, 123) 
Good(97, 16, 133) Good(91, 15, 133) Good(109, 19, 141) Good(20, 8, 65) Good(103, 19, 141) Good(90, 16, 133) Good(99, 20, 141) Good(95, 19, 141) Good(34, 9, 65) Good(85, 16, 133) 
Good(102, 17, 138) Good(105, 18, 138) Good(93, 17, 138) Good(111, 20, 141) Good(22, 5, 57) Good(86, 18, 138) Good(70, 14, 123) Good(27, 8, 65) Good(94, 20, 141) Good(92, 18, 138) 
Good(75, 17, 138) Good(25, 6, 62) Good(66, 12, 83) Good(39, 9, 65) Good(74, 18, 138) Good(4, 2, 47) Good(73, 15, 133) Good(82, 20, 141) Good(72, 16, 133) Good(106, 20, 141) 
Good(68, 12, 83) Good(76, 20, 141) Good(31, 8, 65) Good(37, 8, 65) Good(33, 7, 62) Good(26, 9, 65) Good(23, 4, 57) Good(19, 6, 62) Good(77, 19, 141) Good(30, 6, 62) 
Good(14, 6, 62) Bad(2) Bad(89) Bad(108) Bad(36) Bad(17) Bad(101) Bad(69) Bad(29) 
Num Good(s, a, s') selected: 61 (17.09%)
Num Bad(s) selected: 8 (11.59%)
Num selected features: 3 (1.88%)
Features: 
	0: Num[And(cell-has-token,Exists(left_cell,cell-has-token))] [k=5]
	1: Num[And(cell-has-token,Forall(leftdown_cell,cell-has-token))] [k=5]
	2: Num[And(cell-has-token,Forall(rightdown_cell,cell-has-token))] [k=5]
Solution found in iteration #1 is correct!
DNF transition-classifier saved in /home/orbital/ws/research/gpl/code/gpl/workspace/nim_1/classifier.txt
Total times: Theory generation: 1.58, Solver: 0.37, TOTAL: 1.97
------------------------------------------------
(END Episode 0)
------------------------------------------------
================================================================================
END OF STEP #1: Train: Explore the state space of the training instances. 4.20 CPU sec - 49.31 MB
================================================================================
================================================================================
(pid: 21088) STARTING STEP #2: Testing of the D2L policy
================================================================================

POLICY:
Features (#: 3; total k: 15; max k = 5):
  (a) Num[And(cell-has-token,Exists(left_cell,cell-has-token))] [k=5]
  (b) Num[And(cell-has-token,Forall(leftdown_cell,cell-has-token))] [k=5]
  (c) Num[And(cell-has-token,Forall(rightdown_cell,cell-has-token))] [k=5]
Invariants: b>0,c>0,a>0
Policy:
  1. b>0 AND c>0 -> {a ·, b ↓, c ↓}
  2. a>0 AND b>0 AND c>0 -> {a ·, b ↓, c ↓}

2021-07-23 10:47:39 INFO     Testing policy in instance: nim - 0
 .  .  #  .  .  #  .  .  #  .  .  # 
 t  .  #  .  .  #  .  .  #  .  .  # 
 t  t  #  t  t  #  .  t  #  .  .  # 
1(pl)    2(pl)    1(pl)    2(pl)    
0(de)    0(de)    0(de)    0(de)    
0(go)    0(go)    0(go)    1(go)    

2021-07-23 10:47:39 INFO     Goal found after expanding 2 nodes
2021-07-23 10:47:39 INFO     The solution was: ['1.0', '2.1']
2021-07-23 10:47:39 INFO     Testing policy in instance: nim - 1
 .  .  #  .  .  #  .  .  #  .  .  #  .  .  #  .  .  #  .  .  #  .  .  #  .  .  #  .  .  # 
 .  .  #  .  .  #  .  .  #  .  .  #  .  .  #  .  .  #  .  .  #  .  .  #  .  .  #  .  .  # 
 .  .  #  .  .  #  .  .  #  .  .  #  .  .  #  .  .  #  .  .  #  .  .  #  .  .  #  .  .  # 
 .  .  #  .  .  #  .  .  #  .  .  #  .  .  #  .  .  #  .  .  #  .  .  #  .  .  #  .  .  # 
 .  .  #  .  .  #  .  .  #  .  .  #  .  .  #  .  .  #  .  .  #  .  .  #  .  .  #  .  .  # 
 .  t  #  .  .  #  .  .  #  .  .  #  .  .  #  .  .  #  .  .  #  .  .  #  .  .  #  .  .  # 
 .  t  #  .  .  #  .  .  #  .  .  #  .  .  #  .  .  #  .  .  #  .  .  #  .  .  #  .  .  # 
 .  t  #  .  .  #  .  .  #  .  .  #  .  .  #  .  .  #  .  .  #  .  .  #  .  .  #  .  .  # 
 .  t  #  .  .  #  .  .  #  .  .  #  .  .  #  .  .  #  .  .  #  .  .  #  .  .  #  .  .  # 
 .  t  #  .  .  #  .  .  #  .  .  #  .  .  #  .  .  #  .  .  #  .  .  #  .  .  #  .  .  # 
 t  t  #  t  t  #  .  t  #  .  .  #  .  .  #  .  .  #  .  .  #  .  .  #  .  .  #  .  .  # 
 t  t  #  t  t  #  t  t  #  t  t  #  t  .  #  .  .  #  .  .  #  .  .  #  .  .  #  .  .  # 
 t  t  #  t  t  #  t  t  #  t  t  #  t  .  #  .  .  #  .  .  #  .  .  #  .  .  #  .  .  # 
 t  t  #  t  t  #  t  t  #  t  t  #  t  .  #  .  .  #  .  .  #  .  .  #  .  .  #  .  .  # 
 t  t  #  t  t  #  t  t  #  t  t  #  t  .  #  .  .  #  .  .  #  .  .  #  .  .  #  .  .  # 
 t  t  #  t  t  #  t  t  #  t  t  #  t  t  #  t  t  #  .  t  #  .  .  #  .  .  #  .  .  # 
 t  t  #  t  t  #  t  t  #  t  t  #  t  t  #  t  t  #  .  t  #  .  .  #  .  .  #  .  .  # 
 t  t  #  t  t  #  t  t  #  t  t  #  t  t  #  t  t  #  .  t  #  .  .  #  .  .  #  .  .  # 
 t  t  #  t  t  #  t  t  #  t  t  #  t  t  #  t  t  #  .  t  #  .  .  #  .  .  #  .  .  # 
 t  t  #  t  t  #  t  t  #  t  t  #  t  t  #  t  t  #  t  t  #  t  t  #  t  .  #  .  .  # 
1(pl)    2(pl)    1(pl)    2(pl)    1(pl)    2(pl)    1(pl)    2(pl)    1(pl)    2(pl)    
0(de)    0(de)    0(de)    0(de)    0(de)    0(de)    0(de)    0(de)    0(de)    0(de)    
0(go)    0(go)    0(go)    0(go)    0(go)    0(go)    0(go)    0(go)    0(go)    1(go)    

2021-07-23 10:47:40 INFO     Goal found after expanding 5 nodes
2021-07-23 10:47:40 INFO     The solution was: ['9.1', '10.1', '14.0', '18.1', '19.0']
2021-07-23 10:47:40 INFO     Testing policy in instance: nim - 2
 .  .  #  .  .  #  .  .  #  .  .  #  .  .  #  .  .  # 
 .  .  #  .  .  #  .  .  #  .  .  #  .  .  #  .  .  # 
 .  .  #  .  .  #  .  .  #  .  .  #  .  .  #  .  .  # 
 .  .  #  .  .  #  .  .  #  .  .  #  .  .  #  .  .  # 
 .  .  #  .  .  #  .  .  #  .  .  #  .  .  #  .  .  # 
 t  .  #  .  .  #  .  .  #  .  .  #  .  .  #  .  .  # 
 t  .  #  .  .  #  .  .  #  .  .  #  .  .  #  .  .  # 
 t  .  #  .  .  #  .  .  #  .  .  #  .  .  #  .  .  # 
 t  .  #  .  .  #  .  .  #  .  .  #  .  .  #  .  .  # 
 t  .  #  .  .  #  .  .  #  .  .  #  .  .  #  .  .  # 
 t  t  #  t  t  #  .  t  #  .  .  #  .  .  #  .  .  # 
 t  t  #  t  t  #  .  t  #  .  .  #  .  .  #  .  .  # 
 t  t  #  t  t  #  .  t  #  .  .  #  .  .  #  .  .  # 
 t  t  #  t  t  #  .  t  #  .  .  #  .  .  #  .  .  # 
 t  t  #  t  t  #  .  t  #  .  .  #  .  .  #  .  .  # 
 t  t  #  t  t  #  .  t  #  .  .  #  .  .  #  .  .  # 
 t  t  #  t  t  #  .  t  #  .  .  #  .  .  #  .  .  # 
 t  t  #  t  t  #  t  t  #  t  t  #  t  .  #  .  .  # 
 t  t  #  t  t  #  t  t  #  t  t  #  t  .  #  .  .  # 
 t  t  #  t  t  #  t  t  #  t  t  #  t  .  #  .  .  # 
1(pl)    2(pl)    1(pl)    2(pl)    1(pl)    2(pl)    
0(de)    0(de)    0(de)    0(de)    0(de)    0(de)    
0(go)    0(go)    0(go)    0(go)    0(go)    1(go)    

2021-07-23 10:47:40 INFO     Goal found after expanding 3 nodes
2021-07-23 10:47:40 INFO     The solution was: ['9.0', '16.1', '19.0']
2021-07-23 10:47:40 INFO     Testing policy in instance: nim - 3
 .  .  #  .  .  #  .  .  #  .  .  #  .  .  #  .  .  # 
 .  .  #  .  .  #  .  .  #  .  .  #  .  .  #  .  .  # 
 .  .  #  .  .  #  .  .  #  .  .  #  .  .  #  .  .  # 
 .  .  #  .  .  #  .  .  #  .  .  #  .  .  #  .  .  # 
 .  t  #  .  .  #  .  .  #  .  .  #  .  .  #  .  .  # 
 t  t  #  t  t  #  .  t  #  .  .  #  .  .  #  .  .  # 
 t  t  #  t  t  #  .  t  #  .  .  #  .  .  #  .  .  # 
 t  t  #  t  t  #  .  t  #  .  .  #  .  .  #  .  .  # 
 t  t  #  t  t  #  .  t  #  .  .  #  .  .  #  .  .  # 
 t  t  #  t  t  #  .  t  #  .  .  #  .  .  #  .  .  # 
 t  t  #  t  t  #  .  t  #  .  .  #  .  .  #  .  .  # 
 t  t  #  t  t  #  .  t  #  .  .  #  .  .  #  .  .  # 
 t  t  #  t  t  #  .  t  #  .  .  #  .  .  #  .  .  # 
 t  t  #  t  t  #  .  t  #  .  .  #  .  .  #  .  .  # 
 t  t  #  t  t  #  t  t  #  t  t  #  t  .  #  .  .  # 
1(pl)    2(pl)    1(pl)    2(pl)    1(pl)    2(pl)    
0(de)    0(de)    0(de)    0(de)    0(de)    0(de)    
0(go)    0(go)    0(go)    0(go)    0(go)    1(go)    

2021-07-23 10:47:40 INFO     Goal found after expanding 3 nodes
2021-07-23 10:47:40 INFO     The solution was: ['4.1', '13.1', '14.0']
2021-07-23 10:47:40 INFO     Testing policy in instance: nim - 4
 .  .  #  .  .  #  .  .  #  .  .  # 
 t  .  #  .  .  #  .  .  #  .  .  # 
 t  .  #  .  .  #  .  .  #  .  .  # 
 t  .  #  .  .  #  .  .  #  .  .  # 
 t  t  #  t  t  #  .  t  #  .  .  # 
1(pl)    2(pl)    1(pl)    2(pl)    
0(de)    0(de)    0(de)    0(de)    
0(go)    0(go)    0(go)    1(go)    

2021-07-23 10:47:40 INFO     Goal found after expanding 2 nodes
2021-07-23 10:47:40 INFO     The solution was: ['3.0', '4.1']
2021-07-23 10:47:40 INFO     Testing policy in instance: nim - 5
 .  .  #  .  .  #  .  .  #  .  .  #  .  .  #  .  .  # 
 .  .  #  .  .  #  .  .  #  .  .  #  .  .  #  .  .  # 
 .  .  #  .  .  #  .  .  #  .  .  #  .  .  #  .  .  # 
 .  .  #  .  .  #  .  .  #  .  .  #  .  .  #  .  .  # 
 .  .  #  .  .  #  .  .  #  .  .  #  .  .  #  .  .  # 
 .  .  #  .  .  #  .  .  #  .  .  #  .  .  #  .  .  # 
 .  .  #  .  .  #  .  .  #  .  .  #  .  .  #  .  .  # 
 .  .  #  .  .  #  .  .  #  .  .  #  .  .  #  .  .  # 
 .  .  #  .  .  #  .  .  #  .  .  #  .  .  #  .  .  # 
 .  .  #  .  .  #  .  .  #  .  .  #  .  .  #  .  .  # 
 .  .  #  .  .  #  .  .  #  .  .  #  .  .  #  .  .  # 
 .  .  #  .  .  #  .  .  #  .  .  #  .  .  #  .  .  # 
 .  .  #  .  .  #  .  .  #  .  .  #  .  .  #  .  .  # 
 .  .  #  .  .  #  .  .  #  .  .  #  .  .  #  .  .  # 
 .  .  #  .  .  #  .  .  #  .  .  #  .  .  #  .  .  # 
 .  .  #  .  .  #  .  .  #  .  .  #  .  .  #  .  .  # 
 .  .  #  .  .  #  .  .  #  .  .  #  .  .  #  .  .  # 
 .  .  #  .  .  #  .  .  #  .  .  #  .  .  #  .  .  # 
 .  .  #  .  .  #  .  .  #  .  .  #  .  .  #  .  .  # 
 .  .  #  .  .  #  .  .  #  .  .  #  .  .  #  .  .  # 
 .  .  #  .  .  #  .  .  #  .  .  #  .  .  #  .  .  # 
 .  .  #  .  .  #  .  .  #  .  .  #  .  .  #  .  .  # 
 .  .  #  .  .  #  .  .  #  .  .  #  .  .  #  .  .  # 
 .  .  #  .  .  #  .  .  #  .  .  #  .  .  #  .  .  # 
 .  .  #  .  .  #  .  .  #  .  .  #  .  .  #  .  .  # 
 .  t  #  .  .  #  .  .  #  .  .  #  .  .  #  .  .  # 
 .  t  #  .  .  #  .  .  #  .  .  #  .  .  #  .  .  # 
 .  t  #  .  .  #  .  .  #  .  .  #  .  .  #  .  .  # 
 .  t  #  .  .  #  .  .  #  .  .  #  .  .  #  .  .  # 
 .  t  #  .  .  #  .  .  #  .  .  #  .  .  #  .  .  # 
 t  t  #  t  t  #  t  .  #  .  .  #  .  .  #  .  .  # 
 t  t  #  t  t  #  t  t  #  t  t  #  t  .  #  .  .  # 
 t  t  #  t  t  #  t  t  #  t  t  #  t  .  #  .  .  # 
 t  t  #  t  t  #  t  t  #  t  t  #  t  .  #  .  .  # 
 t  t  #  t  t  #  t  t  #  t  t  #  t  .  #  .  .  # 
 t  t  #  t  t  #  t  t  #  t  t  #  t  .  #  .  .  # 
 t  t  #  t  t  #  t  t  #  t  t  #  t  .  #  .  .  # 
 t  t  #  t  t  #  t  t  #  t  t  #  t  .  #  .  .  # 
 t  t  #  t  t  #  t  t  #  t  t  #  t  .  #  .  .  # 
 t  t  #  t  t  #  t  t  #  t  t  #  t  .  #  .  .  # 
1(pl)    2(pl)    1(pl)    2(pl)    1(pl)    2(pl)    
0(de)    0(de)    0(de)    0(de)    0(de)    0(de)    
0(go)    0(go)    0(go)    0(go)    0(go)    1(go)    

2021-07-23 10:47:40 INFO     Goal found after expanding 3 nodes
2021-07-23 10:47:40 INFO     The solution was: ['29.1', '30.0', '39.0']
2021-07-23 10:47:40 INFO     Testing policy in instance: nim - 6
 .  .  #  .  .  #  .  .  #  .  .  #  .  .  #  .  .  #  .  .  #  .  .  #  .  .  #  .  .  # 
 .  .  #  .  .  #  .  .  #  .  .  #  .  .  #  .  .  #  .  .  #  .  .  #  .  .  #  .  .  # 
 .  .  #  .  .  #  .  .  #  .  .  #  .  .  #  .  .  #  .  .  #  .  .  #  .  .  #  .  .  # 
 .  .  #  .  .  #  .  .  #  .  .  #  .  .  #  .  .  #  .  .  #  .  .  #  .  .  #  .  .  # 
 .  .  #  .  .  #  .  .  #  .  .  #  .  .  #  .  .  #  .  .  #  .  .  #  .  .  #  .  .  # 
 .  .  #  .  .  #  .  .  #  .  .  #  .  .  #  .  .  #  .  .  #  .  .  #  .  .  #  .  .  # 
 .  .  #  .  .  #  .  .  #  .  .  #  .  .  #  .  .  #  .  .  #  .  .  #  .  .  #  .  .  # 
 .  .  #  .  .  #  .  .  #  .  .  #  .  .  #  .  .  #  .  .  #  .  .  #  .  .  #  .  .  # 
 .  .  #  .  .  #  .  .  #  .  .  #  .  .  #  .  .  #  .  .  #  .  .  #  .  .  #  .  .  # 
 .  .  #  .  .  #  .  .  #  .  .  #  .  .  #  .  .  #  .  .  #  .  .  #  .  .  #  .  .  # 
 .  t  #  .  .  #  .  .  #  .  .  #  .  .  #  .  .  #  .  .  #  .  .  #  .  .  #  .  .  # 
 .  t  #  .  .  #  .  .  #  .  .  #  .  .  #  .  .  #  .  .  #  .  .  #  .  .  #  .  .  # 
 .  t  #  .  .  #  .  .  #  .  .  #  .  .  #  .  .  #  .  .  #  .  .  #  .  .  #  .  .  # 
 .  t  #  .  .  #  .  .  #  .  .  #  .  .  #  .  .  #  .  .  #  .  .  #  .  .  #  .  .  # 
 .  t  #  .  .  #  .  .  #  .  .  #  .  .  #  .  .  #  .  .  #  .  .  #  .  .  #  .  .  # 
 t  t  #  t  t  #  t  .  #  .  .  #  .  .  #  .  .  #  .  .  #  .  .  #  .  .  #  .  .  # 
 t  t  #  t  t  #  t  .  #  .  .  #  .  .  #  .  .  #  .  .  #  .  .  #  .  .  #  .  .  # 
 t  t  #  t  t  #  t  .  #  .  .  #  .  .  #  .  .  #  .  .  #  .  .  #  .  .  #  .  .  # 
 t  t  #  t  t  #  t  .  #  .  .  #  .  .  #  .  .  #  .  .  #  .  .  #  .  .  #  .  .  # 
 t  t  #  t  t  #  t  t  #  t  t  #  .  t  #  .  .  #  .  .  #  .  .  #  .  .  #  .  .  # 
 t  t  #  t  t  #  t  t  #  t  t  #  t  t  #  t  t  #  t  .  #  .  .  #  .  .  #  .  .  # 
 t  t  #  t  t  #  t  t  #  t  t  #  t  t  #  t  t  #  t  .  #  .  .  #  .  .  #  .  .  # 
 t  t  #  t  t  #  t  t  #  t  t  #  t  t  #  t  t  #  t  .  #  .  .  #  .  .  #  .  .  # 
 t  t  #  t  t  #  t  t  #  t  t  #  t  t  #  t  t  #  t  .  #  .  .  #  .  .  #  .  .  # 
 t  t  #  t  t  #  t  t  #  t  t  #  t  t  #  t  t  #  t  t  #  t  t  #  t  .  #  .  .  # 
1(pl)    2(pl)    1(pl)    2(pl)    1(pl)    2(pl)    1(pl)    2(pl)    1(pl)    2(pl)    
0(de)    0(de)    0(de)    0(de)    0(de)    0(de)    0(de)    0(de)    0(de)    0(de)    
0(go)    0(go)    0(go)    0(go)    0(go)    0(go)    0(go)    0(go)    0(go)    1(go)    

2021-07-23 10:47:40 INFO     Goal found after expanding 5 nodes
2021-07-23 10:47:40 INFO     The solution was: ['14.1', '18.0', '19.1', '23.0', '24.0']
2021-07-23 10:47:40 INFO     Testing policy in instance: nim - 7
 .  .  #  .  .  #  .  .  #  .  .  # 
 .  .  #  .  .  #  .  .  #  .  .  # 
 t  .  #  .  .  #  .  .  #  .  .  # 
 t  t  #  t  t  #  t  .  #  .  .  # 
 t  t  #  t  t  #  t  .  #  .  .  # 
1(pl)    2(pl)    1(pl)    2(pl)    
0(de)    0(de)    0(de)    0(de)    
0(go)    0(go)    0(go)    1(go)    

2021-07-23 10:47:40 INFO     Goal found after expanding 2 nodes
2021-07-23 10:47:40 INFO     The solution was: ['2.0', '4.0']
2021-07-23 10:47:40 INFO     Testing policy in instance: nim - 8
 .  .  #  .  .  #  .  .  #  .  .  # 
 .  t  #  .  .  #  .  .  #  .  .  # 
 t  t  #  t  t  #  .  t  #  .  .  # 
 t  t  #  t  t  #  .  t  #  .  .  # 
 t  t  #  t  t  #  .  t  #  .  .  # 
 t  t  #  t  t  #  .  t  #  .  .  # 
1(pl)    2(pl)    1(pl)    2(pl)    
0(de)    0(de)    0(de)    0(de)    
0(go)    0(go)    0(go)    1(go)    

2021-07-23 10:47:40 INFO     Goal found after expanding 2 nodes
2021-07-23 10:47:40 INFO     The solution was: ['1.1', '5.1']
2021-07-23 10:47:40 INFO     Testing policy in instance: nim - 9
 .  .  #  .  .  #  .  .  #  .  .  #  .  .  #  .  .  # 
 t  .  #  .  .  #  .  .  #  .  .  #  .  .  #  .  .  # 
 t  .  #  .  .  #  .  .  #  .  .  #  .  .  #  .  .  # 
 t  t  #  t  t  #  t  .  #  .  .  #  .  .  #  .  .  # 
 t  t  #  t  t  #  t  .  #  .  .  #  .  .  #  .  .  # 
 t  t  #  t  t  #  t  .  #  .  .  #  .  .  #  .  .  # 
 t  t  #  t  t  #  t  .  #  .  .  #  .  .  #  .  .  # 
 t  t  #  t  t  #  t  t  #  t  t  #  t  .  #  .  .  # 
1(pl)    2(pl)    1(pl)    2(pl)    1(pl)    2(pl)    
0(de)    0(de)    0(de)    0(de)    0(de)    0(de)    
0(go)    0(go)    0(go)    0(go)    0(go)    1(go)    

2021-07-23 10:47:40 INFO     Goal found after expanding 3 nodes
2021-07-23 10:47:40 INFO     The solution was: ['2.0', '6.0', '7.0']
2021-07-23 10:47:40 INFO     Testing policy in instance: nim - 10
 .  .  #  .  .  #  .  .  #  .  .  #  .  .  #  .  .  #  .  .  #  .  .  #  .  .  #  .  .  # 
 .  .  #  .  .  #  .  .  #  .  .  #  .  .  #  .  .  #  .  .  #  .  .  #  .  .  #  .  .  # 
 t  .  #  .  .  #  .  .  #  .  .  #  .  .  #  .  .  #  .  .  #  .  .  #  .  .  #  .  .  # 
 t  t  #  t  t  #  .  t  #  .  .  #  .  .  #  .  .  #  .  .  #  .  .  #  .  .  #  .  .  # 
 t  t  #  t  t  #  .  t  #  .  .  #  .  .  #  .  .  #  .  .  #  .  .  #  .  .  #  .  .  # 
 t  t  #  t  t  #  .  t  #  .  .  #  .  .  #  .  .  #  .  .  #  .  .  #  .  .  #  .  .  # 
 t  t  #  t  t  #  .  t  #  .  .  #  .  .  #  .  .  #  .  .  #  .  .  #  .  .  #  .  .  # 
 t  t  #  t  t  #  .  t  #  .  .  #  .  .  #  .  .  #  .  .  #  .  .  #  .  .  #  .  .  # 
 t  t  #  t  t  #  .  t  #  .  .  #  .  .  #  .  .  #  .  .  #  .  .  #  .  .  #  .  .  # 
 t  t  #  t  t  #  .  t  #  .  .  #  .  .  #  .  .  #  .  .  #  .  .  #  .  .  #  .  .  # 
 t  t  #  t  t  #  .  t  #  .  .  #  .  .  #  .  .  #  .  .  #  .  .  #  .  .  #  .  .  # 
 t  t  #  t  t  #  .  t  #  .  .  #  .  .  #  .  .  #  .  .  #  .  .  #  .  .  #  .  .  # 
 t  t  #  t  t  #  .  t  #  .  .  #  .  .  #  .  .  #  .  .  #  .  .  #  .  .  #  .  .  # 
 t  t  #  t  t  #  .  t  #  .  .  #  .  .  #  .  .  #  .  .  #  .  .  #  .  .  #  .  .  # 
 t  t  #  t  t  #  .  t  #  .  .  #  .  .  #  .  .  #  .  .  #  .  .  #  .  .  #  .  .  # 
 t  t  #  t  t  #  .  t  #  .  .  #  .  .  #  .  .  #  .  .  #  .  .  #  .  .  #  .  .  # 
 t  t  #  t  t  #  .  t  #  .  .  #  .  .  #  .  .  #  .  .  #  .  .  #  .  .  #  .  .  # 
 t  t  #  t  t  #  .  t  #  .  .  #  .  .  #  .  .  #  .  .  #  .  .  #  .  .  #  .  .  # 
 t  t  #  t  t  #  .  t  #  .  .  #  .  .  #  .  .  #  .  .  #  .  .  #  .  .  #  .  .  # 
 t  t  #  t  t  #  .  t  #  .  .  #  .  .  #  .  .  #  .  .  #  .  .  #  .  .  #  .  .  # 
 t  t  #  t  t  #  .  t  #  .  .  #  .  .  #  .  .  #  .  .  #  .  .  #  .  .  #  .  .  # 
 t  t  #  t  t  #  .  t  #  .  .  #  .  .  #  .  .  #  .  .  #  .  .  #  .  .  #  .  .  # 
 t  t  #  t  t  #  .  t  #  .  .  #  .  .  #  .  .  #  .  .  #  .  .  #  .  .  #  .  .  # 
 t  t  #  t  t  #  .  t  #  .  .  #  .  .  #  .  .  #  .  .  #  .  .  #  .  .  #  .  .  # 
 t  t  #  t  t  #  .  t  #  .  .  #  .  .  #  .  .  #  .  .  #  .  .  #  .  .  #  .  .  # 
 t  t  #  t  t  #  .  t  #  .  .  #  .  .  #  .  .  #  .  .  #  .  .  #  .  .  #  .  .  # 
 t  t  #  t  t  #  .  t  #  .  .  #  .  .  #  .  .  #  .  .  #  .  .  #  .  .  #  .  .  # 
 t  t  #  t  t  #  .  t  #  .  .  #  .  .  #  .  .  #  .  .  #  .  .  #  .  .  #  .  .  # 
 t  t  #  t  t  #  .  t  #  .  .  #  .  .  #  .  .  #  .  .  #  .  .  #  .  .  #  .  .  # 
 t  t  #  t  t  #  .  t  #  .  .  #  .  .  #  .  .  #  .  .  #  .  .  #  .  .  #  .  .  # 
 t  t  #  t  t  #  .  t  #  .  .  #  .  .  #  .  .  #  .  .  #  .  .  #  .  .  #  .  .  # 
 t  t  #  t  t  #  .  t  #  .  .  #  .  .  #  .  .  #  .  .  #  .  .  #  .  .  #  .  .  # 
 t  t  #  t  t  #  .  t  #  .  .  #  .  .  #  .  .  #  .  .  #  .  .  #  .  .  #  .  .  # 
 t  t  #  t  t  #  .  t  #  .  .  #  .  .  #  .  .  #  .  .  #  .  .  #  .  .  #  .  .  # 
 t  t  #  t  t  #  .  t  #  .  .  #  .  .  #  .  .  #  .  .  #  .  .  #  .  .  #  .  .  # 
 t  t  #  t  t  #  .  t  #  .  .  #  .  .  #  .  .  #  .  .  #  .  .  #  .  .  #  .  .  # 
 t  t  #  t  t  #  .  t  #  .  .  #  .  .  #  .  .  #  .  .  #  .  .  #  .  .  #  .  .  # 
 t  t  #  t  t  #  .  t  #  .  .  #  .  .  #  .  .  #  .  .  #  .  .  #  .  .  #  .  .  # 
 t  t  #  t  t  #  .  t  #  .  .  #  .  .  #  .  .  #  .  .  #  .  .  #  .  .  #  .  .  # 
 t  t  #  t  t  #  .  t  #  .  .  #  .  .  #  .  .  #  .  .  #  .  .  #  .  .  #  .  .  # 
 t  t  #  t  t  #  t  t  #  t  t  #  .  t  #  .  .  #  .  .  #  .  .  #  .  .  #  .  .  # 
 t  t  #  t  t  #  t  t  #  t  t  #  .  t  #  .  .  #  .  .  #  .  .  #  .  .  #  .  .  # 
 t  t  #  t  t  #  t  t  #  t  t  #  t  t  #  t  t  #  t  .  #  .  .  #  .  .  #  .  .  # 
 t  t  #  t  t  #  t  t  #  t  t  #  t  t  #  t  t  #  t  .  #  .  .  #  .  .  #  .  .  # 
 t  t  #  t  t  #  t  t  #  t  t  #  t  t  #  t  t  #  t  .  #  .  .  #  .  .  #  .  .  # 
 t  t  #  t  t  #  t  t  #  t  t  #  t  t  #  t  t  #  t  .  #  .  .  #  .  .  #  .  .  # 
 t  t  #  t  t  #  t  t  #  t  t  #  t  t  #  t  t  #  t  t  #  t  t  #  .  t  #  .  .  # 
 t  t  #  t  t  #  t  t  #  t  t  #  t  t  #  t  t  #  t  t  #  t  t  #  .  t  #  .  .  # 
 t  t  #  t  t  #  t  t  #  t  t  #  t  t  #  t  t  #  t  t  #  t  t  #  .  t  #  .  .  # 
 t  t  #  t  t  #  t  t  #  t  t  #  t  t  #  t  t  #  t  t  #  t  t  #  t  t  #  t  t  # 
1(pl)    2(pl)    1(pl)    2(pl)    1(pl)    2(pl)    1(pl)    2(pl)    1(pl)    2(pl)    
0(de)    0(de)    0(de)    0(de)    0(de)    0(de)    0(de)    0(de)    0(de)    0(de)    
0(go)    0(go)    0(go)    0(go)    0(go)    0(go)    0(go)    0(go)    0(go)    0(go)    

 .  .  #  .  .  # 
 .  .  #  .  .  # 
 .  .  #  .  .  # 
 .  .  #  .  .  # 
 .  .  #  .  .  # 
 .  .  #  .  .  # 
 .  .  #  .  .  # 
 .  .  #  .  .  # 
 .  .  #  .  .  # 
 .  .  #  .  .  # 
 .  .  #  .  .  # 
 .  .  #  .  .  # 
 .  .  #  .  .  # 
 .  .  #  .  .  # 
 .  .  #  .  .  # 
 .  .  #  .  .  # 
 .  .  #  .  .  # 
 .  .  #  .  .  # 
 .  .  #  .  .  # 
 .  .  #  .  .  # 
 .  .  #  .  .  # 
 .  .  #  .  .  # 
 .  .  #  .  .  # 
 .  .  #  .  .  # 
 .  .  #  .  .  # 
 .  .  #  .  .  # 
 .  .  #  .  .  # 
 .  .  #  .  .  # 
 .  .  #  .  .  # 
 .  .  #  .  .  # 
 .  .  #  .  .  # 
 .  .  #  .  .  # 
 .  .  #  .  .  # 
 .  .  #  .  .  # 
 .  .  #  .  .  # 
 .  .  #  .  .  # 
 .  .  #  .  .  # 
 .  .  #  .  .  # 
 .  .  #  .  .  # 
 .  .  #  .  .  # 
 .  .  #  .  .  # 
 .  .  #  .  .  # 
 .  .  #  .  .  # 
 .  .  #  .  .  # 
 .  .  #  .  .  # 
 .  .  #  .  .  # 
 .  .  #  .  .  # 
 .  .  #  .  .  # 
 .  .  #  .  .  # 
 t  .  #  .  .  # 
1(pl)    2(pl)    
0(de)    0(de)    
0(go)    1(go)    

2021-07-23 10:47:42 INFO     Goal found after expanding 6 nodes
2021-07-23 10:47:42 INFO     The solution was: ['2.0', '39.1', '41.1', '45.0', '48.1', '49.0']
2021-07-23 10:47:42 INFO     Testing policy in instance: nim - 11
 t  .  #  .  .  #  .  .  #  .  .  #  .  .  #  .  .  # 
 t  .  #  .  .  #  .  .  #  .  .  #  .  .  #  .  .  # 
 t  t  #  t  t  #  t  .  #  .  .  #  .  .  #  .  .  # 
 t  t  #  t  t  #  t  t  #  t  t  #  t  .  #  .  .  # 
 t  t  #  t  t  #  t  t  #  t  t  #  t  .  #  .  .  # 
 t  t  #  t  t  #  t  t  #  t  t  #  t  .  #  .  .  # 
1(pl)    2(pl)    1(pl)    2(pl)    1(pl)    2(pl)    
0(de)    0(de)    0(de)    0(de)    0(de)    0(de)    
0(go)    0(go)    0(go)    0(go)    0(go)    1(go)    

2021-07-23 10:47:42 INFO     Goal found after expanding 3 nodes
2021-07-23 10:47:42 INFO     The solution was: ['1.0', '2.0', '5.0']
2021-07-23 10:47:42 INFO     Testing policy in instance: nim - 12
 .  .  #  .  .  #  .  .  #  .  .  #  .  .  #  .  .  #  .  .  #  .  .  #  .  .  #  .  .  # 
 t  .  #  .  .  #  .  .  #  .  .  #  .  .  #  .  .  #  .  .  #  .  .  #  .  .  #  .  .  # 
 t  .  #  .  .  #  .  .  #  .  .  #  .  .  #  .  .  #  .  .  #  .  .  #  .  .  #  .  .  # 
 t  t  #  t  t  #  .  t  #  .  .  #  .  .  #  .  .  #  .  .  #  .  .  #  .  .  #  .  .  # 
 t  t  #  t  t  #  t  t  #  t  t  #  t  .  #  .  .  #  .  .  #  .  .  #  .  .  #  .  .  # 
 t  t  #  t  t  #  t  t  #  t  t  #  t  t  #  t  t  #  .  t  #  .  .  #  .  .  #  .  .  # 
 t  t  #  t  t  #  t  t  #  t  t  #  t  t  #  t  t  #  t  t  #  t  t  #  t  .  #  .  .  # 
1(pl)    2(pl)    1(pl)    2(pl)    1(pl)    2(pl)    1(pl)    2(pl)    1(pl)    2(pl)    
0(de)    0(de)    0(de)    0(de)    0(de)    0(de)    0(de)    0(de)    0(de)    0(de)    
0(go)    0(go)    0(go)    0(go)    0(go)    0(go)    0(go)    0(go)    0(go)    1(go)    

2021-07-23 10:47:42 INFO     Goal found after expanding 5 nodes
2021-07-23 10:47:42 INFO     The solution was: ['2.0', '3.1', '4.0', '5.1', '6.0']
2021-07-23 10:47:42 INFO     Testing policy in instance: nim - 13
 .  t  #  .  .  #  .  .  #  .  .  # 
 .  t  #  .  .  #  .  .  #  .  .  # 
 .  t  #  .  .  #  .  .  #  .  .  # 
 t  t  #  t  t  #  .  t  #  .  .  # 
 t  t  #  t  t  #  .  t  #  .  .  # 
 t  t  #  t  t  #  .  t  #  .  .  # 
 t  t  #  t  t  #  .  t  #  .  .  # 
1(pl)    2(pl)    1(pl)    2(pl)    
0(de)    0(de)    0(de)    0(de)    
0(go)    0(go)    0(go)    1(go)    

2021-07-23 10:47:42 INFO     Goal found after expanding 2 nodes
2021-07-23 10:47:42 INFO     The solution was: ['2.1', '6.1']
2021-07-23 10:47:42 INFO     Testing policy in instance: nim - 14
 .  .  #  .  .  #  .  .  #  .  .  # 
 .  .  #  .  .  #  .  .  #  .  .  # 
 t  .  #  .  .  #  .  .  #  .  .  # 
 t  t  #  t  t  #  t  .  #  .  .  # 
 t  t  #  t  t  #  t  .  #  .  .  # 
 t  t  #  t  t  #  t  .  #  .  .  # 
 t  t  #  t  t  #  t  .  #  .  .  # 
1(pl)    2(pl)    1(pl)    2(pl)    
0(de)    0(de)    0(de)    0(de)    
0(go)    0(go)    0(go)    1(go)    

2021-07-23 10:47:42 INFO     Goal found after expanding 2 nodes
2021-07-23 10:47:42 INFO     The solution was: ['2.0', '6.0']
2021-07-23 10:47:42 INFO     Testing policy in instance: nim - 15
 .  .  #  .  .  #  .  .  #  .  .  #  .  .  #  .  .  # 
 .  .  #  .  .  #  .  .  #  .  .  #  .  .  #  .  .  # 
 .  .  #  .  .  #  .  .  #  .  .  #  .  .  #  .  .  # 
 .  .  #  .  .  #  .  .  #  .  .  #  .  .  #  .  .  # 
 .  .  #  .  .  #  .  .  #  .  .  #  .  .  #  .  .  # 
 .  .  #  .  .  #  .  .  #  .  .  #  .  .  #  .  .  # 
 .  .  #  .  .  #  .  .  #  .  .  #  .  .  #  .  .  # 
 .  .  #  .  .  #  .  .  #  .  .  #  .  .  #  .  .  # 
 .  .  #  .  .  #  .  .  #  .  .  #  .  .  #  .  .  # 
 .  .  #  .  .  #  .  .  #  .  .  #  .  .  #  .  .  # 
 t  .  #  .  .  #  .  .  #  .  .  #  .  .  #  .  .  # 
 t  .  #  .  .  #  .  .  #  .  .  #  .  .  #  .  .  # 
 t  .  #  .  .  #  .  .  #  .  .  #  .  .  #  .  .  # 
 t  .  #  .  .  #  .  .  #  .  .  #  .  .  #  .  .  # 
 t  .  #  .  .  #  .  .  #  .  .  #  .  .  #  .  .  # 
 t  t  #  t  t  #  t  .  #  .  .  #  .  .  #  .  .  # 
 t  t  #  t  t  #  t  .  #  .  .  #  .  .  #  .  .  # 
 t  t  #  t  t  #  t  .  #  .  .  #  .  .  #  .  .  # 
 t  t  #  t  t  #  t  .  #  .  .  #  .  .  #  .  .  # 
 t  t  #  t  t  #  t  .  #  .  .  #  .  .  #  .  .  # 
 t  t  #  t  t  #  t  .  #  .  .  #  .  .  #  .  .  # 
 t  t  #  t  t  #  t  .  #  .  .  #  .  .  #  .  .  # 
 t  t  #  t  t  #  t  .  #  .  .  #  .  .  #  .  .  # 
 t  t  #  t  t  #  t  t  #  t  t  #  .  t  #  .  .  # 
 t  t  #  t  t  #  t  t  #  t  t  #  .  t  #  .  .  # 
1(pl)    2(pl)    1(pl)    2(pl)    1(pl)    2(pl)    
0(de)    0(de)    0(de)    0(de)    0(de)    0(de)    
0(go)    0(go)    0(go)    0(go)    0(go)    1(go)    

2021-07-23 10:47:42 INFO     Goal found after expanding 3 nodes
2021-07-23 10:47:42 INFO     The solution was: ['14.0', '22.0', '24.1']
2021-07-23 10:47:42 INFO     Testing policy in instance: nim - 16
 t  .  #  .  .  #  .  .  #  .  .  # 
 t  .  #  .  .  #  .  .  #  .  .  # 
 t  t  #  t  t  #  t  .  #  .  .  # 
 t  t  #  t  t  #  t  .  #  .  .  # 
 t  t  #  t  t  #  t  .  #  .  .  # 
1(pl)    2(pl)    1(pl)    2(pl)    
0(de)    0(de)    0(de)    0(de)    
0(go)    0(go)    0(go)    1(go)    

2021-07-23 10:47:42 INFO     Goal found after expanding 2 nodes
2021-07-23 10:47:42 INFO     The solution was: ['1.0', '4.0']
2021-07-23 10:47:42 INFO     Testing policy in instance: nim - 17
 .  t  #  .  .  #  .  .  #  .  .  # 
 .  t  #  .  .  #  .  .  #  .  .  # 
 t  t  #  t  t  #  .  t  #  .  .  # 
 t  t  #  t  t  #  .  t  #  .  .  # 
 t  t  #  t  t  #  .  t  #  .  .  # 
1(pl)    2(pl)    1(pl)    2(pl)    
0(de)    0(de)    0(de)    0(de)    
0(go)    0(go)    0(go)    1(go)    

2021-07-23 10:47:42 INFO     Goal found after expanding 2 nodes
2021-07-23 10:47:42 INFO     The solution was: ['1.1', '4.1']
2021-07-23 10:47:42 INFO     Learnt policy solves the 100.0% of test instances: 18/18
2021-07-23 10:47:42 INFO     Solved instances: [0, 1, 2, 3, 4, 5, 6, 7, 8, 9, 10, 11, 12, 13, 14, 15, 16, 17]
2021-07-23 10:47:42 INFO     Unsolved instances: []
================================================================================
END OF STEP #2: Testing of the D2L policy. 3.20 CPU sec - 56.04 MB
================================================================================
