================================================================================
SLTP v.0.2.0
================================================================================
================================================================================
(pid: 32165) STARTING STEP #1: Train: Explore the state space of the training instances
================================================================================
------------------------------------------------
 DOMAIN PARAMETERS: 
------------------------------------------------
------------------------------------------------
domain_name: space_invaders
use_player_as_feature: True
use_next_player_as_feature: False
map_cells: True
use_diagonals_for_map_cells: False
use_adjacency: {'col'}
use_bidirectional: {}
sorts_to_use: {'cell', 'col'}
unary_predicates: {}
predicates_arity_1: {}
agent_has_to_shoot: True
adv_can_move_down: True
adv_can_move_up: False
adv_can_kill_agent: False
max_actions: {1: 2, 2: 1}
target_columns: False
------------------------------------------------
------------------------------------------------
(START Episode 0)
------------------------------------------------
------------------------------------------------
(0) Exploration of the training sample:
------------------------------------------------
2021-05-26 21:19:39 INFO     Expanding train instance: space_invaders - 0
#m.Mm#
#....#
#....#
#....#
#....#
#..A.#

2021-05-26 21:19:39 INFO     Expanding train instance: space_invaders - 17
#m..m#
#m..M#
#....#
#....#
#..A.#

2021-05-26 21:19:39 INFO     Expanding train instance: space_invaders - 18
#m...m#
#m...M#
#.....#
#...A.#

------------------------------------------------
(0) Generation of the training sample:
------------------------------------------------
2021-05-26 21:19:39 INFO     sample: #states=311, #transition-entries=341, #transitions=341
2021-05-26 21:19:39 INFO     Entire sample: roots: 3, states: 311, transitions: 341 (323 optimal), goals: 13, alive: 298, deadends: 0
2021-05-26 21:19:39 INFO     Printing SAT transition matrix with 311 states, 180 states with some outgoing transition, 9 operators, 341 (non-det) transitions, and 272 (adv) transitions,
------------------------------------------------
(0) Generate the pool of candidate features:
------------------------------------------------
2021-05-26 21:19:39 INFO     Starting generation of feature pool. State sample used to detect redundancies: roots: 3, states: 311, transitions: 341 (323 optimal), goals: 13, alive: 298, deadends: 0
2021-05-26 21:19:40 INFO     Printing sample information to '/home/orbital/ws/research/gpl/code/gpl/workspace/space_invaders_1/sample.io'
2021-05-26 21:19:40 INFO     Invoking C++ feature generation module
2021-05-26 21:19:40 INFO     Executing "/home/orbital/ws/research/gpl/code/gpl/src/generators/adv/featuregen --complexity-bound 5 --timeout 15000 --dist-complexity-bound 4 --cond-complexity-bound 0 --print-denotations --workspace /home/orbital/ws/research/gpl/code/gpl/workspace/space_invaders_1" on directory "/home/orbital/ws/research/gpl/code/gpl/experiments"
reading '/home/orbital/ws/research/gpl/code/gpl/workspace/space_invaders_1/transitions-info.io
BASIS: #concepts=10, #roles=1
ROLES: #roles=2
Generating concepts for k=1. Total concepts: 10 (2, 8, 0, 0, 0, 0)... 0 concepts generated, 3 pruned.
Generating concepts for k=2. Total concepts: 10 (2, 8, 0, 0, 0, 0)... 6 concepts generated, 38 pruned.
Generating concepts for k=3. Total concepts: 16 (2, 8, 6, 0, 0, 0)... 9 concepts generated, 63 pruned.
Generating concepts for k=4. Total concepts: 25 (2, 8, 6, 9, 0, 0)... 23 concepts generated, 146 pruned.
Generating concepts for k=5. Total concepts: 48 (2, 8, 6, 9, 23, 0)... 57 concepts generated, 192 pruned.
Total concepts: 105 (2, 8, 6, 9, 23, 57)... 
A total of 442 concepts were pruned
A total of 0 features were marked as goal-identifying
Generating cardinality features...
Generating distance features...
FEATURES: #features=84, #nullary=2, #boolean=19, #numerical=61, #distance=2, #conditional=0, #comparison=0
Printing concept, role and feature denotations to /home/orbital/ws/research/gpl/code/gpl/workspace/space_invaders_1/*-denotations.io.txt
Serializing all concepts and features to:
	/home/orbital/ws/research/gpl/code/gpl/workspace/space_invaders_1/serialized-concepts.io
	/home/orbital/ws/research/gpl/code/gpl/workspace/space_invaders_1/serialized-features.io
2021-05-26 21:19:41 INFO     Reading feature denotation matrix from /home/orbital/ws/research/gpl/code/gpl/workspace/space_invaders_1/feature-matrix.io
------------------------------------------------
(0) C++ CNF generation module:
------------------------------------------------
2021-05-26 21:19:41 INFO     Calling C++ MaxSAT module
2021-05-26 21:19:41 INFO     Executing "/home/orbital/ws/research/gpl/code/gpl/src/generators/adv/cnfgen --workspace /home/orbital/ws/research/gpl/code/gpl/workspace/space_invaders_1 --v_slack 2 --initial-sample-size 100 --refinement-batch-size 200 --seed 0 --verbosity 2 --acyclicity topological --encodings_dir  --sampling_strategy full --optimal_steps 3 --consistency_bound 2 --n_features 2 --closed --maxsat_iter 20" on directory "/home/orbital/ws/research/gpl/code/gpl/experiments"
Parsing training data... 
reading '/home/orbital/ws/research/gpl/code/gpl/workspace/space_invaders_1/transitions-info.io
TransitionSample::read_dump: #states=311, #transitions=341, #transitions (adv)=272
reading '/home/orbital/ws/research/gpl/code/gpl/workspace/space_invaders_1/feature-matrix.io
FeatureMatrix::read_dump: #states=311, #features=84
Done. Training sample: [states: 311, transitions: 341 (from alive state: 341), unsolvable: 0, goals: 13, unknowns: 0, features: 84, est. size: 0.05 MB.]
Sampling 100 alive states at random


###  STARTING ITERATION 1  ###
Sample [sz=311]: 310, 309, 308, 307, 306, 305, 304, 303, 302, 301, 300, 299, 298, 297, 296, 295, 294, 293, 292, 291, 290, 289, 288, 287, 286, 285, 284, 283, 282, 281, 280, 279, 278, 277, 276, 275, 274, 273, 272, 271, 270, 269, 268, 267, 266, 265, 264, 263, 262, 261, 260, 259, 258, 257, 256, 255, 254, 253, 252, 251, 250, 249, 248, 247, 246, 245, 244, 243, 242, 241, 240, 239, 238, 237, 236, 235, 234, 233, 232, 231, 230, 229, 228, 227, 226, 225, 224, 223, 222, 221, 220, 219, 218, 217, 216, 215, 214, 213, 212, 211, 210, 209, 208, 207, 206, 205, 204, 203, 202, 201, 200, 199, 198, 197, 196, 195, 194, 193, 192, 191, 190, 189, 188, 187, 186, 185, 184, 183, 182, 181, 180, 179, 178, 177, 176, 175, 174, 173, 172, 171, 170, 169, 168, 167, 166, 165, 164, 163, 162, 161, 160, 159, 158, 157, 156, 155, 154, 153, 152, 151, 150, 149, 148, 147, 146, 145, 144, 143, 142, 141, 140, 139, 138, 137, 136, 135, 134, 133, 132, 131, 130, 129, 128, 127, 126, 125, 124, 123, 122, 121, 120, 119, 118, 117, 116, 115, 114, 113, 112, 111, 110, 109, 108, 107, 106, 105, 104, 103, 102, 101, 100, 99, 98, 97, 96, 95, 94, 93, 92, 91, 90, 89, 88, 87, 86, 85, 84, 83, 82, 81, 80, 79, 78, 77, 76, 75, 74, 73, 72, 71, 70, 69, 68, 67, 66, 65, 64, 63, 62, 61, 60, 59, 58, 57, 56, 55, 54, 53, 52, 51, 50, 49, 48, 47, 46, 45, 44, 43, 42, 41, 40, 39, 38, 37, 36, 35, 34, 33, 32, 31, 30, 29, 28, 27, 26, 25, 24, 23, 22, 21, 20, 19, 18, 17, 16, 15, 14, 13, 12, 11, 10, 9, 8, 7, 6, 5, 4, 3, 2, 1, 0, 

Number of transitions/equivalence classes: 341/341
Number of necessarily bad transitions/classes: 0/0
Generating CNF encoding for 298 alive states, 341 alive-to-solvable and alive-to-dead transitions and 341 transition equivalence classes
A total of 16517 variables were created
	Select(f): 84
	Good(s, a, s'): 341
	Bad(s): 0
	V(s, d): 16092
Posting distinguishability constraints
A total of 564759 clauses were created
	Policy completeness [1]: 0
	Transition separation [5,6]: 116281
	V descending along good transitions [X]: 21465
	V is total function within bounds [X]: 426736
	Goal separation [X]: 0
	(Weighted) Select(f): 84
Writing final DIMACS file...
CNF [16517 vars, 564759 clauses] generated in 4.80 sec.
Calling: open-wbo_static /home/orbital/ws/research/gpl/code/gpl/workspace/space_invaders_1/theory.wsat > /home/orbital/ws/research/gpl/code/gpl/workspace/space_invaders_1/maxsat_solver_run.log
Call returned with exit code 7680
Solution with cost 6 found in 0.41sec.

Good(0, 2, 3) Good(1, 1, 4) Good(3, 1, 10) Good(11, 1, 16) Good(12, 1, 17) Good(13, 0, 17) Good(15, 1, 27) Good(18, 2, 34) Good(20, 0, 33) Good(22, 2, 35) 
Good(26, 1, 37) Good(28, 1, 38) Good(31, 0, 40) Good(35, 1, 49) Good(39, 0, 59) Good(42, 2, 70) Good(44, 0, 69) Good(7, 0, 13) Good(48, 0, 71) Good(37, 1, 54) 
Good(51, 1, 76) Good(40, 0, 66) Good(53, 1, 70) Good(57, 0, 78) Good(58, 0, 79) Good(60, 1, 81) Good(61, 0, 82) Good(62, 2, 85) Good(67, 0, 86) Good(68, 1, 87) 
Good(69, 0, 87) Good(244, 6, 245) Good(273, 7, 277) Good(76, 1, 101) Good(191, 3, 216) Good(145, 3, 147) Good(173, 3, 185) Good(79, 0, 109) Good(195, 3, 220) Good(271, 7, 276) 
Good(30, 0, 39) Good(203, 4, 224) Good(111, 1, 125) Good(214, 4, 229) Good(34, 0, 45) Good(219, 5, 226) Good(218, 4, 190) Good(222, 5, 233) Good(249, 6, 244) Good(184, 4, 198) 
Good(224, 4, 174) Good(50, 1, 75) Good(228, 3, 238) Good(190, 4, 216) Good(204, 5, 226) Good(55, 1, 77) Good(114, 2, 120) Good(108, 0, 75) Good(230, 5, 212) Good(231, 3, 241) 
Good(72, 1, 93) Good(185, 3, 198) Good(141, 4, 146) Good(229, 4, 240) Good(261, 6, 264) Good(188, 4, 210) Good(251, 6, 248) Good(253, 7, 254) Good(170, 5, 186) Good(98, 2, 120) 
Good(292, 6, 299) Good(106, 2, 85) Good(287, 6, 290) Good(65, 0, 83) Good(99, 0, 118) Good(289, 6, 292) Good(156, 5, 161) Good(194, 5, 209) Good(234, 4, 186) Good(237, 4, 188) 
Good(83, 0, 115) Good(187, 5, 212) Good(24, 0, 34) Good(250, 7, 252) Good(242, 6, 243) Good(307, 6, 309) Good(291, 8, 301) Good(2, 0, 4) Good(94, 1, 118) Good(300, 6, 305) 
Good(165, 5, 174) Good(283, 7, 291) Good(259, 6, 260) Good(303, 6, 307) Good(298, 8, 306) Good(33, 0, 41) Good(103, 0, 121) Good(64, 0, 81) Good(281, 7, 290) Good(270, 7, 275) 
Good(277, 7, 286) Good(294, 8, 304) Good(75, 2, 100) Good(143, 3, 145) Good(257, 6, 258) Good(189, 3, 206) Good(267, 7, 268) Good(16, 2, 29) Good(46, 2, 72) Good(197, 3, 165) 
Good(275, 7, 280) Good(227, 3, 174) Good(290, 8, 296) Good(183, 4, 196) Good(274, 8, 279) Good(276, 7, 284) Good(193, 4, 178) Good(199, 3, 222) Good(268, 7, 272) Good(36, 0, 47) 
Good(14, 0, 21) Good(118, 2, 100) Good(225, 3, 233) Good(211, 4, 230) Good(265, 8, 266) Good(263, 6, 265) Good(38, 2, 56) Good(223, 3, 232) Good(254, 7, 255) Good(167, 3, 181) 
Good(260, 6, 262) Good(256, 8, 257) Good(207, 5, 192) Good(149, 5, 155) Good(82, 2, 116) Good(186, 5, 209) Good(182, 3, 194) Good(136, 5, 140) Good(305, 6, 308) Good(179, 4, 166) 
Good(177, 5, 192) Good(32, 1, 41) Good(176, 3, 186) Good(175, 4, 187) Good(155, 4, 159) Good(201, 3, 223) Good(135, 3, 136) Good(172, 5, 187) Good(164, 4, 168) Good(169, 4, 183) 
Good(295, 6, 278) Good(278, 6, 284) Good(166, 4, 180) Good(163, 3, 157) Good(9, 1, 15) Good(221, 3, 231) Good(70, 1, 90) Good(96, 1, 119) Good(162, 5, 167) Good(121, 0, 131) 
Good(160, 4, 165) Good(247, 7, 250) Good(77, 2, 102) Good(154, 3, 148) Good(80, 1, 110) Good(153, 4, 156) Good(78, 0, 104) Good(205, 4, 194) Good(146, 4, 152) Good(117, 1, 127) 
Good(144, 5, 148) Good(243, 8, 246) Good(126, 1, 59) Good(139, 3, 144) Good(137, 3, 138) Good(129, 2, 120) Good(5, 2, 14) Good(125, 1, 134) Good(122, 2, 116) Good(124, 1, 133) 
Good(208, 3, 225) Good(112, 2, 85) Good(119, 1, 130) Good(105, 0, 122) Good(86, 2, 116) Good(84, 1, 104) Good(123, 1, 131) Good(285, 6, 291) Good(158, 3, 154) Good(81, 2, 100) 
Good(74, 1, 95) Good(73, 0, 92) Good(71, 0, 91) 
Good(0, 2, 3) Good(1, 1, 4) Good(3, 1, 10) Good(11, 1, 16) Good(12, 1, 17) Good(13, 0, 17) Good(15, 1, 27) Good(18, 2, 34) Good(20, 0, 33) Good(22, 2, 35) 
Good(26, 1, 37) Good(28, 1, 38) Good(31, 0, 40) Good(35, 1, 49) Good(39, 0, 59) Good(42, 2, 70) Good(44, 0, 69) Good(7, 0, 13) Good(48, 0, 71) Good(37, 1, 54) 
Good(51, 1, 76) Good(40, 0, 66) Good(53, 1, 70) Good(57, 0, 78) Good(58, 0, 79) Good(60, 1, 81) Good(61, 0, 82) Good(62, 2, 85) Good(67, 0, 86) Good(68, 1, 87) 
Good(69, 0, 87) Good(244, 6, 245) Good(273, 7, 277) Good(76, 1, 101) Good(191, 3, 216) Good(145, 3, 147) Good(173, 3, 185) Good(79, 0, 109) Good(195, 3, 220) Good(271, 7, 276) 
Good(30, 0, 39) Good(203, 4, 224) Good(111, 1, 125) Good(214, 4, 229) Good(34, 0, 45) Good(219, 5, 226) Good(218, 4, 190) Good(222, 5, 233) Good(249, 6, 244) Good(184, 4, 198) 
Good(224, 4, 174) Good(50, 1, 75) Good(228, 3, 238) Good(190, 4, 216) Good(204, 5, 226) Good(55, 1, 77) Good(114, 2, 120) Good(108, 0, 75) Good(230, 5, 212) Good(231, 3, 241) 
Good(72, 1, 93) Good(185, 3, 198) Good(141, 4, 146) Good(229, 4, 240) Good(261, 6, 264) Good(188, 4, 210) Good(251, 6, 248) Good(253, 7, 254) Good(170, 5, 186) Good(98, 2, 120) 
Good(292, 6, 299) Good(106, 2, 85) Good(287, 6, 290) Good(65, 0, 83) Good(99, 0, 118) Good(289, 6, 292) Good(156, 5, 161) Good(194, 5, 209) Good(234, 4, 186) Good(237, 4, 188) 
Good(83, 0, 115) Good(187, 5, 212) Good(24, 0, 34) Good(250, 7, 252) Good(242, 6, 243) Good(307, 6, 309) Good(291, 8, 301) Good(2, 0, 4) Good(94, 1, 118) Good(300, 6, 305) 
Good(165, 5, 174) Good(283, 7, 291) Good(259, 6, 260) Good(303, 6, 307) Good(298, 8, 306) Good(33, 0, 41) Good(103, 0, 121) Good(64, 0, 81) Good(281, 7, 290) Good(270, 7, 275) 
Good(277, 7, 286) Good(294, 8, 304) Good(75, 2, 100) Good(143, 3, 145) Good(257, 6, 258) Good(189, 3, 206) Good(267, 7, 268) Good(16, 2, 29) Good(46, 2, 72) Good(197, 3, 165) 
Good(275, 7, 280) Good(227, 3, 174) Good(290, 8, 296) Good(183, 4, 196) Good(274, 8, 279) Good(276, 7, 284) Good(193, 4, 178) Good(199, 3, 222) Good(268, 7, 272) Good(36, 0, 47) 
Good(14, 0, 21) Good(118, 2, 100) Good(225, 3, 233) Good(211, 4, 230) Good(265, 8, 266) Good(263, 6, 265) Good(38, 2, 56) Good(223, 3, 232) Good(254, 7, 255) Good(167, 3, 181) 
Good(260, 6, 262) Good(256, 8, 257) Good(207, 5, 192) Good(149, 5, 155) Good(82, 2, 116) Good(186, 5, 209) Good(182, 3, 194) Good(136, 5, 140) Good(305, 6, 308) Good(179, 4, 166) 
Good(177, 5, 192) Good(32, 1, 41) Good(176, 3, 186) Good(175, 4, 187) Good(155, 4, 159) Good(201, 3, 223) Good(135, 3, 136) Good(172, 5, 187) Good(164, 4, 168) Good(169, 4, 183) 
Good(295, 6, 278) Good(278, 6, 284) Good(166, 4, 180) Good(163, 3, 157) Good(9, 1, 15) Good(221, 3, 231) Good(70, 1, 90) Good(96, 1, 119) Good(162, 5, 167) Good(121, 0, 131) 
Good(160, 4, 165) Good(247, 7, 250) Good(77, 2, 102) Good(154, 3, 148) Good(80, 1, 110) Good(153, 4, 156) Good(78, 0, 104) Good(205, 4, 194) Good(146, 4, 152) Good(117, 1, 127) 
Good(144, 5, 148) Good(243, 8, 246) Good(126, 1, 59) Good(139, 3, 144) Good(137, 3, 138) Good(129, 2, 120) Good(5, 2, 14) Good(125, 1, 134) Good(122, 2, 116) Good(124, 1, 133) 
Good(208, 3, 225) Good(112, 2, 85) Good(119, 1, 130) Good(105, 0, 122) Good(86, 2, 116) Good(84, 1, 104) Good(123, 1, 131) Good(285, 6, 291) Good(158, 3, 154) Good(81, 2, 100) 
Good(74, 1, 95) Good(73, 0, 92) Good(71, 0, 91) 
Num Good(s, a, s') selected: 193 (56.60%)
Num Bad(s) selected: 0 (0.00%)
Num selected features: 3 (3.57%)
Features: 
	0: Num[cell-has-martian] [k=1]
	1: Bool[cell-has-target_martian] [k=1]
	2: Dist[col-has-agent;adjacent_col;col-has-target_martian] [k=4]
Solution found in iteration #1 is correct!
DNF transition-classifier saved in /home/orbital/ws/research/gpl/code/gpl/workspace/space_invaders_1/classifier.txt
Total times: Theory generation: 4.80, Solver: 0.41, TOTAL: 5.22
------------------------------------------------
(END Episode 0)
------------------------------------------------
================================================================================
END OF STEP #1: Train: Explore the state space of the training instances. 6.98 CPU sec - 94.78 MB
================================================================================
================================================================================
(pid: 32182) STARTING STEP #2: Testing of the D2L policy
================================================================================

POLICY:
Features (#: 3; total k: 6; max k = 4):
  (A) Num[cell-has-martian] [k=1]
  (B) Bool[cell-has-target_martian] [k=1]
  (C) Dist[col-has-agent;adjacent_col;col-has-target_martian] [k=4]
Invariants: B>0
Policy:
  1. B>0 AND C>0 -> {A ·, B ·, C ↓}
  2. A=0 AND B>0 AND C=0 -> {A ·, B ↓, C ↑}
  3. A>0 AND B>0 AND C=0 -> {A ↓, B ·, C ↑}, {A ↓, B ·, C ·}

2021-05-26 21:19:46 INFO     Testing policy in instance: space_invaders - 0
m.mM # m.mM # M.m. # .M.m # .M.m # .M.m # .... # .... # .... # .... # .... # 
.... # .... # .... # .... # .... # .... # .M.m # ...M # ...M # ..M. # .... # 
.... # .... # .... # .... # .... # .... # .... # .... # .... # .... # .... # 
.... # .... # .... # .... # .... # .... # .... # .... # .... # .... # .... # 
.... # .... # .... # .... # .... # .... # .... # .... # .... # .... # .... # 
..A. # ...A # ...A # ...A # ..A. # .A.. # .A.. # .A.. # ..A. # ..A. # ..A. # 
1 (pl) 1 (pl) 2 (pl) 1 (pl) 1 (pl) 2 (pl) 1 (pl) 1 (pl) 2 (pl) 1 (pl) 1 (pl) 
0 (nm) 1 (nm) 2 (nm) 3 (nm) 4 (nm) 5 (nm) 6 (nm) 7 (nm) 8 (nm) 9 (nm) 10 (nm)

2021-05-26 21:19:46 INFO     Goal found after expanding 7 nodes
2021-05-26 21:19:46 INFO     The solution was: [2, 0, 1, 1, 0, 2, 0]
2021-05-26 21:19:46 INFO     Testing policy in instance: space_invaders - 1
M.mm # M.mm # ..mM # .mM. # .mM. # .mM. # mM.. # mM.. # M... # .M.. # .... # 
.... # .... # .... # .... # .... # .... # .... # .... # .... # .... # .... # 
.... # .... # .... # .... # .... # .... # .... # .... # .... # .... # .... # 
.... # .... # .... # .... # .... # .... # .... # .... # .... # .... # .... # 
.... # .... # .... # .... # .... # .... # .... # .... # .... # .... # .... # 
.... # .... # .... # .... # .... # .... # .... # .... # .... # .... # .... # 
.... # .... # .... # .... # .... # .... # .... # .... # .... # .... # .... # 
.... # .... # .... # .... # .... # .... # .... # .... # .... # .... # .... # 
.... # .... # .... # .... # .... # .... # .... # .... # .... # .... # .... # 
.A.. # A... # A... # A... # .A.. # ..A. # ..A. # .A.. # .A.. # .A.. # .A.. # 
1 (pl) 1 (pl) 2 (pl) 1 (pl) 1 (pl) 2 (pl) 1 (pl) 1 (pl) 2 (pl) 1 (pl) 1 (pl) 
0 (nm) 1 (nm) 2 (nm) 3 (nm) 4 (nm) 5 (nm) 6 (nm) 7 (nm) 8 (nm) 9 (nm) 10 (nm)

2021-05-26 21:19:46 INFO     Goal found after expanding 7 nodes
2021-05-26 21:19:46 INFO     The solution was: [1, 0, 2, 2, 1, 0, 0]
2021-05-26 21:19:46 INFO     Testing policy in instance: space_invaders - 2
m.Mm...... # m.Mm...... # m..M...... # .m..M..... # .m..M..... # .m..M..... # ..m..M.... # ..m..M.... # ..M....... # ...M...... # ...M...... # ...M...... # ....M..... # ....M..... # .......... # 
.......... # .......... # .......... # .......... # .......... # .......... # .......... # .......... # .......... # .......... # .......... # .......... # .......... # .......... # .......... # 
.......... # .......... # .......... # .......... # .......... # .......... # .......... # .......... # .......... # .......... # .......... # .......... # .......... # .......... # .......... # 
.......... # .......... # .......... # .......... # .......... # .......... # .......... # .......... # .......... # .......... # .......... # .......... # .......... # .......... # .......... # 
.......... # .......... # .......... # .......... # .......... # .......... # .......... # .......... # .......... # .......... # .......... # .......... # .......... # .......... # .......... # 
.......... # .......... # .......... # .......... # .......... # .......... # .......... # .......... # .......... # .......... # .......... # .......... # .......... # .......... # .......... # 
.......... # .......... # .......... # .......... # .......... # .......... # .......... # .......... # .......... # .......... # .......... # .......... # .......... # .......... # .......... # 
.......... # .......... # .......... # .......... # .......... # .......... # .......... # .......... # .......... # .......... # .......... # .......... # .......... # .......... # .......... # 
.......... # .......... # .......... # .......... # .......... # .......... # .......... # .......... # .......... # .......... # .......... # .......... # .......... # .......... # .......... # 
.A........ # ..A....... # ..A....... # ..A....... # ...A...... # ....A..... # ....A..... # .....A.... # .....A.... # .....A.... # ....A..... # ...A...... # ...A...... # ....A..... # ....A..... # 
1 (pl)       1 (pl)       2 (pl)       1 (pl)       1 (pl)       2 (pl)       1 (pl)       1 (pl)       2 (pl)       1 (pl)       1 (pl)       2 (pl)       1 (pl)       1 (pl)       2 (pl)       
0 (nm)       1 (nm)       2 (nm)       3 (nm)       4 (nm)       5 (nm)       6 (nm)       7 (nm)       8 (nm)       9 (nm)       10 (nm)      11 (nm)      12 (nm)      13 (nm)      14 (nm)      

2021-05-26 21:19:46 INFO     Goal found after expanding 10 nodes
2021-05-26 21:19:46 INFO     The solution was: [2, 0, 2, 2, 2, 0, 1, 1, 2, 0]
2021-05-26 21:19:46 INFO     Testing policy in instance: space_invaders - 3
m.Mm. # M..m. # M..m. # ..... # ..... # ..... # ..... # ..... # ..... # ..... # ..... # 
..... # ..... # ..... # M..m. # M..m. # ...M. # ..... # ..... # ..... # ..... # ..... # 
..... # ..... # ..... # ..... # ..... # ..... # ...M. # ...M. # ...M. # ..M.. # ..... # 
..... # ..... # ..... # ..... # ..... # ..... # ..... # ..... # ..... # ..... # ..... # 
..... # ..... # ..... # ..... # ..... # ..... # ..... # ..... # ..... # ..... # ..... # 
..... # ..... # ..... # ..... # ..... # ..... # ..... # ..... # ..... # ..... # ..... # 
..A.. # ..A.. # .A... # .A... # A.... # A.... # A.... # .A... # ..A.. # ..A.. # ..A.. # 
1 (pl)  1 (pl)  2 (pl)  1 (pl)  1 (pl)  2 (pl)  1 (pl)  1 (pl)  2 (pl)  1 (pl)  1 (pl)  
0 (nm)  1 (nm)  2 (nm)  3 (nm)  4 (nm)  5 (nm)  6 (nm)  7 (nm)  8 (nm)  9 (nm)  10 (nm) 

2021-05-26 21:19:46 INFO     Goal found after expanding 7 nodes
2021-05-26 21:19:46 INFO     The solution was: [0, 1, 1, 0, 2, 2, 0]
2021-05-26 21:19:46 INFO     Testing policy in instance: space_invaders - 4
m..m. # m..m. # m..m. # .m..m # .m..m # .m..m # m..m. # m..m. # m..M. # ..... # ..... # ..... # ..... # ..... # ..... # ..... # ..... # ..... # 
m..M. # m..M. # m..M. # .m..M # .m..M # .m..M # m..M. # m..M. # m.... # m..M. # m.... # m.... # .m... # .m... # .M... # ..M.. # ..M.. # ..... # 
..... # ..... # ..... # ..... # ..... # ..... # ..... # ..... # ..... # m.... # M.... # M.... # .M... # .M... # ..... # ..... # ..... # ..... # 
..... # ..... # ..... # ..... # ..... # ..... # ..... # ..... # ..... # ..... # ..... # ..... # ..... # ..... # ..... # ..... # ..... # ..... # 
..... # ..... # ..... # ..... # ..... # ..... # ..... # ..... # ..... # ..... # ..... # ..... # ..... # ..... # ..... # ..... # ..... # ..... # 
..... # ..... # ..... # ..... # ..... # ..... # ..... # ..... # ..... # ..... # ..... # ..... # ..... # ..... # ..... # ..... # ..... # ..... # 
..... # ..... # ..... # ..... # ..... # ..... # ..... # ..... # ..... # ..... # ..... # ..... # ..... # ..... # ..... # ..... # ..... # ..... # 
..... # ..... # ..... # ..... # ..... # ..... # ..... # ..... # ..... # ..... # ..... # ..... # ..... # ..... # ..... # ..... # ..... # ..... # 
A.... # .A... # ..A.. # ..A.. # ...A. # ....A # ....A # ...A. # ...A. # ...A. # ...A. # ..A.. # ..A.. # .A... # .A... # .A... # ..A.. # ..A.. # 
1 (pl)  1 (pl)  2 (pl)  1 (pl)  1 (pl)  2 (pl)  1 (pl)  1 (pl)  2 (pl)  1 (pl)  1 (pl)  2 (pl)  1 (pl)  1 (pl)  2 (pl)  1 (pl)  1 (pl)  2 (pl)  
0 (nm)  1 (nm)  2 (nm)  3 (nm)  4 (nm)  5 (nm)  6 (nm)  7 (nm)  8 (nm)  9 (nm)  10 (nm) 11 (nm) 12 (nm) 13 (nm) 14 (nm) 15 (nm) 16 (nm) 17 (nm) 

2021-05-26 21:19:46 INFO     Goal found after expanding 12 nodes
2021-05-26 21:19:46 INFO     The solution was: [2, 2, 2, 2, 1, 0, 0, 1, 1, 0, 2, 0]
2021-05-26 21:19:46 INFO     Testing policy in instance: space_invaders - 5
m.mm.... # m.mm.... # m.mm.... # .m.mm... # .m.mm... # .m.mm... # ..m.mm.. # ..m.mm.. # ..m.mm.. # ........ # ........ # ........ # ........ # ........ # ........ # ........ # ........ # ........ # ........ # ........ # ........ # ........ # ........ # ........ # ........ # ........ # ........ # ........ # ........ # ........ # ........ # ........ # ........ # ........ # ........ # ........ # ........ # ........ # ........ # ........ # ........ # ........ # ........ # ........ # ........ # ........ # ........ # ........ # ........ # ........ # ........ # ........ # ........ # ........ # ........ # ........ # ........ # ........ # ........ # ........ # ........ # ........ # ........ # 
m.mm.... # m.mm.... # m.mm.... # .m.mm... # .m.mm... # .m.mm... # ..m.mm.. # ..m.mm.. # ..m.mm.. # ..m.mm.. # ..m.mm.. # ..m.mm.. # ...m.mm. # ...m.mm. # ...m.mm. # ........ # ........ # ........ # ........ # ........ # ........ # ........ # ........ # ........ # ........ # ........ # ........ # ........ # ........ # ........ # ........ # ........ # ........ # ........ # ........ # ........ # ........ # ........ # ........ # ........ # ........ # ........ # ........ # ........ # ........ # ........ # ........ # ........ # ........ # ........ # ........ # ........ # ........ # ........ # ........ # ........ # ........ # ........ # ........ # ........ # ........ # ........ # ........ # 
m.mm.... # m.mm.... # m.mm.... # .m.mm... # .m.mm... # .m.mm... # ..m.mm.. # ..m.mm.. # ..m.mm.. # ..m.mm.. # ..m.mm.. # ..m.mm.. # ...m.mm. # ...m.mm. # ...m.mm. # ...m.mm. # ...m.mm. # ...m.mm. # ..m.mm.. # ..m.mm.. # ..m.mm.. # .m.mm... # .m.mm... # .m.mm... # m.mm.... # m.mm.... # m.mm.... # ........ # ........ # ........ # ........ # ........ # ........ # ........ # ........ # ........ # ........ # ........ # ........ # ........ # ........ # ........ # ........ # ........ # ........ # ........ # ........ # ........ # ........ # ........ # ........ # ........ # ........ # ........ # ........ # ........ # ........ # ........ # ........ # ........ # ........ # ........ # ........ # 
m.mm.... # m.mm.... # m.mm.... # .m.mm... # .m.mm... # .m.mm... # ..m.mm.. # ..m.mm.. # ..m.mm.. # ..m.mm.. # ..m.mm.. # ..m.mm.. # ...m.mm. # ...m.mm. # ...m.mm. # ...m.mm. # ...m.mm. # ...m.mm. # ..m.mm.. # ..m.mm.. # ..m.mm.. # .m.mm... # .m.mm... # .m.mm... # m.mm.... # m.mm.... # m.mm.... # m.mm.... # m.mm.... # m.mm.... # ........ # ........ # ........ # ........ # ........ # ........ # ........ # ........ # ........ # ........ # ........ # ........ # ........ # ........ # ........ # ........ # ........ # ........ # ........ # ........ # ........ # ........ # ........ # ........ # ........ # ........ # ........ # ........ # ........ # ........ # ........ # ........ # ........ # 
m.mm.... # m.mm.... # m.mm.... # .m.mm... # .m.mm... # .m.Mm... # ..m.Mm.. # ..m.Mm.. # ..m..m.. # ..m.mm.. # ..m.mm.. # ..m.Mm.. # ...m.Mm. # ...m..m. # ...m..m. # ...m.mm. # ...m.mm. # ...m.mm. # ..m.mm.. # ..m.mm.. # ..m.mm.. # .m.mm... # .m.mm... # .m.mm... # m.mm.... # m.mm.... # m.mm.... # m.mm.... # m.mm.... # m.mm.... # m.mm.... # m.mm.... # m.mm.... # ........ # ........ # ........ # ........ # ........ # ........ # ........ # ........ # ........ # ........ # ........ # ........ # ........ # ........ # ........ # ........ # ........ # ........ # ........ # ........ # ........ # ........ # ........ # ........ # ........ # ........ # ........ # ........ # ........ # ........ # 
m.Mm.... # m.Mm.... # m.Mm.... # .m.Mm... # .m.Mm... # .m..m... # ..m..m.. # ..m..m.. # ..m..M.. # ..m..m.. # ..m..m.. # ..m..m.. # ...m..m. # ...m..M. # ...m..M. # ...m..m. # ...m..m. # ...m..m. # ..m..m.. # ..m..m.. # ..m..m.. # .m..m... # .m..m... # .m..m... # m..m.... # m..m.... # m..m.... # m.mm.... # m.mm.... # m.mm.... # m.mm.... # m.mm.... # m.mm.... # m.mm.... # m.mm.... # m.mm.... # ........ # ........ # ........ # ........ # ........ # ........ # ........ # ........ # ........ # ........ # ........ # ........ # ........ # ........ # ........ # ........ # ........ # ........ # ........ # ........ # ........ # ........ # ........ # ........ # ........ # ........ # ........ # 
........ # ........ # ........ # ........ # ........ # ........ # ........ # ........ # ........ # ..m..M.. # ..m..M.. # ..m..... # ...m.... # ...m.... # ...m.... # ...m..M. # ...m.... # ...m.... # ..m..... # ..m..... # ..m..... # .m...... # .m...... # .m...... # m....... # m....... # M....... # m..m.... # m..M.... # m..M.... # m.mm.... # m.mm.... # m.mm.... # m.mm.... # m.mm.... # m.mM.... # m.mm.... # m.mm.... # m.mm.... # ........ # ........ # ........ # ........ # ........ # ........ # ........ # ........ # ........ # ........ # ........ # ........ # ........ # ........ # ........ # ........ # ........ # ........ # ........ # ........ # ........ # ........ # ........ # ........ # 
........ # ........ # ........ # ........ # ........ # ........ # ........ # ........ # ........ # ........ # ........ # ........ # ........ # ........ # ........ # ...m.... # ...M.... # ...M.... # ..M..... # ..M..... # ..M..... # .M...... # .M...... # .M...... # M....... # M....... # ........ # M....... # ........ # ........ # m..M.... # m..M.... # m..M.... # m.mm.... # m.mM.... # m.m..... # m.mM.... # m.m..... # m.m..... # m.mm.... # m.mm.... # m.Mm.... # ........ # ........ # ........ # ........ # ........ # ........ # ........ # ........ # ........ # ........ # ........ # ........ # ........ # ........ # ........ # ........ # ........ # ........ # ........ # ........ # ........ # 
........ # ........ # ........ # ........ # ........ # ........ # ........ # ........ # ........ # ........ # ........ # ........ # ........ # ........ # ........ # ........ # ........ # ........ # ........ # ........ # ........ # ........ # ........ # ........ # ........ # ........ # ........ # ........ # ........ # ........ # ........ # ........ # ........ # m..M.... # m....... # m....... # m.m..... # m.M..... # m.M..... # m.m..... # m.M..... # m....... # m.Mm.... # m..m.... # m..m.... # .m..m... # .m..M... # .m..M... # m..M.... # m..M.... # m....... # ........ # ........ # ........ # ........ # ........ # ........ # ........ # ........ # ........ # ........ # ........ # ........ # 
........ # ........ # ........ # ........ # ........ # ........ # ........ # ........ # ........ # ........ # ........ # ........ # ........ # ........ # ........ # ........ # ........ # ........ # ........ # ........ # ........ # ........ # ........ # ........ # ........ # ........ # ........ # ........ # ........ # ........ # ........ # ........ # ........ # ........ # ........ # ........ # m....... # m....... # m....... # m.M..... # m....... # m....... # m....... # m....... # m....... # .m...... # .m...... # .m...... # m....... # m....... # m....... # m....... # m....... # m....... # ........ # ........ # ........ # ........ # ........ # ........ # ........ # ........ # ........ # 
........ # ........ # ........ # ........ # ........ # ........ # ........ # ........ # ........ # ........ # ........ # ........ # ........ # ........ # ........ # ........ # ........ # ........ # ........ # ........ # ........ # ........ # ........ # ........ # ........ # ........ # ........ # ........ # ........ # ........ # ........ # ........ # ........ # ........ # ........ # ........ # ........ # ........ # ........ # m....... # m....... # m....... # m....... # m....... # m....... # .m...... # .m...... # .m...... # m....... # m....... # M....... # m....... # m....... # m....... # m....... # m....... # m....... # .m...... # .m...... # .M...... # ..M..... # ..M..... # ........ # 
........ # ........ # ........ # ........ # ........ # ........ # ........ # ........ # ........ # ........ # ........ # ........ # ........ # ........ # ........ # ........ # ........ # ........ # ........ # ........ # ........ # ........ # ........ # ........ # ........ # ........ # ........ # ........ # ........ # ........ # ........ # ........ # ........ # ........ # ........ # ........ # ........ # ........ # ........ # ........ # ........ # ........ # m....... # M....... # M....... # .M...... # ........ # ........ # ........ # ........ # ........ # M....... # M....... # M....... # m....... # m....... # M....... # .M...... # .M...... # ........ # ........ # ........ # ........ # 
........ # ........ # ........ # ........ # ........ # ........ # ........ # ........ # ........ # ........ # ........ # ........ # ........ # ........ # ........ # ........ # ........ # ........ # ........ # ........ # ........ # ........ # ........ # ........ # ........ # ........ # ........ # ........ # ........ # ........ # ........ # ........ # ........ # ........ # ........ # ........ # ........ # ........ # ........ # ........ # ........ # ........ # ........ # ........ # ........ # ........ # ........ # ........ # ........ # ........ # ........ # ........ # ........ # ........ # M....... # M....... # ........ # ........ # ........ # ........ # ........ # ........ # ........ # 
........ # ........ # ........ # ........ # ........ # ........ # ........ # ........ # ........ # ........ # ........ # ........ # ........ # ........ # ........ # ........ # ........ # ........ # ........ # ........ # ........ # ........ # ........ # ........ # ........ # ........ # ........ # ........ # ........ # ........ # ........ # ........ # ........ # ........ # ........ # ........ # ........ # ........ # ........ # ........ # ........ # ........ # ........ # ........ # ........ # ........ # ........ # ........ # ........ # ........ # ........ # ........ # ........ # ........ # ........ # ........ # ........ # ........ # ........ # ........ # ........ # ........ # ........ # 
........ # ........ # ........ # ........ # ........ # ........ # ........ # ........ # ........ # ........ # ........ # ........ # ........ # ........ # ........ # ........ # ........ # ........ # ........ # ........ # ........ # ........ # ........ # ........ # ........ # ........ # ........ # ........ # ........ # ........ # ........ # ........ # ........ # ........ # ........ # ........ # ........ # ........ # ........ # ........ # ........ # ........ # ........ # ........ # ........ # ........ # ........ # ........ # ........ # ........ # ........ # ........ # ........ # ........ # ........ # ........ # ........ # ........ # ........ # ........ # ........ # ........ # ........ # 
........ # ........ # ........ # ........ # ........ # ........ # ........ # ........ # ........ # ........ # ........ # ........ # ........ # ........ # ........ # ........ # ........ # ........ # ........ # ........ # ........ # ........ # ........ # ........ # ........ # ........ # ........ # ........ # ........ # ........ # ........ # ........ # ........ # ........ # ........ # ........ # ........ # ........ # ........ # ........ # ........ # ........ # ........ # ........ # ........ # ........ # ........ # ........ # ........ # ........ # ........ # ........ # ........ # ........ # ........ # ........ # ........ # ........ # ........ # ........ # ........ # ........ # ........ # 
........ # ........ # ........ # ........ # ........ # ........ # ........ # ........ # ........ # ........ # ........ # ........ # ........ # ........ # ........ # ........ # ........ # ........ # ........ # ........ # ........ # ........ # ........ # ........ # ........ # ........ # ........ # ........ # ........ # ........ # ........ # ........ # ........ # ........ # ........ # ........ # ........ # ........ # ........ # ........ # ........ # ........ # ........ # ........ # ........ # ........ # ........ # ........ # ........ # ........ # ........ # ........ # ........ # ........ # ........ # ........ # ........ # ........ # ........ # ........ # ........ # ........ # ........ # 
........ # ........ # ........ # ........ # ........ # ........ # ........ # ........ # ........ # ........ # ........ # ........ # ........ # ........ # ........ # ........ # ........ # ........ # ........ # ........ # ........ # ........ # ........ # ........ # ........ # ........ # ........ # ........ # ........ # ........ # ........ # ........ # ........ # ........ # ........ # ........ # ........ # ........ # ........ # ........ # ........ # ........ # ........ # ........ # ........ # ........ # ........ # ........ # ........ # ........ # ........ # ........ # ........ # ........ # ........ # ........ # ........ # ........ # ........ # ........ # ........ # ........ # ........ # 
........ # ........ # ........ # ........ # ........ # ........ # ........ # ........ # ........ # ........ # ........ # ........ # ........ # ........ # ........ # ........ # ........ # ........ # ........ # ........ # ........ # ........ # ........ # ........ # ........ # ........ # ........ # ........ # ........ # ........ # ........ # ........ # ........ # ........ # ........ # ........ # ........ # ........ # ........ # ........ # ........ # ........ # ........ # ........ # ........ # ........ # ........ # ........ # ........ # ........ # ........ # ........ # ........ # ........ # ........ # ........ # ........ # ........ # ........ # ........ # ........ # ........ # ........ # 
....A... # ...A.... # ..A..... # ..A..... # ...A.... # ...A.... # ...A.... # ....A... # ....A... # ....A... # .....A.. # .....A.. # .....A.. # .....A.. # ......A. # ......A. # ......A. # .....A.. # .....A.. # ....A... # ...A.... # ...A.... # ..A..... # .A...... # .A...... # A....... # A....... # A....... # A....... # .A...... # .A...... # ..A..... # ...A.... # ...A.... # ...A.... # ...A.... # ...A.... # ...A.... # ..A..... # ..A..... # ..A..... # ..A..... # ..A..... # ..A..... # .A...... # .A...... # .A...... # ..A..... # ..A..... # ...A.... # ...A.... # ...A.... # ..A..... # .A...... # .A...... # A....... # A....... # A....... # .A...... # .A...... # .A...... # ..A..... # ..A..... # 
1 (pl)     1 (pl)     2 (pl)     1 (pl)     1 (pl)     2 (pl)     1 (pl)     1 (pl)     2 (pl)     1 (pl)     1 (pl)     2 (pl)     1 (pl)     1 (pl)     2 (pl)     1 (pl)     1 (pl)     2 (pl)     1 (pl)     1 (pl)     2 (pl)     1 (pl)     1 (pl)     2 (pl)     1 (pl)     1 (pl)     2 (pl)     1 (pl)     1 (pl)     2 (pl)     1 (pl)     1 (pl)     2 (pl)     1 (pl)     1 (pl)     2 (pl)     1 (pl)     1 (pl)     2 (pl)     1 (pl)     1 (pl)     2 (pl)     1 (pl)     1 (pl)     2 (pl)     1 (pl)     1 (pl)     2 (pl)     1 (pl)     1 (pl)     2 (pl)     1 (pl)     1 (pl)     2 (pl)     1 (pl)     1 (pl)     2 (pl)     1 (pl)     1 (pl)     2 (pl)     1 (pl)     1 (pl)     2 (pl)     
0 (nm)     1 (nm)     2 (nm)     3 (nm)     4 (nm)     5 (nm)     6 (nm)     7 (nm)     8 (nm)     9 (nm)     10 (nm)    11 (nm)    12 (nm)    13 (nm)    14 (nm)    15 (nm)    16 (nm)    17 (nm)    18 (nm)    19 (nm)    20 (nm)    21 (nm)    22 (nm)    23 (nm)    24 (nm)    25 (nm)    26 (nm)    27 (nm)    28 (nm)    29 (nm)    30 (nm)    31 (nm)    32 (nm)    33 (nm)    34 (nm)    35 (nm)    36 (nm)    37 (nm)    38 (nm)    39 (nm)    40 (nm)    41 (nm)    42 (nm)    43 (nm)    44 (nm)    45 (nm)    46 (nm)    47 (nm)    48 (nm)    49 (nm)    50 (nm)    51 (nm)    52 (nm)    53 (nm)    54 (nm)    55 (nm)    56 (nm)    57 (nm)    58 (nm)    59 (nm)    60 (nm)    61 (nm)    62 (nm)    

2021-05-26 21:19:47 INFO     Goal found after expanding 42 nodes
2021-05-26 21:19:47 INFO     The solution was: [1, 1, 2, 0, 2, 0, 2, 0, 0, 2, 0, 1, 1, 1, 1, 1, 1, 0, 0, 2, 2, 2, 0, 0, 0, 1, 0, 0, 0, 1, 0, 2, 2, 0, 1, 1, 1, 0, 2, 0, 2, 0]
2021-05-26 21:19:47 INFO     Testing policy in instance: space_invaders - 6
M.mm...... # ..Mm...... # ..Mm...... # .......... # .......... # .......... # .......... # .......... # 
.......... # .......... # .......... # ..Mm...... # ..Mm...... # ...M...... # ..M....... # .......... # 
.......... # .......... # .......... # .......... # .......... # .......... # .......... # .......... # 
.......... # .......... # .......... # .......... # .......... # .......... # .......... # .......... # 
.......... # .......... # .......... # .......... # .......... # .......... # .......... # .......... # 
.......... # .......... # .......... # .......... # .......... # .......... # .......... # .......... # 
.......... # .......... # .......... # .......... # .......... # .......... # .......... # .......... # 
.......... # .......... # .......... # .......... # .......... # .......... # .......... # .......... # 
.......... # .......... # .......... # .......... # .......... # .......... # .......... # .......... # 
.......... # .......... # .......... # .......... # .......... # .......... # .......... # .......... # 
.......... # .......... # .......... # .......... # .......... # .......... # .......... # .......... # 
.......... # .......... # .......... # .......... # .......... # .......... # .......... # .......... # 
.......... # .......... # .......... # .......... # .......... # .......... # .......... # .......... # 
.......... # .......... # .......... # .......... # .......... # .......... # .......... # .......... # 
.......... # .......... # .......... # .......... # .......... # .......... # .......... # .......... # 
.......... # .......... # .......... # .......... # .......... # .......... # .......... # .......... # 
.......... # .......... # .......... # .......... # .......... # .......... # .......... # .......... # 
.......... # .......... # .......... # .......... # .......... # .......... # .......... # .......... # 
.......... # .......... # .......... # .......... # .......... # .......... # .......... # .......... # 
A......... # A......... # .A........ # .A........ # ..A....... # ..A....... # ..A....... # ..A....... # 
1 (pl)       1 (pl)       2 (pl)       1 (pl)       1 (pl)       2 (pl)       1 (pl)       1 (pl)       
0 (nm)       1 (nm)       2 (nm)       3 (nm)       4 (nm)       5 (nm)       6 (nm)       7 (nm)       

2021-05-26 21:19:47 INFO     Goal found after expanding 5 nodes
2021-05-26 21:19:47 INFO     The solution was: [0, 2, 2, 0, 0]
2021-05-26 21:19:47 INFO     Testing policy in instance: space_invaders - 7
m..................M # m..................M # m..................M # .................... # .................... # .................... # .................... # .................... # .................... # .................... # .................... # .................... # .................... # .................... # .................... # .................... # .................... # .................... # .................... # .................... # .................... # .................... # .................... # .................... # .................... # .................... # .................... # .................... # .................... # .................... # .................... # .................... # .................... # .................... # .................... # .................... # .................... # .................... # .................... # .................... # .................... # .................... # .................... # .................... # .................... # .................... # .................... # .................... # .................... # .................... # .................... # 
.................... # .................... # .................... # m..................M # m..................M # m..................M # .................... # .................... # .................... # .................... # .................... # .................... # .................... # .................... # .................... # .................... # .................... # .................... # .................... # .................... # .................... # .................... # .................... # .................... # .................... # .................... # .................... # .................... # .................... # .................... # .................... # .................... # .................... # .................... # .................... # .................... # .................... # .................... # .................... # .................... # .................... # .................... # .................... # .................... # .................... # .................... # .................... # .................... # .................... # .................... # .................... # 
.................... # .................... # .................... # .................... # .................... # .................... # m..................M # m..................M # m..................M # .................... # .................... # .................... # .................... # .................... # .................... # .................... # .................... # .................... # .................... # .................... # .................... # .................... # .................... # .................... # .................... # .................... # .................... # .................... # .................... # .................... # .................... # .................... # .................... # .................... # .................... # .................... # .................... # .................... # .................... # .................... # .................... # .................... # .................... # .................... # .................... # .................... # .................... # .................... # .................... # .................... # .................... # 
.................... # .................... # .................... # .................... # .................... # .................... # .................... # .................... # .................... # m..................M # m..................M # m..................M # .................... # .................... # .................... # .................... # .................... # .................... # .................... # .................... # .................... # .................... # .................... # .................... # .................... # .................... # .................... # .................... # .................... # .................... # .................... # .................... # .................... # .................... # .................... # .................... # .................... # .................... # .................... # .................... # .................... # .................... # .................... # .................... # .................... # .................... # .................... # .................... # .................... # .................... # .................... # 
.................... # .................... # .................... # .................... # .................... # .................... # .................... # .................... # .................... # .................... # .................... # .................... # m..................M # m..................M # m..................M # .................... # .................... # .................... # .................... # .................... # .................... # .................... # .................... # .................... # .................... # .................... # .................... # .................... # .................... # .................... # .................... # .................... # .................... # .................... # .................... # .................... # .................... # .................... # .................... # .................... # .................... # .................... # .................... # .................... # .................... # .................... # .................... # .................... # .................... # .................... # .................... # 
.................... # .................... # .................... # .................... # .................... # .................... # .................... # .................... # .................... # .................... # .................... # .................... # .................... # .................... # .................... # m..................M # m..................M # m..................M # .................... # .................... # .................... # .................... # .................... # .................... # .................... # .................... # .................... # .................... # .................... # .................... # .................... # .................... # .................... # .................... # .................... # .................... # .................... # .................... # .................... # .................... # .................... # .................... # .................... # .................... # .................... # .................... # .................... # .................... # .................... # .................... # .................... # 
.................... # .................... # .................... # .................... # .................... # .................... # .................... # .................... # .................... # .................... # .................... # .................... # .................... # .................... # .................... # .................... # .................... # .................... # m..................M # m..................M # m..................M # .................... # .................... # .................... # .................... # .................... # .................... # .................... # .................... # .................... # .................... # .................... # .................... # .................... # .................... # .................... # .................... # .................... # .................... # .................... # .................... # .................... # .................... # .................... # .................... # .................... # .................... # .................... # .................... # .................... # .................... # 
.................... # .................... # .................... # .................... # .................... # .................... # .................... # .................... # .................... # .................... # .................... # .................... # .................... # .................... # .................... # .................... # .................... # .................... # .................... # .................... # .................... # m..................M # m..................M # M................... # .................... # .................... # .................... # .................... # .................... # .................... # .................... # .................... # .................... # .................... # .................... # .................... # .................... # .................... # .................... # .................... # .................... # .................... # .................... # .................... # .................... # .................... # .................... # .................... # .................... # .................... # .................... # 
.................... # .................... # .................... # .................... # .................... # .................... # .................... # .................... # .................... # .................... # .................... # .................... # .................... # .................... # .................... # .................... # .................... # .................... # .................... # .................... # .................... # .................... # .................... # .................... # M................... # M................... # M................... # .M.................. # .M.................. # .M.................. # .................... # .................... # .................... # .................... # .................... # .................... # .................... # .................... # .................... # .................... # .................... # .................... # .................... # .................... # .................... # .................... # .................... # .................... # .................... # .................... # .................... # 
.................... # .................... # .................... # .................... # .................... # .................... # .................... # .................... # .................... # .................... # .................... # .................... # .................... # .................... # .................... # .................... # .................... # .................... # .................... # .................... # .................... # .................... # .................... # .................... # .................... # .................... # .................... # .................... # .................... # .................... # .M.................. # .M.................. # .M.................. # ..M................. # ..M................. # ..M................. # .M.................. # .M.................. # .M.................. # M................... # M................... # M................... # .................... # .................... # .................... # .................... # .................... # .................... # .................... # .................... # .................... # 
.................... # .................... # .................... # .................... # .................... # .................... # .................... # .................... # .................... # .................... # .................... # .................... # .................... # .................... # .................... # .................... # .................... # .................... # .................... # .................... # .................... # .................... # .................... # .................... # .................... # .................... # .................... # .................... # .................... # .................... # .................... # .................... # .................... # .................... # .................... # .................... # .................... # .................... # .................... # .................... # .................... # .................... # M................... # M................... # M................... # .M.................. # .M.................. # .M.................. # ..M................. # ..M................. # .................... # 
.................... # .................... # .................... # .................... # .................... # .................... # .................... # .................... # .................... # .................... # .................... # .................... # .................... # .................... # .................... # .................... # .................... # .................... # .................... # .................... # .................... # .................... # .................... # .................... # .................... # .................... # .................... # .................... # .................... # .................... # .................... # .................... # .................... # .................... # .................... # .................... # .................... # .................... # .................... # .................... # .................... # .................... # .................... # .................... # .................... # .................... # .................... # .................... # .................... # .................... # .................... # 
.................... # .................... # .................... # .................... # .................... # .................... # .................... # .................... # .................... # .................... # .................... # .................... # .................... # .................... # .................... # .................... # .................... # .................... # .................... # .................... # .................... # .................... # .................... # .................... # .................... # .................... # .................... # .................... # .................... # .................... # .................... # .................... # .................... # .................... # .................... # .................... # .................... # .................... # .................... # .................... # .................... # .................... # .................... # .................... # .................... # .................... # .................... # .................... # .................... # .................... # .................... # 
.................... # .................... # .................... # .................... # .................... # .................... # .................... # .................... # .................... # .................... # .................... # .................... # .................... # .................... # .................... # .................... # .................... # .................... # .................... # .................... # .................... # .................... # .................... # .................... # .................... # .................... # .................... # .................... # .................... # .................... # .................... # .................... # .................... # .................... # .................... # .................... # .................... # .................... # .................... # .................... # .................... # .................... # .................... # .................... # .................... # .................... # .................... # .................... # .................... # .................... # .................... # 
.................... # .................... # .................... # .................... # .................... # .................... # .................... # .................... # .................... # .................... # .................... # .................... # .................... # .................... # .................... # .................... # .................... # .................... # .................... # .................... # .................... # .................... # .................... # .................... # .................... # .................... # .................... # .................... # .................... # .................... # .................... # .................... # .................... # .................... # .................... # .................... # .................... # .................... # .................... # .................... # .................... # .................... # .................... # .................... # .................... # .................... # .................... # .................... # .................... # .................... # .................... # 
.................... # .................... # .................... # .................... # .................... # .................... # .................... # .................... # .................... # .................... # .................... # .................... # .................... # .................... # .................... # .................... # .................... # .................... # .................... # .................... # .................... # .................... # .................... # .................... # .................... # .................... # .................... # .................... # .................... # .................... # .................... # .................... # .................... # .................... # .................... # .................... # .................... # .................... # .................... # .................... # .................... # .................... # .................... # .................... # .................... # .................... # .................... # .................... # .................... # .................... # .................... # 
.................... # .................... # .................... # .................... # .................... # .................... # .................... # .................... # .................... # .................... # .................... # .................... # .................... # .................... # .................... # .................... # .................... # .................... # .................... # .................... # .................... # .................... # .................... # .................... # .................... # .................... # .................... # .................... # .................... # .................... # .................... # .................... # .................... # .................... # .................... # .................... # .................... # .................... # .................... # .................... # .................... # .................... # .................... # .................... # .................... # .................... # .................... # .................... # .................... # .................... # .................... # 
.................... # .................... # .................... # .................... # .................... # .................... # .................... # .................... # .................... # .................... # .................... # .................... # .................... # .................... # .................... # .................... # .................... # .................... # .................... # .................... # .................... # .................... # .................... # .................... # .................... # .................... # .................... # .................... # .................... # .................... # .................... # .................... # .................... # .................... # .................... # .................... # .................... # .................... # .................... # .................... # .................... # .................... # .................... # .................... # .................... # .................... # .................... # .................... # .................... # .................... # .................... # 
.................... # .................... # .................... # .................... # .................... # .................... # .................... # .................... # .................... # .................... # .................... # .................... # .................... # .................... # .................... # .................... # .................... # .................... # .................... # .................... # .................... # .................... # .................... # .................... # .................... # .................... # .................... # .................... # .................... # .................... # .................... # .................... # .................... # .................... # .................... # .................... # .................... # .................... # .................... # .................... # .................... # .................... # .................... # .................... # .................... # .................... # .................... # .................... # .................... # .................... # .................... # 
....A............... # .....A.............. # ......A............. # ......A............. # .......A............ # ........A........... # ........A........... # .........A.......... # ..........A......... # ..........A......... # ...........A........ # ............A....... # ............A....... # .............A...... # ..............A..... # ..............A..... # ...............A.... # ................A... # ................A... # .................A.. # ..................A. # ..................A. # ...................A # ...................A # ...................A # ..................A. # .................A.. # .................A.. # ................A... # ...............A.... # ...............A.... # ..............A..... # .............A...... # .............A...... # ............A....... # ...........A........ # ...........A........ # ..........A......... # .........A.......... # .........A.......... # ........A........... # .......A............ # .......A............ # ......A............. # .....A.............. # .....A.............. # ....A............... # ...A................ # ...A................ # ..A................. # ..A................. # 
1 (pl)                 1 (pl)                 2 (pl)                 1 (pl)                 1 (pl)                 2 (pl)                 1 (pl)                 1 (pl)                 2 (pl)                 1 (pl)                 1 (pl)                 2 (pl)                 1 (pl)                 1 (pl)                 2 (pl)                 1 (pl)                 1 (pl)                 2 (pl)                 1 (pl)                 1 (pl)                 2 (pl)                 1 (pl)                 1 (pl)                 2 (pl)                 1 (pl)                 1 (pl)                 2 (pl)                 1 (pl)                 1 (pl)                 2 (pl)                 1 (pl)                 1 (pl)                 2 (pl)                 1 (pl)                 1 (pl)                 2 (pl)                 1 (pl)                 1 (pl)                 2 (pl)                 1 (pl)                 1 (pl)                 2 (pl)                 1 (pl)                 1 (pl)                 2 (pl)                 1 (pl)                 1 (pl)                 2 (pl)                 1 (pl)                 1 (pl)                 2 (pl)                 
0 (nm)                 1 (nm)                 2 (nm)                 3 (nm)                 4 (nm)                 5 (nm)                 6 (nm)                 7 (nm)                 8 (nm)                 9 (nm)                 10 (nm)                11 (nm)                12 (nm)                13 (nm)                14 (nm)                15 (nm)                16 (nm)                17 (nm)                18 (nm)                19 (nm)                20 (nm)                21 (nm)                22 (nm)                23 (nm)                24 (nm)                25 (nm)                26 (nm)                27 (nm)                28 (nm)                29 (nm)                30 (nm)                31 (nm)                32 (nm)                33 (nm)                34 (nm)                35 (nm)                36 (nm)                37 (nm)                38 (nm)                39 (nm)                40 (nm)                41 (nm)                42 (nm)                43 (nm)                44 (nm)                45 (nm)                46 (nm)                47 (nm)                48 (nm)                49 (nm)                50 (nm)                

2021-05-26 21:19:47 INFO     Goal found after expanding 34 nodes
2021-05-26 21:19:47 INFO     The solution was: [2, 2, 2, 2, 2, 2, 2, 2, 2, 2, 2, 2, 2, 2, 2, 0, 1, 1, 1, 1, 1, 1, 1, 1, 1, 1, 1, 1, 1, 1, 1, 1, 1, 0]
2021-05-26 21:19:47 INFO     Testing policy in instance: space_invaders - 8
m.m.m. # m.m.m. # m.m.m. # .m.m.m # .m.m.m # .m.m.m # m.m.m. # m.m.m. # m.m.m. # .m.m.m # .m.M.m # .m.M.m # ...... # ...... # ...... # ...... # ...... # ...... # ...... # ...... # ...... # ...... # ...... # ...... # ...... # ...... # ...... # 
m.M.m. # m.M.m. # m.M.m. # .m.M.m # .m.M.m # .M...m # M...m. # M...m. # M...m. # .M...m # .....m # .....m # .m.M.m # .m.M.m # .M...m # M...m. # M...m. # M...m. # .M...m # .....m # .....m # ...... # ...... # ...... # ...... # ...... # ...... # 
...... # ...... # ...... # ...... # ...... # ...... # ...... # ...... # ...... # ...... # ...... # ...... # .....m # .....m # .....m # ....m. # ....m. # ....m. # .....m # .....M # .....M # .....m # .....m # .....m # ....m. # ....M. # ...... # 
...... # ...... # ...... # ...... # ...... # ...... # ...... # ...... # ...... # ...... # ...... # ...... # ...... # ...... # ...... # ...... # ...... # ...... # ...... # ...... # ...... # .....M # .....M # .....M # ....M. # ...... # ...... # 
...... # ...... # ...... # ...... # ...... # ...... # ...... # ...... # ...... # ...... # ...... # ...... # ...... # ...... # ...... # ...... # ...... # ...... # ...... # ...... # ...... # ...... # ...... # ...... # ...... # ...... # ...... # 
...... # ...... # ...... # ...... # ...... # ...... # ...... # ...... # ...... # ...... # ...... # ...... # ...... # ...... # ...... # ...... # ...... # ...... # ...... # ...... # ...... # ...... # ...... # ...... # ...... # ...... # ...... # 
...... # ...... # ...... # ...... # ...... # ...... # ...... # ...... # ...... # ...... # ...... # ...... # ...... # ...... # ...... # ...... # ...... # ...... # ...... # ...... # ...... # ...... # ...... # ...... # ...... # ...... # ...... # 
...... # ...... # ...... # ...... # ...... # ...... # ...... # ...... # ...... # ...... # ...... # ...... # ...... # ...... # ...... # ...... # ...... # ...... # ...... # ...... # ...... # ...... # ...... # ...... # ...... # ...... # ...... # 
....A. # ...A.. # ..A... # ..A... # ...A.. # ...A.. # ...A.. # ..A... # .A.... # .A.... # .A.... # ..A... # ..A... # ...A.. # ...A.. # ...A.. # ..A... # .A.... # .A.... # .A.... # ..A... # ..A... # ...A.. # ....A. # ....A. # ....A. # ....A. # 
1 (pl)   1 (pl)   2 (pl)   1 (pl)   1 (pl)   2 (pl)   1 (pl)   1 (pl)   2 (pl)   1 (pl)   1 (pl)   2 (pl)   1 (pl)   1 (pl)   2 (pl)   1 (pl)   1 (pl)   2 (pl)   1 (pl)   1 (pl)   2 (pl)   1 (pl)   1 (pl)   2 (pl)   1 (pl)   1 (pl)   2 (pl)   
0 (nm)   1 (nm)   2 (nm)   3 (nm)   4 (nm)   5 (nm)   6 (nm)   7 (nm)   8 (nm)   9 (nm)   10 (nm)  11 (nm)  12 (nm)  13 (nm)  14 (nm)  15 (nm)  16 (nm)  17 (nm)  18 (nm)  19 (nm)  20 (nm)  21 (nm)  22 (nm)  23 (nm)  24 (nm)  25 (nm)  26 (nm)  

2021-05-26 21:19:47 INFO     Goal found after expanding 18 nodes
2021-05-26 21:19:47 INFO     The solution was: [1, 1, 2, 0, 1, 1, 0, 2, 2, 0, 1, 1, 0, 2, 2, 2, 0, 0]
2021-05-26 21:19:47 INFO     Testing policy in instance: space_invaders - 9
.....M.... # .......... # 
.......... # .......... # 
.......... # .......... # 
.......... # .......... # 
.......... # .......... # 
.....A.... # .....A.... # 
1 (pl)       1 (pl)       
0 (nm)       1 (nm)       

2021-05-26 21:19:47 INFO     Goal found after expanding 1 nodes
2021-05-26 21:19:47 INFO     The solution was: [0]
2021-05-26 21:19:47 INFO     Testing policy in instance: space_invaders - 10
.M.......m # .M.......m # .M.......m # .......... # .......... # .......... # .......... # .......... # .......... # .......... # .......... # .......... # .......... # .......... # .......... # .......... # .......... # .......... # .......... # .......... # 
.......... # .......... # .......... # .M.......m # .M.......m # .M.......m # .......... # .......... # .......... # .......... # .......... # .......... # .......... # .......... # .......... # .......... # .......... # .......... # .......... # .......... # 
.......... # .......... # .......... # .......... # .......... # .......... # .M.......m # .........M # .........M # ........M. # ........M. # ........M. # .........M # .........M # .........M # .......... # .......... # .......... # .......... # .......... # 
.......... # .......... # .......... # .......... # .......... # .......... # .......... # .......... # .......... # .......... # .......... # .......... # .......... # .......... # .......... # .........M # .........M # .........M # ........M. # .......... # 
.......... # .......... # .......... # .......... # .......... # .......... # .......... # .......... # .......... # .......... # .......... # .......... # .......... # .......... # .......... # .......... # .......... # .......... # .......... # .......... # 
.....A.... # ....A..... # ...A...... # ...A...... # ..A....... # .A........ # .A........ # .A........ # ..A....... # ..A....... # ...A...... # ....A..... # ....A..... # .....A.... # ......A... # ......A... # .......A.. # ........A. # ........A. # ........A. # 
1 (pl)       1 (pl)       2 (pl)       1 (pl)       1 (pl)       2 (pl)       1 (pl)       1 (pl)       2 (pl)       1 (pl)       1 (pl)       2 (pl)       1 (pl)       1 (pl)       2 (pl)       1 (pl)       1 (pl)       2 (pl)       1 (pl)       1 (pl)       
0 (nm)       1 (nm)       2 (nm)       3 (nm)       4 (nm)       5 (nm)       6 (nm)       7 (nm)       8 (nm)       9 (nm)       10 (nm)      11 (nm)      12 (nm)      13 (nm)      14 (nm)      15 (nm)      16 (nm)      17 (nm)      18 (nm)      19 (nm)      

2021-05-26 21:19:47 INFO     Goal found after expanding 13 nodes
2021-05-26 21:19:47 INFO     The solution was: [1, 1, 1, 1, 0, 2, 2, 2, 2, 2, 2, 2, 0]
2021-05-26 21:19:47 INFO     Testing policy in instance: space_invaders - 11
.M........ # .M........ # .M........ # .......... # .......... # .......... # .......... # .......... # .......... # 
.......... # .......... # .......... # .M........ # .M........ # .M........ # ..M....... # ..M....... # .......... # 
.......... # .......... # .......... # .......... # .......... # .......... # .......... # .......... # .......... # 
.......... # .......... # .......... # .......... # .......... # .......... # .......... # .......... # .......... # 
.......... # .......... # .......... # .......... # .......... # .......... # .......... # .......... # .......... # 
.......... # .......... # .......... # .......... # .......... # .......... # .......... # .......... # .......... # 
.......... # .......... # .......... # .......... # .......... # .......... # .......... # .......... # .......... # 
.......... # .......... # .......... # .......... # .......... # .......... # .......... # .......... # .......... # 
.......... # .......... # .......... # .......... # .......... # .......... # .......... # .......... # .......... # 
.......... # .......... # .......... # .......... # .......... # .......... # .......... # .......... # .......... # 
.....A.... # ....A..... # ...A...... # ...A...... # ..A....... # .A........ # .A........ # ..A....... # ..A....... # 
1 (pl)       1 (pl)       2 (pl)       1 (pl)       1 (pl)       2 (pl)       1 (pl)       1 (pl)       2 (pl)       
0 (nm)       1 (nm)       2 (nm)       3 (nm)       4 (nm)       5 (nm)       6 (nm)       7 (nm)       8 (nm)       

2021-05-26 21:19:47 INFO     Goal found after expanding 6 nodes
2021-05-26 21:19:47 INFO     The solution was: [1, 1, 1, 1, 2, 0]
2021-05-26 21:19:47 INFO     Testing policy in instance: space_invaders - 12
.........M # .........M # .........M # ........M. # ........M. # .......... # 
.......... # .......... # .......... # .......... # .......... # .......... # 
.......... # .......... # .......... # .......... # .......... # .......... # 
.......... # .......... # .......... # .......... # .......... # .......... # 
.......... # .......... # .......... # .......... # .......... # .......... # 
.....A.... # ......A... # .......A.. # .......A.. # ........A. # ........A. # 
1 (pl)       1 (pl)       2 (pl)       1 (pl)       1 (pl)       2 (pl)       
0 (nm)       1 (nm)       2 (nm)       3 (nm)       4 (nm)       5 (nm)       

2021-05-26 21:19:47 INFO     Goal found after expanding 4 nodes
2021-05-26 21:19:47 INFO     The solution was: [2, 2, 2, 0]
2021-05-26 21:19:47 INFO     Testing policy in instance: space_invaders - 13
...M # ...M # ...M # ..M. # ..M. # .... # 
.... # .... # .... # .... # .... # .... # 
.... # .... # .... # .... # .... # .... # 
.... # .... # .... # .... # .... # .... # 
.... # .... # .... # .... # .... # .... # 
.A.. # ..A. # ...A # ...A # ..A. # ..A. # 
1 (pl) 1 (pl) 2 (pl) 1 (pl) 1 (pl) 2 (pl) 
0 (nm) 1 (nm) 2 (nm) 3 (nm) 4 (nm) 5 (nm) 

2021-05-26 21:19:47 INFO     Goal found after expanding 4 nodes
2021-05-26 21:19:47 INFO     The solution was: [2, 2, 1, 0]
2021-05-26 21:19:47 INFO     Testing policy in instance: space_invaders - 17
m..m # m..m # m..m # .... # .... # .... # .... # .... # .... # .... # .... # .... # .... # .... # .... # 
M..m # M..m # M..m # m..m # M..m # ...m # ..m. # ..m. # ..m. # .m.. # .m.. # .M.. # M... # M... # .... # 
.... # .... # .... # M..m # ...m # ...M # ..M. # ..M. # ..M. # .M.. # .M.. # .... # .... # .... # .... # 
.... # .... # .... # .... # .... # .... # .... # .... # .... # .... # .... # .... # .... # .... # .... # 
..A. # .A.. # A... # A... # A... # A... # A... # .A.. # ..A. # ..A. # .A.. # .A.. # .A.. # A... # A... # 
1 (pl) 1 (pl) 2 (pl) 1 (pl) 1 (pl) 2 (pl) 1 (pl) 1 (pl) 2 (pl) 1 (pl) 1 (pl) 2 (pl) 1 (pl) 1 (pl) 2 (pl) 
0 (nm) 1 (nm) 2 (nm) 3 (nm) 4 (nm) 5 (nm) 6 (nm) 7 (nm) 8 (nm) 9 (nm) 10 (nm)11 (nm)12 (nm)13 (nm)14 (nm)

2021-05-26 21:19:47 INFO     Goal found after expanding 10 nodes
2021-05-26 21:19:47 INFO     The solution was: [1, 1, 0, 0, 2, 2, 1, 0, 1, 0]
2021-05-26 21:19:47 INFO     Testing policy in instance: space_invaders - 18
m...m # m...m # m...M # m...M # m.... # m.... # .m... # .m... # .m... # ..m.. # ..m.. # ..M.. # ...M. # ...M. # ..... # 
m...M # m...M # m.... # m.... # M.... # M.... # .M... # .M... # .M... # ..M.. # ..M.. # ..... # ..... # ..... # ..... # 
..... # ..... # ..... # ..... # ..... # ..... # ..... # ..... # ..... # ..... # ..... # ..... # ..... # ..... # ..... # 
...A. # ....A # ....A # ....A # ....A # ...A. # ...A. # ..A.. # .A... # .A... # ..A.. # ..A.. # ..A.. # ...A. # ...A. # 
1 (pl)  1 (pl)  2 (pl)  1 (pl)  1 (pl)  2 (pl)  1 (pl)  1 (pl)  2 (pl)  1 (pl)  1 (pl)  2 (pl)  1 (pl)  1 (pl)  2 (pl)  
0 (nm)  1 (nm)  2 (nm)  3 (nm)  4 (nm)  5 (nm)  6 (nm)  7 (nm)  8 (nm)  9 (nm)  10 (nm) 11 (nm) 12 (nm) 13 (nm) 14 (nm) 

2021-05-26 21:19:47 INFO     Goal found after expanding 10 nodes
2021-05-26 21:19:47 INFO     The solution was: [2, 0, 0, 1, 1, 1, 2, 0, 2, 0]
2021-05-26 21:19:47 INFO     Learnt policy solves the 100.0% of test instances: 16/16
2021-05-26 21:19:47 INFO     Solved instances: [0, 1, 2, 3, 4, 5, 6, 7, 8, 9, 10, 11, 12, 13, 17, 18]
2021-05-26 21:19:47 INFO     Unsolved instances: []
================================================================================
END OF STEP #2: Testing of the D2L policy. 0.84 CPU sec - 94.78 MB
================================================================================
