================================================================================
SLTP v.0.2.0
================================================================================
================================================================================
(pid: 188211) STARTING STEP #1: Train: Explore the state space of the training instances
================================================================================
------------------------------------------------
 DOMAIN PARAMETERS: 
------------------------------------------------
------------------------------------------------
domain_name: wumpus
use_player_as_feature: False
use_player_to_encode: False
use_next_player_as_feature: True
use_next_player_to_encode: True
use_margin_as_feature: False
map_cells: True
use_diagonals_for_map_cells: True
use_adjacency: {'cell'}
use_bidirectional: {}
sorts_to_use: {'cell'}
objects_to_ignore: set()
unary_predicates: {}
can_build_walls: False
wumpus_active: False
ava_actions: {1: {0, 1, 2, 3, 4, 5, 6, 7}, 2: {0, 1, 2, 3}}
max_actions: {1: 2, 2: 1}
------------------------------------------------
------------------------------------------------
(START Episode 0)
------------------------------------------------
------------------------------------------------
(0) Exploration of the training sample:
------------------------------------------------
2021-06-01 15:56:56 INFO     Expanding train instance: wumpus - 0
# A  .  .  * #
# *  .  .  * #
# .  .  *  g #
# *  .  .  W #

------------------------------------------------
(0) Generation of the training sample:
------------------------------------------------
2021-06-01 15:56:56 INFO     sample: #states=208, #transition-entries=587, #transitions=587
2021-06-01 15:56:56 INFO     Entire sample: roots: 1, states: 208, transitions: 587 (233 optimal), goals: 20, alive: 176, deadends: 9
2021-06-01 15:56:56 INFO     Printing SAT transition matrix with 208 states, 147 states with some outgoing transition, 8 operators, 587 (non-det) transitions, and 287 (adv) transitions,
------------------------------------------------
(0) Generate the pool of candidate features:
------------------------------------------------
2021-06-01 15:56:56 INFO     Starting generation of feature pool. State sample used to detect redundancies: roots: 1, states: 208, transitions: 587 (233 optimal), goals: 20, alive: 176, deadends: 9
2021-06-01 15:56:56 INFO     Printing sample information to '/home/orbital/ws/research/gpl/code/gpl/workspace/wumpus_1/sample.io'
2021-06-01 15:56:56 INFO     Invoking C++ feature generation module
2021-06-01 15:56:56 INFO     Executing "/home/orbital/ws/research/gpl/code/gpl/src/generators/adv/featuregen --complexity-bound 5 --timeout 15000 --dist-complexity-bound 4 --cond-complexity-bound 0 --print-denotations --workspace /home/orbital/ws/research/gpl/code/gpl/workspace/wumpus_1" on directory "/home/orbital/ws/research/gpl/code/gpl/experiments"
reading '/home/orbital/ws/research/gpl/code/gpl/workspace/wumpus_1/transitions-info.io
BASIS: #concepts=9, #roles=1
ROLES: #roles=2
Generating concepts for k=1. Total concepts: 6 (2, 4, 0, 0, 0, 0)... 0 concepts generated, 3 pruned.
Generating concepts for k=2. Total concepts: 6 (2, 4, 0, 0, 0, 0)... 4 concepts generated, 20 pruned.
Generating concepts for k=3. Total concepts: 10 (2, 4, 4, 0, 0, 0)... 5 concepts generated, 29 pruned.
Generating concepts for k=4. Total concepts: 15 (2, 4, 4, 5, 0, 0)... 8 concepts generated, 65 pruned.
Generating concepts for k=5. Total concepts: 23 (2, 4, 4, 5, 8, 0)... 24 concepts generated, 59 pruned.
Total concepts: 47 (2, 4, 4, 5, 8, 24)... 
A total of 176 concepts were pruned
A total of 0 features were marked as goal-identifying
Generating cardinality features...
Generating distance features...
FEATURES: #features=22, #nullary=2, #boolean=4, #numerical=13, #distance=3, #conditional=0, #comparison=0
Printing concept, role and feature denotations to /home/orbital/ws/research/gpl/code/gpl/workspace/wumpus_1/*-denotations.io.txt
Serializing all concepts and features to:
	/home/orbital/ws/research/gpl/code/gpl/workspace/wumpus_1/serialized-concepts.io
	/home/orbital/ws/research/gpl/code/gpl/workspace/wumpus_1/serialized-features.io
2021-06-01 15:56:57 INFO     Reading feature denotation matrix from /home/orbital/ws/research/gpl/code/gpl/workspace/wumpus_1/feature-matrix.io
------------------------------------------------
(0) C++ CNF generation module:
------------------------------------------------
2021-06-01 15:56:57 INFO     Calling C++ MaxSAT module
2021-06-01 15:56:57 INFO     Executing "/home/orbital/ws/research/gpl/code/gpl/src/generators/adv/cnfgen --workspace /home/orbital/ws/research/gpl/code/gpl/workspace/wumpus_1 --v_slack 2 --distinguish-goals --initial-sample-size 20 --refinement-batch-size 50 --seed 0 --verbosity 3 --acyclicity topological --encodings_dir  --sampling_strategy full --optimal_steps 3 --consistency_bound 2 --n_features 2 --closed --maxsat_iter 10 --allow_bad_states" on directory "/home/orbital/ws/research/gpl/code/gpl/experiments"
Parsing training data... 
reading '/home/orbital/ws/research/gpl/code/gpl/workspace/wumpus_1/transitions-info.io
TransitionSample::read_dump: #states=208, #transitions=587, #transitions (adv)=287
reading '/home/orbital/ws/research/gpl/code/gpl/workspace/wumpus_1/feature-matrix.io
FeatureMatrix::read_dump: #states=208, #features=22
Done. Training sample: [states: 208, transitions: 587 (from alive state: 587), unsolvable: 12, goals: 20, unknowns: 0, features: 22, est. size: 0.01 MB.]
Sampling 20 alive states at random


###  STARTING ITERATION 1  ###
Sample [sz=208]: 207, 206, 205, 204, 203, 202, 201, 200, 199, 198, 197, 196, 195, 194, 193, 192, 191, 190, 189, 188, 187, 186, 185, 184, 183, 182, 181, 180, 179, 178, 177, 176, 175, 174, 173, 172, 171, 170, 169, 168, 167, 166, 165, 164, 163, 162, 161, 160, 159, 158, 157, 156, 155, 154, 153, 152, 151, 150, 149, 148, 147, 146, 145, 144, 143, 142, 141, 140, 139, 138, 137, 136, 135, 134, 133, 132, 131, 130, 129, 128, 127, 126, 125, 124, 123, 122, 121, 120, 119, 118, 117, 116, 115, 114, 113, 112, 111, 110, 109, 108, 107, 106, 105, 104, 103, 102, 101, 100, 99, 98, 97, 96, 95, 94, 93, 92, 91, 90, 89, 88, 87, 86, 85, 84, 83, 82, 81, 80, 79, 78, 77, 76, 75, 74, 73, 72, 71, 70, 69, 68, 67, 66, 65, 64, 63, 62, 61, 60, 59, 58, 57, 56, 55, 54, 53, 52, 51, 50, 49, 48, 47, 46, 45, 44, 43, 42, 41, 40, 39, 38, 37, 36, 35, 34, 33, 32, 31, 30, 29, 28, 27, 26, 25, 24, 23, 22, 21, 20, 19, 18, 17, 16, 15, 14, 13, 12, 11, 10, 9, 8, 7, 6, 5, 4, 3, 2, 1, 0, 

Number of transitions/equivalence classes: 587/587
Number of necessarily bad transitions/classes: 9/9
Generating CNF encoding for 176 alive states, 587 alive-to-solvable and alive-to-dead transitions and 587 transition equivalence classes
A total of 2193 variables were created
	Select(f): 22
	Good(s, a, s'): 587
	Bad(s): 176
	V(s, d): 1408
Posting distinguishability constraints
A total of 324764 clauses were created
	Policy completeness [1]: 0
	Transition separation [5,6]: 311110
	V descending along good transitions [X]: 4599
	V is total function within bounds [X]: 5104
	Goal separation [X]: 3520
	(Weighted) Select(f): 22
Writing final DIMACS file...
CNF [2193 vars, 324764 clauses] generated in 3.47 sec.
Calling: open-wbo_static /home/orbital/ws/research/gpl/code/gpl/workspace/wumpus_1/theory.wsat > /home/orbital/ws/research/gpl/code/gpl/workspace/wumpus_1/maxsat_solver_run.log
Call returned with exit code 7680
Solution with cost 29 found in 0.23sec.

Good(0, 1, 2) Good(1, 2, 3) Good(2, 6, 5) Good(2, 2, 12) Good(3, 0, 37) Good(5, 2, 37) Good(6, 2, 18) Good(7, 0, 16) Good(8, 1, 48) Good(7, 1, 22) 
Good(115, 0, 95) Good(118, 4, 120) Good(173, 0, 188) Good(25, 0, 43) Good(127, 6, 104) Good(169, 1, 200) Good(131, 0, 144) Good(136, 1, 148) Good(78, 0, 67) Good(112, 6, 126) 
Good(100, 6, 86) Good(139, 6, 160) Good(56, 0, 70) Good(71, 0, 63) Good(116, 4, 126) Good(142, 1, 166) Good(40, 6, 3) Good(143, 2, 128) Good(141, 4, 160) Good(51, 4, 12) 
Good(118, 3, 96) Good(171, 1, 195) Good(148, 4, 128) Good(148, 0, 138) Good(122, 2, 142) Good(149, 1, 134) Good(149, 0, 128) Good(150, 6, 166) Good(17, 6, 9) Good(137, 0, 157) 
Good(157, 1, 139) Good(179, 0, 197) Good(116, 3, 95) Good(158, 4, 166) Good(158, 3, 138) Good(10, 1, 37) Good(157, 2, 135) Good(16, 0, 6) Good(106, 4, 88) Good(114, 0, 98) 
Good(163, 0, 142) Good(185, 1, 170) Good(185, 0, 162) Good(156, 1, 138) Good(196, 0, 177) Good(21, 6, 4) Good(181, 4, 200) Good(192, 2, 180) Good(177, 6, 200) Good(196, 4, 167) 
Good(192, 1, 178) Good(182, 4, 201) Good(162, 2, 184) Good(192, 6, 170) Good(45, 2, 28) Good(188, 2, 179) Good(95, 6, 108) Good(194, 0, 168) Good(202, 4, 206) Good(19, 0, 11) 
Good(188, 1, 177) Good(140, 4, 155) Good(130, 1, 143) Good(170, 1, 201) Good(199, 6, 205) Good(109, 2, 91) Good(129, 1, 153) Good(198, 4, 168) Good(191, 1, 179) Good(60, 1, 76) 
Good(202, 3, 177) Good(153, 0, 141) Good(198, 0, 178) Good(12, 6, 37) Good(189, 1, 206) Good(195, 2, 167) Good(176, 1, 189) Good(186, 2, 168) Good(135, 0, 153) Good(45, 7, 25) 
Good(199, 0, 182) Good(173, 6, 195) Good(191, 0, 167) Good(194, 1, 180) Good(180, 0, 199) Good(119, 0, 96) Good(42, 4, 25) Good(153, 6, 183) Good(203, 3, 178) Good(167, 1, 197) 
Good(22, 6, 6) Good(193, 2, 170) Good(137, 6, 145) Good(70, 1, 89) Good(13, 6, 18) Good(68, 4, 23) Good(137, 1, 151) Good(184, 1, 205) Good(80, 0, 101) Good(33, 1, 43) 
Good(114, 6, 120) Good(178, 6, 201) Good(174, 0, 192) Good(2, 4, 10) Good(2, 0, 8) Good(174, 6, 186) Good(12, 1, 50) Good(173, 1, 196) Good(159, 4, 183) Good(171, 0, 187) 
Good(88, 1, 101) Good(17, 4, 4) Good(74, 4, 63) Good(30, 0, 50) Good(168, 6, 184) Good(132, 1, 155) Good(78, 6, 89) Good(167, 6, 189) Good(165, 0, 184) Good(1, 1, 8) 
Good(98, 4, 110) Good(72, 3, 63) Good(52, 6, 64) Good(83, 0, 105) Good(62, 6, 75) Good(113, 1, 91) Good(4, 0, 18) Good(112, 0, 97) Good(109, 1, 95) Good(106, 0, 86) 
Good(20, 3, 11) Good(106, 6, 82) Good(104, 1, 126) Good(85, 1, 108) Good(131, 1, 145) Good(186, 0, 170) Good(136, 6, 143) Good(152, 1, 135) Good(103, 2, 86) Good(128, 1, 150) 
Good(103, 3, 88) Good(174, 1, 198) Good(102, 0, 88) Good(82, 2, 101) Good(0, 0, 1) Good(203, 4, 205) Good(101, 1, 120) Good(128, 6, 142) Good(40, 1, 30) Good(100, 1, 96) 
Good(38, 0, 10) Good(168, 1, 199) Good(42, 6, 28) Good(97, 4, 108) Good(96, 6, 110) Good(18, 1, 34) Good(93, 1, 115) Good(27, 1, 47) Good(164, 0, 189) Good(92, 0, 114) 
Good(197, 6, 206) Good(91, 0, 112) Good(90, 0, 78) Good(87, 1, 104) Good(86, 1, 110) Good(136, 0, 156) Good(84, 1, 106) Good(81, 2, 104) Good(36, 6, 8) Good(77, 4, 89) 
Good(74, 6, 57) Good(93, 0, 109) Good(52, 0, 66) Good(69, 0, 57) Good(43, 1, 64) Good(41, 2, 25) Good(15, 0, 17) Good(67, 4, 75) Good(20, 7, 4) Good(66, 4, 49) 
Good(186, 6, 162) Good(63, 1, 70) Good(15, 1, 24) Good(61, 6, 49) Good(46, 6, 25) Good(58, 0, 69) Good(58, 1, 74) Good(57, 2, 70) Good(39, 2, 8) Good(59, 1, 75) 
Good(151, 0, 139) Good(26, 2, 43) Good(60, 6, 74) Good(117, 4, 64) Good(99, 0, 82) Good(50, 6, 55) Good(47, 0, 28) Good(159, 3, 139) Good(47, 4, 33) Good(9, 1, 23) 
Good(47, 6, 26) Good(45, 3, 33) Good(44, 0, 33) Good(44, 1, 25) Good(156, 2, 134) Good(84, 0, 99) Good(41, 0, 26) Good(41, 1, 28) Good(1, 0, 5) Good(39, 3, 10) 
Good(39, 7, 3) Good(38, 1, 3) Good(37, 1, 55) Good(36, 2, 30) Good(138, 6, 155) Good(36, 4, 3) Good(35, 1, 52) Good(35, 6, 43) Good(28, 1, 49) Good(134, 0, 150) 
Good(32, 0, 42) Good(32, 6, 47) Good(99, 1, 86) Good(27, 0, 41) Good(40, 0, 12) Good(22, 0, 9) Good(22, 4, 11) Good(20, 2, 9) Good(19, 1, 4) Good(127, 1, 112) 
Good(150, 0, 140) Good(16, 1, 9) Good(16, 2, 4) Good(15, 6, 22) Good(14, 0, 36) Good(14, 1, 51) Good(14, 6, 2) Good(197, 0, 181) Good(11, 1, 18) 
Good(0, 1, 2) Good(1, 2, 3) Good(2, 6, 5) Good(2, 2, 12) Good(3, 0, 37) Good(5, 2, 37) Good(6, 2, 18) Good(7, 0, 16) Good(8, 1, 48) Good(7, 1, 22) 
Good(115, 0, 95) Good(118, 4, 120) Good(173, 0, 188) Good(25, 0, 43) Good(127, 6, 104) Good(169, 1, 200) Good(131, 0, 144) Good(136, 1, 148) Good(78, 0, 67) Good(112, 6, 126) 
Good(100, 6, 86) Good(139, 6, 160) Good(56, 0, 70) Good(71, 0, 63) Good(116, 4, 126) Good(142, 1, 166) Good(40, 6, 3) Good(143, 2, 128) Good(141, 4, 160) Good(51, 4, 12) 
Good(118, 3, 96) Good(171, 1, 195) Good(148, 4, 128) Good(148, 0, 138) Good(122, 2, 142) Good(149, 1, 134) Good(149, 0, 128) Good(150, 6, 166) Good(17, 6, 9) Good(137, 0, 157) 
Good(157, 1, 139) Good(179, 0, 197) Good(116, 3, 95) Good(158, 4, 166) Good(158, 3, 138) Good(10, 1, 37) Good(157, 2, 135) Good(16, 0, 6) Good(106, 4, 88) Good(114, 0, 98) 
Good(163, 0, 142) Good(185, 1, 170) Good(185, 0, 162) Good(156, 1, 138) Good(196, 0, 177) Good(21, 6, 4) Good(181, 4, 200) Good(192, 2, 180) Good(177, 6, 200) Good(196, 4, 167) 
Good(192, 1, 178) Good(182, 4, 201) Good(162, 2, 184) Good(192, 6, 170) Good(45, 2, 28) Good(188, 2, 179) Good(95, 6, 108) Good(194, 0, 168) Good(202, 4, 206) Good(19, 0, 11) 
Good(188, 1, 177) Good(140, 4, 155) Good(130, 1, 143) Good(170, 1, 201) Good(199, 6, 205) Good(109, 2, 91) Good(129, 1, 153) Good(198, 4, 168) Good(191, 1, 179) Good(60, 1, 76) 
Good(202, 3, 177) Good(153, 0, 141) Good(198, 0, 178) Good(12, 6, 37) Good(189, 1, 206) Good(195, 2, 167) Good(176, 1, 189) Good(186, 2, 168) Good(135, 0, 153) Good(45, 7, 25) 
Good(199, 0, 182) Good(173, 6, 195) Good(191, 0, 167) Good(194, 1, 180) Good(180, 0, 199) Good(119, 0, 96) Good(42, 4, 25) Good(153, 6, 183) Good(203, 3, 178) Good(167, 1, 197) 
Good(22, 6, 6) Good(193, 2, 170) Good(137, 6, 145) Good(70, 1, 89) Good(13, 6, 18) Good(68, 4, 23) Good(137, 1, 151) Good(184, 1, 205) Good(80, 0, 101) Good(33, 1, 43) 
Good(114, 6, 120) Good(178, 6, 201) Good(174, 0, 192) Good(2, 4, 10) Good(2, 0, 8) Good(174, 6, 186) Good(12, 1, 50) Good(173, 1, 196) Good(159, 4, 183) Good(171, 0, 187) 
Good(88, 1, 101) Good(17, 4, 4) Good(74, 4, 63) Good(30, 0, 50) Good(168, 6, 184) Good(132, 1, 155) Good(78, 6, 89) Good(167, 6, 189) Good(165, 0, 184) Good(1, 1, 8) 
Good(98, 4, 110) Good(72, 3, 63) Good(52, 6, 64) Good(83, 0, 105) Good(62, 6, 75) Good(113, 1, 91) Good(4, 0, 18) Good(112, 0, 97) Good(109, 1, 95) Good(106, 0, 86) 
Good(20, 3, 11) Good(106, 6, 82) Good(104, 1, 126) Good(85, 1, 108) Good(131, 1, 145) Good(186, 0, 170) Good(136, 6, 143) Good(152, 1, 135) Good(103, 2, 86) Good(128, 1, 150) 
Good(103, 3, 88) Good(174, 1, 198) Good(102, 0, 88) Good(82, 2, 101) Good(0, 0, 1) Good(203, 4, 205) Good(101, 1, 120) Good(128, 6, 142) Good(40, 1, 30) Good(100, 1, 96) 
Good(38, 0, 10) Good(168, 1, 199) Good(42, 6, 28) Good(97, 4, 108) Good(96, 6, 110) Good(18, 1, 34) Good(93, 1, 115) Good(27, 1, 47) Good(164, 0, 189) Good(92, 0, 114) 
Good(197, 6, 206) Good(91, 0, 112) Good(90, 0, 78) Good(87, 1, 104) Good(86, 1, 110) Good(136, 0, 156) Good(84, 1, 106) Good(81, 2, 104) Good(36, 6, 8) Good(77, 4, 89) 
Good(74, 6, 57) Good(93, 0, 109) Good(52, 0, 66) Good(69, 0, 57) Good(43, 1, 64) Good(41, 2, 25) Good(15, 0, 17) Good(67, 4, 75) Good(20, 7, 4) Good(66, 4, 49) 
Good(186, 6, 162) Good(63, 1, 70) Good(15, 1, 24) Good(61, 6, 49) Good(46, 6, 25) Good(58, 0, 69) Good(58, 1, 74) Good(57, 2, 70) Good(39, 2, 8) Good(59, 1, 75) 
Good(151, 0, 139) Good(26, 2, 43) Good(60, 6, 74) Good(117, 4, 64) Good(99, 0, 82) Good(50, 6, 55) Good(47, 0, 28) Good(159, 3, 139) Good(47, 4, 33) Good(9, 1, 23) 
Good(47, 6, 26) Good(45, 3, 33) Good(44, 0, 33) Good(44, 1, 25) Good(156, 2, 134) Good(84, 0, 99) Good(41, 0, 26) Good(41, 1, 28) Good(1, 0, 5) Good(39, 3, 10) 
Good(39, 7, 3) Good(38, 1, 3) Good(37, 1, 55) Good(36, 2, 30) Good(138, 6, 155) Good(36, 4, 3) Good(35, 1, 52) Good(35, 6, 43) Good(28, 1, 49) Good(134, 0, 150) 
Good(32, 0, 42) Good(32, 6, 47) Good(99, 1, 86) Good(27, 0, 41) Good(40, 0, 12) Good(22, 0, 9) Good(22, 4, 11) Good(20, 2, 9) Good(19, 1, 4) Good(127, 1, 112) 
Good(150, 0, 140) Good(16, 1, 9) Good(16, 2, 4) Good(15, 6, 22) Good(14, 0, 36) Good(14, 1, 51) Good(14, 6, 2) Good(197, 0, 181) Good(11, 1, 18) Bad(24) Bad(29) Bad(145) Bad(146) Bad(147) Bad(154) Bad(190) Bad(144) Bad(76) Bad(207) Bad(187) Bad(175) Bad(125) Bad(123) Bad(111) Bad(107) Bad(105) Bad(73) 
Num Good(s, a, s') selected: 249 (42.42%)
Num Bad(s) selected: 18 (10.23%)
Num selected features: 4 (18.18%)
Features: 
	0: Atom[next_player-2] [k=1]
	1: Bool[cell-has-gold] [k=1]
	2: Bool[And(cell-has-agent,Exists(adjacent_cell,cell-has-wumpus))] [k=5]
	3: Dist[cell-has-agent;adjacent_cell;cell-has-gold] [k=4]
Solution found in iteration #1 is correct!
DNF transition-classifier saved in /home/orbital/ws/research/gpl/code/gpl/workspace/wumpus_1/classifier.txt
Total times: Theory generation: 3.47, Solver: 0.23, TOTAL: 3.71
------------------------------------------------
(END Episode 0)
------------------------------------------------
================================================================================
END OF STEP #1: Train: Explore the state space of the training instances. 4.66 CPU sec - 53.71 MB
================================================================================
================================================================================
(pid: 188236) STARTING STEP #2: Testing of the D2L policy
================================================================================

POLICY:
Features (#: 4; total k: 11; max k = 5):
  (A) Atom[next_player-2] [k=1]
  (B) Bool[cell-has-gold] [k=1]
  (C) Bool[And(cell-has-agent,Exists(adjacent_cell,cell-has-wumpus))] [k=5]
  (D) Dist[cell-has-agent;adjacent_cell;cell-has-gold] [k=4]
Invariants: B>0,D>0
Policy:
  1. A>0 AND B>0 AND C>0 AND D>0 -> {A ↓, B ·, C ↓, D ·}, {A ↓, B ↓, C ↓, D ↑}, {A ↓, B ·, C ↓, D ↓}
  2. A=0 AND B>0 AND D>0 -> {A ↑, B ·, C ·, D ↓}, {A ↑, B ↓, C ·, D ↑}
  3. A>0 AND B>0 AND C=0 AND D>0 -> {A ↓, B ·, C ·, D ·}, {A ↓, B ·, C ·, D ↓}, {A ↓, B ↓, C ·, D ↑}, {A ↓, B ↓, C ↑, D ↑}
  4. A=0 AND B>0 AND C=0 AND D>0 -> {A ↑, B ↓, C ↑, D ↑}, {A ↑, B ·, C ↑, D ↓}, {A ↑, B ↓, C ·, D ↑}
  5. A=0 AND B>0 AND C>0 AND D>0 -> {A ↑, B ·, C ↓, D ↓}, {A ↑, B ↓, C ↓, D ↑}
  6. A>0 AND B>0 AND D>0 -> {A ↓, B ↓, C ·, D ↑}

2021-06-01 15:57:01 INFO     Testing policy in instance: wumpus - 0
 A  .  .  *  #  .  A  .  *  #  .  .  .  *  #  .  .  .  *  #  .  .  .  *  #  .  .  .  *  # 
 *  .  .  *  #  *  .  .  *  #  *  A  .  *  #  *  A  .  *  #  *  .  A  *  #  *  .  .  *  # 
 .  .  *  g  #  .  .  *  g  #  .  .  *  g  #  .  .  *  g  #  .  .  *  g  #  .  .  *  A  # 
 *  .  .  W  #  *  .  .  W  #  *  .  .  W  #  *  .  W  .  #  *  .  W  .  #  *  .  W  .  # 
1(pl)          1(pl)          2(pl)          1(pl)          1(pl)          2(pl)          
0(nm)          1(nm)          2(nm)          3(nm)          4(nm)          5(nm)          
1(ne)          2(ne)          1(ne)          1(ne)          2(ne)          1(ne)          
0(de)          0(de)          0(de)          0(de)          0(de)          0(de)          
0(go)          0(go)          0(go)          0(go)          0(go)          1(go)          

2021-06-01 15:57:01 INFO     Goal found after expanding 4 nodes
2021-06-01 15:57:01 INFO     The solution was: [2, 1, 2, 6]
2021-06-01 15:57:01 INFO     Testing policy in instance: wumpus - 1
 A  .  .  #  .  A  .  #  .  .  A  #  .  .  A  #  .  .  .  # 
 *  .  g  #  *  .  g  #  *  .  g  #  *  .  g  #  *  .  A  # 
 W  .  *  #  W  .  *  #  W  .  *  #  .  W  *  #  .  W  *  # 
1(pl)       1(pl)       2(pl)       1(pl)       1(pl)       
0(nm)       1(nm)       2(nm)       3(nm)       4(nm)       
1(ne)       2(ne)       1(ne)       1(ne)       2(ne)       
0(de)       0(de)       0(de)       0(de)       0(de)       
0(go)       0(go)       0(go)       0(go)       1(go)       

2021-06-01 15:57:01 INFO     Goal found after expanding 3 nodes
2021-06-01 15:57:01 INFO     The solution was: [2, 2, 1]
2021-06-01 15:57:01 INFO     Testing policy in instance: wumpus - 2
2021-06-01 15:57:01 INFO     WARNING: Policy not complete in state:
# g  .  .  .  .  . #
# .  .  g  A  .  . #
# .  .  *  .  .  . #
# *  .  .  .  .  . #
# W  .  .  .  *  . #
# .  .  .  .  .  . #

2021-06-01 15:57:01 INFO     WARNING: Policy not complete in state:
# g  .  .  .  .  . #
# .  .  g  A  .  . #
# .  .  *  .  .  . #
# *  .  .  .  .  . #
# .  .  .  .  *  . #
# W  .  .  .  .  . #

2021-06-01 15:57:01 INFO     WARNING: Policy not complete in state:
# g  .  .  .  .  . #
# .  .  g  A  .  . #
# .  .  *  .  .  . #
# *  .  .  .  .  . #
# .  .  .  .  *  . #
# .  W  .  .  .  . #

2021-06-01 15:57:01 INFO     WARNING: Policy not complete in state:
# g  .  .  .  .  . #
# .  .  g  A  .  . #
# .  .  *  .  .  . #
# *  .  .  .  .  . #
# .  .  .  .  *  . #
# .  .  W  .  .  . #

2021-06-01 15:57:01 INFO     WARNING: Policy not complete in state:
# g  .  .  .  .  . #
# .  .  g  A  .  . #
# .  .  *  .  .  . #
# *  .  .  .  .  . #
# .  .  .  .  *  . #
# .  .  .  W  .  . #

2021-06-01 15:57:01 INFO     WARNING: Policy not complete in state:
# g  .  .  .  .  . #
# .  .  g  A  .  . #
# .  .  *  .  .  . #
# *  .  .  .  .  . #
# .  .  .  .  *  . #
# .  .  W  .  .  . #

WARNING: not novel transition found
2021-06-01 15:57:01 INFO     WARNING: Policy not complete in state:
# g  .  .  .  .  . #
# .  .  g  A  .  . #
# .  .  *  .  .  . #
# *  .  .  .  .  . #
# .  .  W  .  *  . #
# .  .  .  .  .  . #

2021-06-01 15:57:01 INFO     WARNING: Policy not complete in state:
# g  .  .  .  .  . #
# .  .  g  A  .  . #
# .  .  *  .  .  . #
# *  .  W  .  .  . #
# .  .  .  .  *  . #
# .  .  .  .  .  . #

2021-06-01 15:57:01 INFO     WARNING: Policy not complete in state:
# g  .  .  .  .  . #
# .  .  g  A  .  . #
# .  .  *  .  .  . #
# *  .  .  .  .  . #
# .  .  W  .  *  . #
# .  .  .  .  .  . #

WARNING: not novel transition found
2021-06-01 15:57:01 INFO     WARNING: Policy not complete in state:
# g  .  .  .  .  . #
# .  .  g  A  .  . #
# .  .  *  .  .  . #
# *  .  .  .  .  . #
# .  .  .  .  *  . #
# .  .  W  .  .  . #

2021-06-01 15:57:01 INFO     WARNING: Policy not complete in state:
# g  .  .  A  .  . #
# .  .  g  .  .  . #
# .  .  *  .  .  . #
# *  .  .  .  .  . #
# .  W  .  .  *  . #
# .  .  .  .  .  . #

2021-06-01 15:57:01 INFO     WARNING: Policy not complete in state:
# g  .  .  A  .  . #
# .  .  g  .  .  . #
# .  .  *  .  .  . #
# *  W  .  .  .  . #
# .  .  .  .  *  . #
# .  .  .  .  .  . #

2021-06-01 15:57:01 INFO     WARNING: Policy not complete in state:
# g  .  .  A  .  . #
# .  .  g  .  .  . #
# .  .  *  .  .  . #
# *  .  .  .  .  . #
# .  W  .  .  *  . #
# .  .  .  .  .  . #

WARNING: not novel transition found
2021-06-01 15:57:02 INFO     WARNING: Policy not complete in state:
# g  .  .  .  .  . #
# .  .  g  A  .  . #
# .  .  *  .  .  . #
# *  .  .  .  .  . #
# .  W  .  .  *  . #
# .  .  .  .  .  . #

2021-06-01 15:57:02 INFO     WARNING: Policy not complete in state:
# g  .  A  .  .  . #
# .  .  g  .  .  . #
# .  .  *  .  .  . #
# *  .  .  .  .  . #
# .  .  W  .  *  . #
# .  .  .  .  .  . #

 g  .  .  .  .  .  #  g  .  .  .  .  .  #  g  .  .  .  .  .  #  g  .  .  .  .  .  #  g  .  .  .  .  .  #  g  .  .  .  .  .  #  g  .  .  .  .  .  #  g  .  .  A  .  .  #  g  .  .  .  .  .  #  g  .  .  .  .  .  #  g  .  .  A  .  .  #  g  .  .  .  .  .  #  g  .  .  .  .  .  #  g  .  .  A  .  .  #  g  .  .  .  .  .  #  g  .  .  .  .  .  #  g  .  .  A  .  .  #  g  .  .  .  .  .  #  g  .  .  .  .  .  #  g  .  .  A  .  .  #  g  .  .  .  .  .  #  g  .  .  .  .  .  #  g  .  .  .  .  .  #  g  .  .  .  .  .  #  g  .  .  .  .  .  #  g  .  .  A  .  .  #  g  .  .  .  .  .  #  g  .  .  .  .  .  #  g  .  .  A  .  .  #  g  .  .  .  .  .  # 
 .  .  g  .  .  .  #  .  .  g  .  .  .  #  .  .  g  .  .  .  #  .  .  g  .  .  .  #  .  .  g  .  .  .  #  .  .  g  A  .  .  #  .  .  g  A  .  .  #  .  .  g  .  .  .  #  .  .  g  A  .  .  #  .  .  g  A  .  .  #  .  .  g  .  .  .  #  .  .  g  A  .  .  #  .  .  g  A  .  .  #  .  .  g  .  .  .  #  .  .  g  A  .  .  #  .  .  g  A  .  .  #  .  .  g  .  .  .  #  .  .  g  A  .  .  #  .  .  g  A  .  .  #  .  .  g  .  .  .  #  .  .  g  A  .  .  #  .  .  g  A  .  .  #  .  .  g  .  .  .  #  .  .  g  A  .  .  #  .  .  g  A  .  .  #  .  .  g  .  .  .  #  .  .  g  A  .  .  #  .  .  g  A  .  .  #  .  .  g  .  .  .  #  .  .  g  A  .  .  # 
 .  .  *  .  .  .  #  .  .  *  .  .  .  #  .  .  *  .  A  .  #  .  .  *  .  A  .  #  .  .  *  A  .  .  #  .  .  *  .  .  .  #  .  .  *  .  .  .  #  .  .  *  .  .  .  #  .  .  *  .  .  .  #  .  .  *  .  .  .  #  .  .  *  .  .  .  #  .  .  *  .  .  .  #  .  .  *  .  .  .  #  .  .  *  .  .  .  #  .  .  *  .  .  .  #  .  .  *  .  .  .  #  .  .  *  .  .  .  #  .  .  *  .  .  .  #  .  .  *  .  .  .  #  .  .  *  .  .  .  #  .  .  *  .  .  .  #  .  .  *  .  .  .  #  .  .  *  A  .  .  #  .  .  *  .  .  .  #  .  .  *  .  .  .  #  .  .  *  .  .  .  #  .  .  *  .  .  .  #  .  .  *  .  .  .  #  .  .  *  .  .  .  #  .  .  *  .  .  .  # 
 *  .  .  .  .  .  #  *  .  .  .  A  .  #  *  .  .  .  .  .  #  *  .  .  .  .  .  #  *  .  .  .  .  .  #  *  .  .  .  .  .  #  *  .  .  .  .  .  #  *  .  .  .  .  .  #  *  .  .  .  .  .  #  *  .  .  .  .  .  #  *  .  .  .  .  .  #  *  .  .  .  .  .  #  *  .  .  .  .  .  #  *  .  .  .  .  .  #  *  .  .  .  .  .  #  *  .  .  .  .  .  #  *  .  .  .  .  .  #  *  .  .  .  .  .  #  *  .  .  .  .  .  #  *  .  .  .  .  .  #  *  .  .  .  .  .  #  *  .  .  .  .  .  #  *  .  .  .  .  .  #  *  .  .  .  .  .  #  *  .  .  .  .  .  #  *  .  .  .  .  .  #  *  .  .  .  .  .  #  *  .  W  .  .  .  #  *  .  W  .  .  .  #  *  .  W  .  .  .  # 
 W  .  .  .  *  A  #  W  .  .  .  *  .  #  W  .  .  .  *  .  #  .  W  .  .  *  .  #  .  W  .  .  *  .  #  .  W  .  .  *  .  #  W  .  .  .  *  .  #  W  .  .  .  *  .  #  W  .  .  .  *  .  #  .  .  .  .  *  .  #  .  .  .  .  *  .  #  .  .  .  .  *  .  #  .  .  .  .  *  .  #  .  .  .  .  *  .  #  .  .  .  .  *  .  #  .  .  .  .  *  .  #  .  .  .  .  *  .  #  .  .  .  .  *  .  #  .  .  .  .  *  .  #  .  .  .  .  *  .  #  .  .  .  .  *  .  #  .  .  .  .  *  .  #  .  .  .  .  *  .  #  .  .  .  .  *  .  #  .  .  W  .  *  .  #  .  .  W  .  *  .  #  .  .  W  .  *  .  #  .  .  .  .  *  .  #  .  .  .  .  *  .  #  .  .  .  .  *  .  # 
 .  .  .  .  .  .  #  .  .  .  .  .  .  #  .  .  .  .  .  .  #  .  .  .  .  .  .  #  .  .  .  .  .  .  #  .  .  .  .  .  .  #  .  .  .  .  .  .  #  .  .  .  .  .  .  #  .  .  .  .  .  .  #  W  .  .  .  .  .  #  W  .  .  .  .  .  #  W  .  .  .  .  .  #  .  W  .  .  .  .  #  .  W  .  .  .  .  #  .  W  .  .  .  .  #  .  .  W  .  .  .  #  .  .  W  .  .  .  #  .  .  W  .  .  .  #  .  .  .  W  .  .  #  .  .  .  W  .  .  #  .  .  .  W  .  .  #  .  .  W  .  .  .  #  .  .  W  .  .  .  #  .  .  W  .  .  .  #  .  .  .  .  .  .  #  .  .  .  .  .  .  #  .  .  .  .  .  .  #  .  .  .  .  .  .  #  .  .  .  .  .  .  #  .  .  .  .  .  .  # 
1(pl)                1(pl)                2(pl)                1(pl)                1(pl)                2(pl)                1(pl)                1(pl)                2(pl)                1(pl)                1(pl)                2(pl)                1(pl)                1(pl)                2(pl)                1(pl)                1(pl)                2(pl)                1(pl)                1(pl)                2(pl)                1(pl)                1(pl)                2(pl)                1(pl)                1(pl)                2(pl)                1(pl)                1(pl)                2(pl)                
0(nm)                1(nm)                2(nm)                3(nm)                4(nm)                5(nm)                6(nm)                7(nm)                8(nm)                9(nm)                10(nm)               11(nm)               12(nm)               13(nm)               14(nm)               15(nm)               16(nm)               17(nm)               18(nm)               19(nm)               20(nm)               21(nm)               22(nm)               23(nm)               24(nm)               25(nm)               26(nm)               27(nm)               28(nm)               29(nm)               
1(ne)                2(ne)                1(ne)                1(ne)                2(ne)                1(ne)                1(ne)                2(ne)                1(ne)                1(ne)                2(ne)                1(ne)                1(ne)                2(ne)                1(ne)                1(ne)                2(ne)                1(ne)                1(ne)                2(ne)                1(ne)                1(ne)                2(ne)                1(ne)                1(ne)                2(ne)                1(ne)                1(ne)                2(ne)                1(ne)                
0(de)                0(de)                0(de)                0(de)                0(de)                0(de)                0(de)                0(de)                0(de)                0(de)                0(de)                0(de)                0(de)                0(de)                0(de)                0(de)                0(de)                0(de)                0(de)                0(de)                0(de)                0(de)                0(de)                0(de)                0(de)                0(de)                0(de)                0(de)                0(de)                0(de)                
0(go)                0(go)                0(go)                0(go)                0(go)                0(go)                0(go)                0(go)                0(go)                0(go)                0(go)                0(go)                0(go)                0(go)                0(go)                0(go)                0(go)                0(go)                0(go)                0(go)                0(go)                0(go)                0(go)                0(go)                0(go)                0(go)                0(go)                0(go)                0(go)                0(go)                

 g  .  .  .  .  .  #  g  .  .  .  .  .  #  g  .  .  .  .  .  #  g  .  .  .  .  .  #  g  .  .  .  .  .  #  g  .  .  .  A  .  #  g  .  .  .  A  .  #  g  .  .  .  .  .  #  g  .  .  A  .  .  #  g  .  .  A  .  .  #  g  .  .  .  .  .  #  g  .  .  A  .  .  #  g  .  .  A  .  .  #  g  .  .  .  .  .  #  g  .  .  A  .  .  #  g  .  .  A  .  .  #  g  .  .  .  A  .  #  g  .  .  .  .  .  #  g  .  .  .  .  .  #  g  .  .  .  .  .  #  g  .  .  .  .  .  #  g  .  .  .  .  .  #  g  .  .  A  .  .  #  g  .  A  .  .  .  #  g  .  A  .  .  .  #  g  .  .  .  .  .  #  g  .  A  .  .  .  #  g  .  A  .  .  .  #  g  A  .  .  .  .  #  g  .  .  .  .  .  # 
 .  .  g  A  .  .  #  .  .  g  .  .  .  #  .  .  g  A  .  .  #  .  .  g  A  .  .  #  .  .  g  .  A  .  #  .  .  g  .  .  .  #  .  .  g  .  .  .  #  .  .  g  A  .  .  #  .  .  g  .  .  .  #  .  .  g  .  .  .  #  .  .  g  A  .  .  #  .  .  g  .  .  .  #  .  .  g  .  .  .  #  .  .  g  A  .  .  #  .  .  g  .  .  .  #  .  .  g  .  .  .  #  .  .  g  .  .  .  #  .  .  g  .  A  .  #  .  .  g  .  A  .  #  .  .  g  .  .  .  #  .  .  g  A  .  .  #  .  .  g  A  .  .  #  .  .  g  .  .  .  #  .  .  g  .  .  .  #  .  .  g  .  .  .  #  .  .  A  .  .  .  #  .  .  .  .  .  .  #  .  .  .  .  .  .  #  .  .  .  .  .  .  #  .  A  .  .  .  .  # 
 .  .  *  .  .  .  #  .  .  *  A  .  .  #  .  .  *  .  .  .  #  .  .  *  .  .  .  #  .  .  *  .  .  .  #  .  .  *  .  .  .  #  .  .  *  .  .  .  #  .  .  *  .  .  .  #  .  .  *  .  .  .  #  .  .  *  .  .  .  #  .  .  *  .  .  .  #  .  .  *  .  .  .  #  .  .  *  .  .  .  #  .  .  *  .  .  .  #  .  .  *  .  .  .  #  .  .  *  .  .  .  #  .  .  *  .  .  .  #  .  .  *  .  .  .  #  .  .  *  .  .  .  #  .  .  *  A  .  .  #  .  .  *  .  .  .  #  .  .  *  .  .  .  #  .  .  *  .  .  .  #  .  .  *  .  .  .  #  .  .  *  .  .  .  #  .  .  *  .  .  .  #  .  .  *  .  .  .  #  .  .  *  .  .  .  #  .  .  *  .  .  .  #  .  .  *  .  .  .  # 
 *  .  .  .  .  .  #  *  .  .  .  .  .  #  *  .  .  .  .  .  #  *  .  .  .  .  .  #  *  .  .  .  .  .  #  *  .  .  .  .  .  #  *  .  .  .  .  .  #  *  .  .  .  .  .  #  *  .  .  .  .  .  #  *  .  .  .  .  .  #  *  .  .  .  .  .  #  *  .  .  .  .  .  #  *  W  .  .  .  .  #  *  W  .  .  .  .  #  *  W  .  .  .  .  #  *  .  .  .  .  .  #  *  .  .  .  .  .  #  *  .  .  .  .  .  #  *  .  .  .  .  .  #  *  .  .  .  .  .  #  *  .  .  .  .  .  #  *  .  .  .  .  .  #  *  .  .  .  .  .  #  *  .  .  .  .  .  #  *  .  .  .  .  .  #  *  .  .  .  .  .  #  *  .  .  .  .  .  #  *  .  .  .  .  .  #  *  .  .  .  .  .  #  *  .  .  .  .  .  # 
 .  .  W  .  *  .  #  .  .  W  .  *  .  #  .  .  W  .  *  .  #  .  .  .  .  *  .  #  .  .  .  .  *  .  #  .  .  .  .  *  .  #  .  .  .  .  *  .  #  .  .  .  .  *  .  #  .  .  .  .  *  .  #  .  W  .  .  *  .  #  .  W  .  .  *  .  #  .  W  .  .  *  .  #  .  .  .  .  *  .  #  .  .  .  .  *  .  #  .  .  .  .  *  .  #  .  W  .  .  *  .  #  .  W  .  .  *  .  #  .  W  .  .  *  .  #  .  .  .  .  *  .  #  .  .  .  .  *  .  #  .  .  .  .  *  .  #  .  W  .  .  *  .  #  .  W  .  .  *  .  #  .  W  .  .  *  .  #  .  .  W  .  *  .  #  .  .  W  .  *  .  #  .  .  W  .  *  .  #  .  .  .  W  *  .  #  .  .  .  W  *  .  #  .  .  .  W  *  .  # 
 .  .  .  .  .  .  #  .  .  .  .  .  .  #  .  .  .  .  .  .  #  .  .  W  .  .  .  #  .  .  W  .  .  .  #  .  .  W  .  .  .  #  .  W  .  .  .  .  #  .  W  .  .  .  .  #  .  W  .  .  .  .  #  .  .  .  .  .  .  #  .  .  .  .  .  .  #  .  .  .  .  .  .  #  .  .  .  .  .  .  #  .  .  .  .  .  .  #  .  .  .  .  .  .  #  .  .  .  .  .  .  #  .  .  .  .  .  .  #  .  .  .  .  .  .  #  .  W  .  .  .  .  #  .  W  .  .  .  .  #  .  W  .  .  .  .  #  .  .  .  .  .  .  #  .  .  .  .  .  .  #  .  .  .  .  .  .  #  .  .  .  .  .  .  #  .  .  .  .  .  .  #  .  .  .  .  .  .  #  .  .  .  .  .  .  #  .  .  .  .  .  .  #  .  .  .  .  .  .  # 
1(pl)                1(pl)                2(pl)                1(pl)                1(pl)                2(pl)                1(pl)                1(pl)                2(pl)                1(pl)                1(pl)                2(pl)                1(pl)                1(pl)                2(pl)                1(pl)                1(pl)                2(pl)                1(pl)                1(pl)                2(pl)                1(pl)                1(pl)                2(pl)                1(pl)                1(pl)                2(pl)                1(pl)                1(pl)                2(pl)                
30(nm)               31(nm)               32(nm)               33(nm)               34(nm)               35(nm)               36(nm)               37(nm)               38(nm)               39(nm)               40(nm)               41(nm)               42(nm)               43(nm)               44(nm)               45(nm)               46(nm)               47(nm)               48(nm)               49(nm)               50(nm)               51(nm)               52(nm)               53(nm)               54(nm)               55(nm)               56(nm)               57(nm)               58(nm)               59(nm)               
1(ne)                2(ne)                1(ne)                1(ne)                2(ne)                1(ne)                1(ne)                2(ne)                1(ne)                1(ne)                2(ne)                1(ne)                1(ne)                2(ne)                1(ne)                1(ne)                2(ne)                1(ne)                1(ne)                2(ne)                1(ne)                1(ne)                2(ne)                1(ne)                1(ne)                2(ne)                1(ne)                1(ne)                2(ne)                1(ne)                
0(de)                0(de)                0(de)                0(de)                0(de)                0(de)                0(de)                0(de)                0(de)                0(de)                0(de)                0(de)                0(de)                0(de)                0(de)                0(de)                0(de)                0(de)                0(de)                0(de)                0(de)                0(de)                0(de)                0(de)                0(de)                0(de)                0(de)                0(de)                0(de)                0(de)                
0(go)                0(go)                0(go)                0(go)                0(go)                0(go)                0(go)                0(go)                0(go)                0(go)                0(go)                0(go)                0(go)                0(go)                0(go)                0(go)                0(go)                0(go)                0(go)                0(go)                0(go)                0(go)                0(go)                0(go)                0(go)                0(go)                0(go)                0(go)                0(go)                0(go)                

 g  .  .  .  .  .  #  A  .  .  .  .  .  # 
 .  A  .  .  .  .  #  .  .  .  .  .  .  # 
 .  .  *  .  .  .  #  .  .  *  .  .  .  # 
 *  .  .  W  .  .  #  *  .  .  W  .  .  # 
 .  .  .  .  *  .  #  .  .  .  .  *  .  # 
 .  .  .  .  .  .  #  .  .  .  .  .  .  # 
1(pl)                1(pl)                
60(nm)               61(nm)               
1(ne)                2(ne)                
0(de)                0(de)                
0(go)                1(go)                

2021-06-01 15:57:02 INFO     Goal found after expanding 41 nodes
2021-06-01 15:57:02 INFO     The solution was: [4, 0, 3, 0, 0, 1, 0, 1, 0, 1, 0, 1, 0, 1, 1, 0, 0, 1, 0, 1, 1, 0, 2, 0, 7, 0, 1, 0, 1, 0, 2, 1, 7, 0, 0, 3, 1, 0, 3, 1, 4]
2021-06-01 15:57:02 INFO     Testing policy in instance: wumpus - 4
 .  *  .  .  .  #  .  *  .  .  .  #  .  *  .  .  .  #  .  *  .  .  .  #  .  *  .  .  .  # 
 .  A  .  .  .  #  .  .  .  .  .  #  .  .  .  .  .  #  .  .  .  .  .  #  .  .  .  .  .  # 
 .  .  .  .  .  #  .  A  .  .  .  #  .  .  .  .  .  #  .  .  .  .  .  #  .  .  .  .  .  # 
 .  .  .  .  .  #  .  .  .  .  .  #  .  A  .  .  .  #  .  A  .  .  W  #  .  .  .  .  W  # 
 g  .  .  .  W  #  g  .  .  .  W  #  g  .  .  .  W  #  g  .  .  .  .  #  A  .  .  .  .  # 
1(pl)             1(pl)             2(pl)             1(pl)             1(pl)             
0(nm)             1(nm)             2(nm)             3(nm)             4(nm)             
1(ne)             2(ne)             1(ne)             1(ne)             2(ne)             
0(de)             0(de)             0(de)             0(de)             0(de)             
0(go)             0(go)             0(go)             0(go)             1(go)             

2021-06-01 15:57:02 INFO     Goal found after expanding 3 nodes
2021-06-01 15:57:02 INFO     The solution was: [1, 1, 7]
2021-06-01 15:57:02 INFO     Testing policy in instance: wumpus - 5
 A  .  .  .  #  .  .  .  .  #  .  .  .  .  #  .  .  .  .  #  .  .  .  .  # 
 .  .  .  .  #  A  .  .  .  #  .  .  .  .  #  .  .  .  .  #  .  .  .  .  # 
 .  .  .  .  #  .  .  .  .  #  A  .  .  .  #  A  .  .  W  #  .  .  .  W  # 
 g  .  .  W  #  g  .  .  W  #  g  .  .  W  #  g  .  .  .  #  A  .  .  .  # 
1(pl)          1(pl)          2(pl)          1(pl)          1(pl)          
0(nm)          1(nm)          2(nm)          3(nm)          4(nm)          
1(ne)          2(ne)          1(ne)          1(ne)          2(ne)          
0(de)          0(de)          0(de)          0(de)          0(de)          
0(go)          0(go)          0(go)          0(go)          1(go)          

2021-06-01 15:57:02 INFO     Goal found after expanding 3 nodes
2021-06-01 15:57:02 INFO     The solution was: [1, 1, 1]
2021-06-01 15:57:02 INFO     Testing policy in instance: wumpus - 6
 W  .  .  #  W  .  .  #  W  .  .  #  .  .  .  #  .  .  .  # 
 .  .  g  #  .  .  g  #  .  .  g  #  W  .  g  #  W  .  A  # 
 A  .  .  #  .  A  .  #  .  .  A  #  .  .  A  #  .  .  .  # 
1(pl)       1(pl)       2(pl)       1(pl)       1(pl)       
0(nm)       1(nm)       2(nm)       3(nm)       4(nm)       
1(ne)       2(ne)       1(ne)       1(ne)       2(ne)       
0(de)       0(de)       0(de)       0(de)       0(de)       
0(go)       0(go)       0(go)       0(go)       1(go)       

2021-06-01 15:57:02 INFO     Goal found after expanding 3 nodes
2021-06-01 15:57:02 INFO     The solution was: [2, 2, 0]
2021-06-01 15:57:02 INFO     Testing policy in instance: wumpus - 7
 A  .  .  .  *  #  .  A  .  .  *  #  .  .  .  .  *  #  .  .  .  .  *  #  .  .  .  .  *  #  .  .  A  .  *  #  .  .  A  .  *  #  .  .  .  .  *  #  .  .  .  .  *  #  .  .  .  .  *  #  .  .  .  .  *  # 
 .  .  .  .  .  #  .  .  .  .  .  #  .  A  .  .  .  #  .  A  .  .  .  #  .  .  A  .  .  #  .  .  .  .  .  #  .  .  .  .  .  #  .  .  .  A  .  #  .  .  .  .  .  #  .  .  .  .  .  #  .  .  .  .  .  # 
 *  *  *  .  g  #  *  *  *  .  g  #  *  *  *  .  g  #  *  *  *  .  g  #  *  *  *  .  g  #  *  *  *  .  g  #  *  *  *  .  g  #  *  *  *  .  g  #  *  *  *  A  g  #  *  *  *  A  g  #  *  *  *  .  A  # 
 .  .  .  .  .  #  .  .  .  .  .  #  .  .  .  .  .  #  .  .  .  .  .  #  .  .  .  .  .  #  .  .  .  .  .  #  .  .  .  .  .  #  .  .  .  .  .  #  .  .  .  .  .  #  .  .  .  .  .  #  .  .  .  .  .  # 
 .  W  .  .  .  #  .  W  .  .  .  #  .  W  .  .  .  #  W  .  .  .  .  #  W  .  .  .  .  #  W  .  .  .  .  #  .  W  .  .  .  #  .  W  .  .  .  #  .  W  .  .  .  #  W  .  .  .  .  #  W  .  .  .  .  # 
1(pl)             1(pl)             2(pl)             1(pl)             1(pl)             2(pl)             1(pl)             1(pl)             2(pl)             1(pl)             1(pl)             
0(nm)             1(nm)             2(nm)             3(nm)             4(nm)             5(nm)             6(nm)             7(nm)             8(nm)             9(nm)             10(nm)            
1(ne)             2(ne)             1(ne)             1(ne)             2(ne)             1(ne)             1(ne)             2(ne)             1(ne)             1(ne)             2(ne)             
0(de)             0(de)             0(de)             0(de)             0(de)             0(de)             0(de)             0(de)             0(de)             0(de)             0(de)             
0(go)             0(go)             0(go)             0(go)             0(go)             0(go)             0(go)             0(go)             0(go)             0(go)             1(go)             

2021-06-01 15:57:02 INFO     Goal found after expanding 7 nodes
2021-06-01 15:57:02 INFO     The solution was: [2, 1, 2, 0, 6, 1, 2]
2021-06-01 15:57:02 INFO     Testing policy in instance: wumpus - 8
 .  g  .  .  #  .  g  .  .  #  .  g  A  .  #  .  g  A  .  #  .  A  .  .  # 
 .  .  .  .  #  .  .  A  .  #  .  .  .  .  #  .  .  .  .  #  .  .  .  .  # 
 .  *  .  A  #  .  *  .  .  #  .  *  .  .  #  .  *  .  .  #  .  *  .  .  # 
 W  .  .  .  #  W  .  .  .  #  W  .  .  .  #  .  W  .  .  #  .  W  .  .  # 
1(pl)          1(pl)          2(pl)          1(pl)          1(pl)          
0(nm)          1(nm)          2(nm)          3(nm)          4(nm)          
1(ne)          2(ne)          1(ne)          1(ne)          2(ne)          
0(de)          0(de)          0(de)          0(de)          0(de)          
0(go)          0(go)          0(go)          0(go)          1(go)          

2021-06-01 15:57:02 INFO     Goal found after expanding 3 nodes
2021-06-01 15:57:02 INFO     The solution was: [4, 0, 3]
2021-06-01 15:57:02 INFO     Testing policy in instance: wumpus - 9
2021-06-01 15:57:02 INFO     WARNING: Policy not complete in state:
# .  g  A #
# .  *  . #
# .  *  . #
# W  .  g #

2021-06-01 15:57:02 INFO     WARNING: Policy not complete in state:
# .  g  A #
# .  *  . #
# .  *  . #
# .  W  g #

2021-06-01 15:57:02 INFO     WARNING: Policy not complete in state:
# .  g  A #
# .  *  . #
# .  *  . #
# W  .  g #

2021-06-01 15:57:02 INFO     WARNING: Policy not complete in state:
# .  .  . #
# .  *  A #
# .  *  . #
# .  W  g #

 .  g  A  #  .  g  .  #  .  g  A  #  .  g  A  #  .  g  .  #  .  g  A  #  .  g  A  #  .  A  .  #  .  .  A  #  .  .  A  #  .  .  .  #  .  .  A  #  .  .  A  #  .  .  .  #  .  .  .  #  .  .  .  #  .  .  .  # 
 .  *  .  #  .  *  A  #  .  *  .  #  .  *  .  #  .  *  A  #  .  *  .  #  .  *  .  #  .  *  .  #  .  *  .  #  .  *  .  #  .  *  A  #  .  *  .  #  .  *  .  #  .  *  A  #  .  *  .  #  .  *  .  #  .  *  .  # 
 .  *  .  #  .  *  .  #  .  *  .  #  .  *  .  #  .  *  .  #  .  *  .  #  .  *  .  #  .  *  .  #  .  *  .  #  .  *  .  #  .  *  .  #  .  *  .  #  .  *  .  #  .  *  .  #  .  *  A  #  W  *  A  #  W  *  .  # 
 W  .  g  #  W  .  g  #  W  .  g  #  .  W  g  #  .  W  g  #  .  W  g  #  W  .  g  #  W  .  g  #  W  .  g  #  .  W  g  #  .  W  g  #  .  W  g  #  W  .  g  #  W  .  g  #  W  .  g  #  .  .  g  #  .  .  A  # 
1(pl)       1(pl)       2(pl)       1(pl)       1(pl)       2(pl)       1(pl)       1(pl)       2(pl)       1(pl)       1(pl)       2(pl)       1(pl)       1(pl)       2(pl)       1(pl)       1(pl)       
0(nm)       1(nm)       2(nm)       3(nm)       4(nm)       5(nm)       6(nm)       7(nm)       8(nm)       9(nm)       10(nm)      11(nm)      12(nm)      13(nm)      14(nm)      15(nm)      16(nm)      
1(ne)       2(ne)       1(ne)       1(ne)       2(ne)       1(ne)       1(ne)       2(ne)       1(ne)       1(ne)       2(ne)       1(ne)       1(ne)       2(ne)       1(ne)       1(ne)       2(ne)       
0(de)       0(de)       0(de)       0(de)       0(de)       0(de)       0(de)       0(de)       0(de)       0(de)       0(de)       0(de)       0(de)       0(de)       0(de)       0(de)       0(de)       
0(go)       0(go)       0(go)       0(go)       0(go)       0(go)       0(go)       0(go)       0(go)       0(go)       0(go)       0(go)       0(go)       0(go)       0(go)       0(go)       1(go)       

2021-06-01 15:57:02 INFO     Goal found after expanding 11 nodes
2021-06-01 15:57:02 INFO     The solution was: [1, 0, 1, 0, 3, 2, 1, 0, 1, 1, 1]
2021-06-01 15:57:02 INFO     Learnt policy solves the 100.0% of test instances: 9/9
2021-06-01 15:57:02 INFO     Solved instances: [0, 1, 2, 4, 5, 6, 7, 8, 9]
2021-06-01 15:57:02 INFO     Unsolved instances: []
================================================================================
END OF STEP #2: Testing of the D2L policy. 1.36 CPU sec - 53.71 MB
================================================================================
